Magma V2.26-3     Mon May 17 2021 19:19:05 on weil     [Seed = 3962467635]
Type ? for help.  Type <Ctrl>-D to quit.

Loading file "121.6655.511.1new.txt"
Loading "gl2data.m"
Starting with N = 360360 and #permissiblek = 360360.
After p = 41, cut the number of k's from 360360 to 308880.
After p = 43, cut the number of k's from 308880 to 238680.
After p = 83, cut the number of k's from 238680 to 202020.
After p = 109, cut the number of k's from 202020 to 148434.
After p = 131, cut the number of k's from 148434 to 125268.
After p = 139, cut the number of k's from 125268 to 94380.
After p = 167, cut the number of k's from 94380 to 85956.
After p = 197, cut the number of k's from 85956 to 62010.
After p = 233, cut the number of k's from 62010 to 41548.
Starting with N = 720720 and #permissiblek = 83096.
After p = 79, cut the number of k's from 83096 to 62894.
After p = 127, cut the number of k's from 62894 to 57976.
After p = 239, cut the number of k's from 57976 to 42534.
Starting with N = 12252240 and #permissiblek = 723078.
After p = 101, cut the number of k's from 723078 to 633372.
After p = 271, cut the number of k's from 633372 to 474416.
After p = 373, cut the number of k's from 474416 to 300648.
After p = 1019, cut the number of k's from 300648 to 204646.
After p = 1223, cut the number of k's from 204646 to 129937.
After p = 1427, cut the number of k's from 129937 to 80044.
After p = 2141, cut the number of k's from 80044 to 44414.
Starting with N = 232792560 and #permissiblek = 843866.
After p = 151, cut the number of k's from 843866 to 623942.
After p = 227, cut the number of k's from 623942 to 484006.
After p = 569, cut the number of k's from 484006 to 291947.
After p = 607, cut the number of k's from 291947 to 243883.
After p = 1063, cut the number of k's from 243883 to 162095.
After p = 1481, cut the number of k's from 162095 to 100034.
After p = 1823, cut the number of k's from 100034 to 51973.
After p = 2089, cut the number of k's from 51973 to 49341.
Starting with N = 5354228880 and #permissiblek = 1134843.
After p = 827, cut the number of k's from 1134843 to 588535.
After p = 919, cut the number of k's from 588535 to 354116.
After p = 1471, cut the number of k's from 354116 to 346757.
After p = 1931, cut the number of k's from 346757 to 214395.
After p = 2207, cut the number of k's from 214395 to 147936.
After p = 3541, cut the number of k's from 147936 to 76636.
After p = 3863, cut the number of k's from 76636 to 49528.
Starting with N = 26771144400 and #permissiblek = 247640.
After p = 149, cut the number of k's from 247640 to 168881.
After p = 1399, cut the number of k's from 168881 to 133349.
After p = 1949, cut the number of k's from 133349 to 74526.
After p = 1999, cut the number of k's from 74526 to 74438.
After p = 2549, cut the number of k's from 74438 to 44088.
Starting with N = 80313433200 and #permissiblek = 132264.
After p = 107, cut the number of k's from 132264 to 115985.
After p = 593, cut the number of k's from 115985 to 91088.
After p = 701, cut the number of k's from 91088 to 54297.
After p = 809, cut the number of k's from 54297 to 50474.
After p = 1187, cut the number of k's from 50474 to 29497.
Starting with N = 2329089562800 and #permissiblek = 855413.
After p = 173, cut the number of k's from 855413 to 591806.
After p = 347, cut the number of k's from 591806 to 409715.
After p = 811, cut the number of k's from 409715 to 242154.
After p = 1217, cut the number of k's from 242154 to 124858.
After p = 1913, cut the number of k's from 124858 to 72214.
After p = 2087, cut the number of k's from 72214 to 45926.
Starting with N = 72201776446800 and #permissiblek = 1423706.
After p = 61, cut the number of k's from 1423706 to 1331854.
After p = 557, cut the number of k's from 1331854 to 798976.
After p = 743, cut the number of k's from 798976 to 479065.
After p = 1487, cut the number of k's from 479065 to 316821.
After p = 2417, cut the number of k's from 316821 to 192550.
After p = 2789, cut the number of k's from 192550 to 129564.
After p = 2851, cut the number of k's from 129564 to 78704.
After p = 3533, cut the number of k's from 78704 to 38682.
Starting with N = 144403552893600 and #permissiblek = 77364.
After p = 607, cut the number of k's from 77364 to 55637.
After p = 1151, cut the number of k's from 55637 to 55325.
After p = 1471, cut the number of k's from 55325 to 47105.
Starting with N = 5342931457063200 and #permissiblek = 1742885.
After p = 73, cut the number of k's from 1742885 to 1130520.
After p = 739, cut the number of k's from 1130520 to 671723.
After p = 887, cut the number of k's from 671723 to 456754.
After p = 1553, cut the number of k's from 456754 to 249435.
After p = 1627, cut the number of k's from 249435 to 182371.
After p = 1997, cut the number of k's from 182371 to 109366.
After p = 2441, cut the number of k's from 109366 to 70234.
After p = 3329, cut the number of k's from 70234 to 38096.
Starting with N = 219060189739591200 and #permissiblek = 1561936.
After p = 409, cut the number of k's from 1561936 to 823700.
After p = 491, cut the number of k's from 823700 to 627633.
After p = 1229, cut the number of k's from 627633 to 422283.
After p = 2213, cut the number of k's from 422283 to 264713.
After p = 2459, cut the number of k's from 264713 to 161490.
After p = 3607, cut the number of k's from 161490 to 81704.
After p = 4099, cut the number of k's from 81704 to 56607.
After p = 4919, cut the number of k's from 56607 to 35881.
Starting with N = 9419588158802421600 and #permissiblek = 1542883.
After p = 601, cut the number of k's from 1542883 to 972160.
After p = 1031, cut the number of k's from 972160 to 647327.
After p = 1117, cut the number of k's from 647327 to 366370.
After p = 1289, cut the number of k's from 366370 to 231723.
After p = 2063, cut the number of k's from 231723 to 148951.
After p = 2837, cut the number of k's from 148951 to 76382.
After p = 3181, cut the number of k's from 76382 to 44026.
Starting with N = 442720643463713815200 and #permissiblek = 2069222.
After p = 281, cut the number of k's from 2069222 to 1578548.
After p = 563, cut the number of k's from 1578548 to 1195327.
After p = 1033, cut the number of k's from 1195327 to 641779.
After p = 1597, cut the number of k's from 641779 to 278143.
After p = 3571, cut the number of k's from 278143 to 164950.
After p = 5639, cut the number of k's from 164950 to 100482.
After p = 5827, cut the number of k's from 100482 to 60306.
After p = 6203, cut the number of k's from 60306 to 30608.
Starting with N = 3099044504245996706400 and #permissiblek = 214256.
After p = 293, cut the number of k's from 214256 to 142910.
After p = 1861, cut the number of k's from 142910 to 85294.
After p = 2351, cut the number of k's from 85294 to 62400.
After p = 2939, cut the number of k's from 62400 to 46947.
Starting with N = 164249358725037825439200 and #permissiblek = 2488191.
After p = 211, cut the number of k's from 2488191 to 1669983.
After p = 953, cut the number of k's from 1669983 to 896130.
After p = 1801, cut the number of k's from 896130 to 489677.
After p = 2437, cut the number of k's from 489677 to 204714.
After p = 2543, cut the number of k's from 204714 to 138299.
After p = 3709, cut the number of k's from 138299 to 78996.
After p = 4133, cut the number of k's from 78996 to 39616.
Starting with N = 9690712164777231700912800 and #permissiblek = 2337344.
After p = 1297, cut the number of k's from 2337344 to 1385908.
After p = 2477, cut the number of k's from 1385908 to 849549.
After p = 2713, cut the number of k's from 849549 to 447658.
After p = 3539, cut the number of k's from 447658 to 266753.
After p = 4483, cut the number of k's from 266753 to 133518.
After p = 5309, cut the number of k's from 133518 to 85862.
After p = 6607, cut the number of k's from 85862 to 54946.
After p = 7079, cut the number of k's from 54946 to 42891.
Starting with N = 591133442051411133755680800 and #permissiblek = 2616351.
After p = 853, cut the number of k's from 2616351 to 1446810.
After p = 1097, cut the number of k's from 1446810 to 819563.
After p = 2683, cut the number of k's from 819563 to 528525.
After p = 3049, cut the number of k's from 528525 to 252358.
After p = 3659, cut the number of k's from 252358 to 155873.
After p = 4391, cut the number of k's from 155873 to 113299.
After p = 6221, cut the number of k's from 113299 to 60310.
After p = 6343, cut the number of k's from 60310 to 31931.
Starting with N = 1182266884102822267511361600 and #permissiblek = 63862.
After p = 1151, cut the number of k's from 63862 to 62868.
After p = 1471, cut the number of k's from 62868 to 46888.
Starting with N = 79211881234889091923261227200 and #permissiblek = 3141496.
After p = 937, cut the number of k's from 3141496 to 2016184.
After p = 2411, cut the number of k's from 2016184 to 1279944.
After p = 4153, cut the number of k's from 1279944 to 764026.
After p = 4421, cut the number of k's from 764026 to 472840.
After p = 4957, cut the number of k's from 472840 to 267976.
After p = 6833, cut the number of k's from 267976 to 179270.
After p = 7369, cut the number of k's from 179270 to 111760.
After p = 10853, cut the number of k's from 111760 to 50426.
After p = 11657, cut the number of k's from 50426 to 23218.
Starting with N = 5624043567677125526551547131200 and #permissiblek = 1648478.
After p = 283, cut the number of k's from 1648478 to 951938.
After p = 1987, cut the number of k's from 951938 to 523796.
After p = 2129, cut the number of k's from 523796 to 334144.
After p = 3407, cut the number of k's from 334144 to 170026.
After p = 3691, cut the number of k's from 170026 to 91616.
After p = 4259, cut the number of k's from 91616 to 63284.
After p = 4969, cut the number of k's from 63284 to 58578.
After p = 5821, cut the number of k's from 58578 to 28540.
Starting with N = 410555180440430163438262940577600 and #permissiblek = 2083420.
After p = 1459, cut the number of k's from 2083420 to 1282004.
After p = 4817, cut the number of k's from 1282004 to 647030.
After p = 5693, cut the number of k's from 647030 to 372872.
After p = 6277, cut the number of k's from 372872 to 175230.
After p = 6569, cut the number of k's from 175230 to 113942.
After p = 7883, cut the number of k's from 113942 to 57750.
After p = 8467, cut the number of k's from 57750 to 36172.
Starting with N = 32433859254793982911622772305630400 and #permissiblek = 
2857588.
After p = 1579, cut the number of k's from 2857588 to 1467320.
After p = 2053, cut the number of k's from 1467320 to 790432.
After p = 6793, cut the number of k's from 790432 to 424810.
After p = 7741, cut the number of k's from 424810 to 241386.
After p = 8689, cut the number of k's from 241386 to 144022.
After p = 9479, cut the number of k's from 144022 to 79168.
After p = 10111, cut the number of k's from 79168 to 56248.
After p = 10427, cut the number of k's from 56248 to 33135.
Starting with N = 97301577764381948734868316916891200 and #permissiblek = 99405.
After p = 809, cut the number of k's from 99405 to 68919.
After p = 1619, cut the number of k's from 68919 to 52437.
After p = 2591, cut the number of k's from 52437 to 37924.
Starting with N = 8076030954443701744994070304101969600 and #permissiblek = 
3147692.
After p = 1327, cut the number of k's from 3147692 to 1896200.
After p = 1493, cut the number of k's from 1896200 to 1093748.
After p = 3319, cut the number of k's from 1093748 to 631326.
After p = 4813, cut the number of k's from 631326 to 379744.
After p = 5477, cut the number of k's from 379744 to 177019.
After p = 6971, cut the number of k's from 177019 to 95802.
After p = 10457, cut the number of k's from 95802 to 72482.
After p = 12781, cut the number of k's from 72482 to 56246.
After p = 16433, cut the number of k's from 56246 to 51606.
After p = 16931, cut the number of k's from 51606 to 30306.
Starting with N = 718766754945489455304472257065075294400 and #permissiblek = 
2697234.
After p = 1601, cut the number of k's from 2697234 to 1460808.
After p = 3203, cut the number of k's from 1460808 to 801191.
After p = 8543, cut the number of k's from 801191 to 459162.
After p = 9433, cut the number of k's from 459162 to 232791.
After p = 10501, cut the number of k's from 232791 to 130406.
After p = 14951, cut the number of k's from 130406 to 59343.
After p = 15307, cut the number of k's from 59343 to 39433.
Starting with N = 69720375229712477164533808935312303556800 and #permissiblek = 
3825001.
After p = 193, cut the number of k's from 3825001 to 2129382.
After p = 1163, cut the number of k's from 2129382 to 1183002.
After p = 2521, cut the number of k's from 1183002 to 628905.
After p = 5431, cut the number of k's from 628905 to 403328.
After p = 8147, cut the number of k's from 403328 to 189536.
After p = 8923, cut the number of k's from 189536 to 146344.
After p = 11057, cut the number of k's from 146344 to 65732.
After p = 11833, cut the number of k's from 65732 to 50841.
After p = 13967, cut the number of k's from 50841 to 49454.
Starting with N = 7041757898200960193617914702466542659236800 and #permissiblek 
= 4994854.
After p = 1009, cut the number of k's from 4994854 to 2692052.
After p = 2221, cut the number of k's from 2692052 to 1337854.
After p = 4241, cut the number of k's from 1337854 to 689946.
After p = 7069, cut the number of k's from 689946 to 429354.
After p = 8887, cut the number of k's from 429354 to 239754.
After p = 12119, cut the number of k's from 239754 to 152538.
After p = 13331, cut the number of k's from 152538 to 127994.
After p = 14341, cut the number of k's from 127994 to 72578.
After p = 15149, cut the number of k's from 72578 to 63834.
After p = 17573, cut the number of k's from 63834 to 57576.
After p = 24239, cut the number of k's from 57576 to 52842.
After p = 27067, cut the number of k's from 52842 to 33771.
Starting with N = 725301063514698899942645214354053893901390400 and 
#permissiblek = 3478413.
After p = 10093, cut the number of k's from 3478413 to 1820697.
After p = 10711, cut the number of k's from 1820697 to 997739.
After p = 11329, cut the number of k's from 997739 to 545548.
After p = 16067, cut the number of k's from 545548 to 318483.
After p = 17509, cut the number of k's from 318483 to 157218.
After p = 17921, cut the number of k's from 157218 to 101540.
After p = 18127, cut the number of k's from 101540 to 78293.
After p = 19157, cut the number of k's from 78293 to 49698.
Starting with N = 77607213796072782293863037935883766647448772800 and 
#permissiblek = 5317686.
After p = 1069, cut the number of k's from 5317686 to 3280068.
After p = 1283, cut the number of k's from 3280068 to 1990998.
After p = 3209, cut the number of k's from 1990998 to 1109076.
After p = 3637, cut the number of k's from 1109076 to 657138.
After p = 5563, cut the number of k's from 657138 to 394440.
After p = 10271, cut the number of k's from 394440 to 238764.
After p = 15193, cut the number of k's from 238764 to 110430.
After p = 16477, cut the number of k's from 110430 to 77208.
After p = 17333, cut the number of k's from 77208 to 52068.
After p = 17761, cut the number of k's from 52068 to 44304.
Starting with N = 8459186303771933270031071135011330564571916235200 and 
#permissiblek = 4829136.
After p = 2833, cut the number of k's from 4829136 to 2774608.
After p = 3923, cut the number of k's from 2774608 to 1558820.
After p = 5231, cut the number of k's from 1558820 to 822084.
After p = 7193, cut the number of k's from 822084 to 463592.
After p = 7411, cut the number of k's from 463592 to 275604.
After p = 8719, cut the number of k's from 275604 to 171028.
After p = 10463, cut the number of k's from 171028 to 76936.
After p = 11117, cut the number of k's from 76936 to 43116.
Starting with N = 955888052326228459513511038256280353796626534577600 and 
#permissiblek = 4872108.
After p = 677, cut the number of k's from 4872108 to 2916988.
After p = 1129, cut the number of k's from 2916988 to 1748288.
After p = 3163, cut the number of k's from 1748288 to 953624.
After p = 6101, cut the number of k's from 953624 to 499062.
After p = 6553, cut the number of k's from 499062 to 323798.
After p = 7457, cut the number of k's from 323798 to 174306.
After p = 11299, cut the number of k's from 174306 to 99820.
After p = 14011, cut the number of k's from 99820 to 53482.
After p = 17401, cut the number of k's from 53482 to 37758.
Starting with N = 10514768575588513054648621420819083891762891880353600 and 
#permissiblek = 415338.
After p = 241, cut the number of k's from 415338 to 242482.
After p = 967, cut the number of k's from 242482 to 141890.
After p = 1451, cut the number of k's from 141890 to 111214.
After p = 1693, cut the number of k's from 111214 to 91802.
After p = 2903, cut the number of k's from 91802 to 83714.
After p = 4597, cut the number of k's from 83714 to 79250.
After p = 5081, cut the number of k's from 79250 to 62866.
After p = 5807, cut the number of k's from 62866 to 46462.
Starting with N = 52573842877942565273243107104095419458814459401768000 and 
#permissiblek = 232310.
After p = 1999, cut the number of k's from 232310 to 162528.
After p = 2749, cut the number of k's from 162528 to 126306.
After p = 13999, cut the number of k's from 126306 to 73930.
After p = 15749, cut the number of k's from 73930 to 72778.
After p = 17749, cut the number of k's from 72778 to 54454.
After p = 24499, cut the number of k's from 54454 to 33390.
Starting with N = 6676878045498705789701874602220118271269436344024536000 and 
#permissiblek = 4240530.
After p = 761, cut the number of k's from 4240530 to 2791278.
After p = 1777, cut the number of k's from 2791278 to 1520808.
After p = 7873, cut the number of k's from 1520808 to 775080.
After p = 10159, cut the number of k's from 775080 to 434608.
After p = 10667, cut the number of k's from 434608 to 258022.
After p = 12953, cut the number of k's from 258022 to 158220.
After p = 14731, cut the number of k's from 158220 to 89880.
After p = 16001, cut the number of k's from 89880 to 60822.
After p = 16763, cut the number of k's from 60822 to 37562.
Starting with N = 13353756090997411579403749204440236542538872688049072000 and 
#permissiblek = 75124.
After p = 1151, cut the number of k's from 75124 to 58852.
After p = 10111, cut the number of k's from 58852 to 38472.
Starting with N = 1749342047920660916901891145781670987072592322134428432000 and
#permissiblek = 5039832.
After p = 523, cut the number of k's from 5039832 to 3231648.
After p = 3929, cut the number of k's from 3231648 to 1589976.
After p = 6287, cut the number of k's from 1589976 to 1022664.
After p = 11527, cut the number of k's from 1022664 to 537132.
After p = 11789, cut the number of k's from 537132 to 271812.
After p = 17291, cut the number of k's from 271812 to 201960.
After p = 20173, cut the number of k's from 201960 to 125616.
After p = 21221, cut the number of k's from 125616 to 84072.
After p = 24103, cut the number of k's from 84072 to 53304.
After p = 24889, cut the number of k's from 53304 to 48408.
Starting with N = 239659860565130545615559086972088925228945148132416695184000 
and #permissiblek = 6631896.
After p = 547, cut the number of k's from 6631896 to 3916080.
After p = 821, cut the number of k's from 3916080 to 2409732.
After p = 8219, cut the number of k's from 2409732 to 1466652.
After p = 9041, cut the number of k's from 1466652 to 705192.
After p = 13151, cut the number of k's from 705192 to 370224.
After p = 22193, cut the number of k's from 370224 to 210744.
After p = 24659, cut the number of k's from 210744 to 149904.
After p = 27673, cut the number of k's from 149904 to 100164.
After p = 27947, cut the number of k's from 100164 to 84828.
After p = 30139, cut the number of k's from 84828 to 50484.
After p = 40277, cut the number of k's from 50484 to 39324.
Starting with N = 3331272061855314584056271308912036060682337559040592063057600\
0 and #permissiblek = 5466036.
After p = 277, cut the number of k's from 5466036 to 2927196.
After p = 1667, cut the number of k's from 2927196 to 1779912.
After p = 6949, cut the number of k's from 1779912 to 994224.
After p = 9173, cut the number of k's from 994224 to 482076.
After p = 10007, cut the number of k's from 482076 to 265776.
After p = 11953, cut the number of k's from 265776 to 164028.
After p = 15289, cut the number of k's from 164028 to 114816.
After p = 19181, cut the number of k's from 114816 to 80856.
After p = 21683, cut the number of k's from 80856 to 42984.
Starting with N = 4963595372164418730243844250278933730416682962970482173955824\
000 and #permissiblek = 6404616.
After p = 2383, cut the number of k's from 6404616 to 3383280.
After p = 8641, cut the number of k's from 3383280 to 1866080.
After p = 9833, cut the number of k's from 1866080 to 1235840.
After p = 18773, cut the number of k's from 1235840 to 606016.
After p = 22051, cut the number of k's from 606016 to 378736.
After p = 22349, cut the number of k's from 378736 to 202864.
After p = 25031, cut the number of k's from 202864 to 118288.
After p = 28309, cut the number of k's from 118288 to 78912.
After p = 28607, cut the number of k's from 78912 to 61624.
After p = 29501, cut the number of k's from 61624 to 43048.
Starting with N = 7495029011968272282668204817921189932929191274085428082673294\
24000 and #permissiblek = 6500248.
After p = 1811, cut the number of k's from 6500248 to 4067720.
After p = 4831, cut the number of k's from 4067720 to 2209312.
After p = 5737, cut the number of k's from 2209312 to 1311704.
After p = 9059, cut the number of k's from 1311704 to 721480.
After p = 11173, cut the number of k's from 721480 to 441696.
After p = 11777, cut the number of k's from 441696 to 233296.
After p = 14797, cut the number of k's from 233296 to 173152.
After p = 18119, cut the number of k's from 173152 to 140136.
After p = 21139, cut the number of k's from 140136 to 87240.
After p = 24763, cut the number of k's from 87240 to 76080.
After p = 28387, cut the number of k's from 76080 to 59060.
After p = 34729, cut the number of k's from 59060 to 41032.
Starting with N = 1176719554879018748378908156413626819469883030031412208979707\
19568000 and #permissiblek = 6442024.
After p = 941, cut the number of k's from 6442024 to 4034368.
After p = 5023, cut the number of k's from 4034368 to 2313144.
After p = 5651, cut the number of k's from 2313144 to 1311376.
After p = 6907, cut the number of k's from 1311376 to 754608.
After p = 18211, cut the number of k's from 754608 to 368736.
After p = 18839, cut the number of k's from 368736 to 180840.
After p = 22921, cut the number of k's from 180840 to 147800.
After p = 25747, cut the number of k's from 147800 to 81740.
After p = 27631, cut the number of k's from 81740 to 57120.
After p = 28573, cut the number of k's from 57120 to 46968.
Starting with N = 1918052874452800559857620294954211715735909338951201900636922\
7289584000 and #permissiblek = 7655784.
After p = 3911, cut the number of k's from 7655784 to 4456824.
After p = 7823, cut the number of k's from 4456824 to 2490512.
After p = 9127, cut the number of k's from 2490512 to 1567816.
After p = 11083, cut the number of k's from 1567816 to 941616.
After p = 12713, cut the number of k's from 941616 to 606592.
After p = 13691, cut the number of k's from 606592 to 377224.
After p = 14669, cut the number of k's from 377224 to 228800.
After p = 17929, cut the number of k's from 228800 to 194264.
After p = 21841, cut the number of k's from 194264 to 150968.
After p = 28687, cut the number of k's from 150968 to 79368.
After p = 29339, cut the number of k's from 79368 to 46968.
Starting with N = 3203148300336176934962225892573533565278968596048507174063660\
957360528000 and #permissiblek = 7843656.
After p = 1669, cut the number of k's from 7843656 to 4100104.
After p = 3673, cut the number of k's from 4100104 to 2060704.
After p = 6679, cut the number of k's from 2060704 to 1136984.
After p = 7013, cut the number of k's from 1136984 to 514240.
After p = 10687, cut the number of k's from 514240 to 278760.
After p = 11689, cut the number of k's from 278760 to 118616.
After p = 19037, cut the number of k's from 118616 to 78712.
After p = 25717, cut the number of k's from 78712 to 46392.
Starting with N = 4164092790437030015450893660345593634862659174863059326282759\
2445686864000 and #permissiblek = 603096.
After p = 337, cut the number of k's from 603096 to 354000.
After p = 5407, cut the number of k's from 354000 to 249160.
After p = 6421, cut the number of k's from 249160 to 158216.
After p = 10139, cut the number of k's from 158216 to 128120.
After p = 11491, cut the number of k's from 128120 to 56696.
After p = 14533, cut the number of k's from 56696 to 51064.
After p = 16561, cut the number of k's from 51064 to 49912.
Starting with N = 7203880527456061926730046032397876988312400372513092634469173\
493103827472000 and #permissiblek = 8634776.
After p = 2767, cut the number of k's from 8634776 to 4389032.
After p = 5189, cut the number of k's from 4389032 to 2465816.
After p = 5881, cut the number of k's from 2465816 to 1264224.
After p = 9341, cut the number of k's from 1264224 to 786992.
After p = 13147, cut the number of k's from 786992 to 595032.
After p = 16607, cut the number of k's from 595032 to 292872.
After p = 17299, cut the number of k's from 292872 to 115992.
After p = 20759, cut the number of k's from 115992 to 89240.
After p = 25603, cut the number of k's from 89240 to 88472.
After p = 26641, cut the number of k's from 88472 to 57976.
After p = 35983, cut the number of k's from 57976 to 49912.
Starting with N = 1289494614414635084884678239799219980907919666679843581569982\
055265585117488000 and #permissiblek = 8934248.
After p = 1789, cut the number of k's from 8934248 to 4919008.
After p = 5011, cut the number of k's from 4919008 to 2644584.
After p = 11813, cut the number of k's from 2644584 to 1291176.
After p = 18257, cut the number of k's from 1291176 to 732944.
After p = 23627, cut the number of k's from 732944 to 491928.
After p = 30071, cut the number of k's from 491928 to 286024.
After p = 37589, cut the number of k's from 286024 to 170584.
After p = 45823, cut the number of k's from 170584 to 118312.
After p = 51193, cut the number of k's from 118312 to 80008.
After p = 52267, cut the number of k's from 80008 to 44920.
Starting with N = 2333985252090489503641267614036588165443334596690516882641667\
52003070906265328000 and #permissiblek = 8130520.
After p = 1447, cut the number of k's from 8130520 to 4523480.
After p = 7963, cut the number of k's from 4523480 to 2265128.
After p = 9049, cut the number of k's from 2265128 to 1245672.
After p = 10859, cut the number of k's from 1245672 to 742008.
After p = 16651, cut the number of k's from 742008 to 347464.
After p = 24977, cut the number of k's from 347464 to 190768.
After p = 25339, cut the number of k's from 190768 to 129088.
After p = 28597, cut the number of k's from 129088 to 81520.
After p = 32579, cut the number of k's from 81520 to 46144.
Starting with N = 4457911831492834951954821142809883395996769079678887245845584\
9632586543096677648000 and #permissiblek = 8813504.
After p = 4201, cut the number of k's from 8813504 to 4934480.
After p = 4583, cut the number of k's from 4934480 to 2919936.
After p = 10313, cut the number of k's from 2919936 to 1471168.
After p = 15661, cut the number of k's from 1471168 to 926720.
After p = 17189, cut the number of k's from 926720 to 477360.
After p = 20627, cut the number of k's from 477360 to 275984.
After p = 21391, cut the number of k's from 275984 to 173248.
After p = 33997, cut the number of k's from 173248 to 83472.
After p = 36671, cut the number of k's from 83472 to 58464.
After p = 39727, cut the number of k's from 58464 to 44832.
Starting with N = 8603769834781171457272804805623074954273764323780252384481978\
979089202817658786064000 and #permissiblek = 8652576.
After p = 6947, cut the number of k's from 8652576 to 4736736.
After p = 7333, cut the number of k's from 4736736 to 2545088.
After p = 9649, cut the number of k's from 2545088 to 1333952.
After p = 11579, cut the number of k's from 1333952 to 668160.
After p = 15439, cut the number of k's from 668160 to 395840.
After p = 20071, cut the number of k's from 395840 to 273504.
After p = 24317, cut the number of k's from 273504 to 139904.
After p = 26633, cut the number of k's from 139904 to 92608.
After p = 28949, cut the number of k's from 92608 to 63008.
After p = 32423, cut the number of k's from 63008 to 60544.
After p = 33967, cut the number of k's from 60544 to 47296.
Starting with N = 1694942657451890777082742546707745765991931571784709719742949\
858880572955078780854608000 and #permissiblek = 9317312.
After p = 787, cut the number of k's from 9317312 to 5439040.
After p = 10243, cut the number of k's from 5439040 to 3126944.
After p = 13001, cut the number of k's from 3126944 to 1669088.
After p = 13789, cut the number of k's from 1669088 to 865440.
After p = 17729, cut the number of k's from 865440 to 536896.
After p = 18911, cut the number of k's from 536896 to 258592.
After p = 22063, cut the number of k's from 258592 to 164320.
After p = 26003, cut the number of k's from 164320 to 90176.
After p = 57917, cut the number of k's from 90176 to 53024.
After p = 69737, cut the number of k's from 53024 to 52896.
After p = 72101, cut the number of k's from 52896 to 52768.
After p = 74071, cut the number of k's from 52768 to 46144.
Starting with N = 3372935888329262646394657667948414074323943827851572342288470\
21917234018060677390066992000 and #permissiblek = 9182656.
After p = 3581, cut the number of k's from 9182656 to 4703808.
After p = 15919, cut the number of k's from 4703808 to 2570656.
After p = 20297, cut the number of k's from 2570656 to 1307552.
After p = 21491, cut the number of k's from 1307552 to 701888.
After p = 25471, cut the number of k's from 701888 to 442240.
After p = 26267, cut the number of k's from 442240 to 269088.
After p = 32237, cut the number of k's from 269088 to 168928.
After p = 35023, cut the number of k's from 168928 to 112480.
After p = 40993, cut the number of k's from 112480 to 62096.
After p = 42187, cut the number of k's from 62096 to 59536.
After p = 48157, cut the number of k's from 59536 to 39376.
Starting with N = 7116894724374744183892727679371153696823521476766817642228672\
1624536377810802929304135312000 and #permissiblek = 8308336.
After p = 3797, cut the number of k's from 8308336 to 4435840.
After p = 4219, cut the number of k's from 4435840 to 2476800.
After p = 8861, cut the number of k's from 2476800 to 1357536.
After p = 9283, cut the number of k's from 1357536 to 706416.
After p = 11393, cut the number of k's from 706416 to 443952.
After p = 22787, cut the number of k's from 443952 to 229664.
After p = 23209, cut the number of k's from 229664 to 153792.
After p = 27851, cut the number of k's from 153792 to 86256.
After p = 31649, cut the number of k's from 86256 to 53584.
After p = 34603, cut the number of k's from 53584 to 41872.
Starting with N = 1587067523535567953008078272499767274391645289319000334216993\
8922271612251809053234822174576000 and #permissiblek = 9337456.
After p = 3121, cut the number of k's from 9337456 to 4880320.
After p = 9811, cut the number of k's from 4880320 to 2783488.
After p = 11149, cut the number of k's from 2783488 to 1460848.
After p = 12041, cut the number of k's from 1460848 to 787472.
After p = 12487, cut the number of k's from 787472 to 449360.
After p = 14717, cut the number of k's from 449360 to 238528.
After p = 17393, cut the number of k's from 238528 to 138560.
After p = 17839, cut the number of k's from 138560 to 61840.
After p = 25867, cut the number of k's from 61840 to 56656.
After p = 26759, cut the number of k's from 56656 to 51728.
After p = 30773, cut the number of k's from 51728 to 41872.
Starting with N = 3602643278425739253328337678574471712869034806754130758672576\
135355655981160655084304633628752000 and #permissiblek = 9504944.
After p = 1361, cut the number of k's from 9504944 to 5694592.
After p = 4993, cut the number of k's from 5694592 to 3038848.
After p = 7717, cut the number of k's from 3038848 to 1717696.
After p = 9533, cut the number of k's from 1717696 to 994448.
After p = 22699, cut the number of k's from 994448 to 425552.
After p = 25423, cut the number of k's from 425552 to 245776.
After p = 32687, cut the number of k's from 245776 to 182800.
After p = 36319, cut the number of k's from 182800 to 137360.
After p = 44491, cut the number of k's from 137360 to 77408.
After p = 46307, cut the number of k's from 77408 to 60192.
After p = 49939, cut the number of k's from 60192 to 55264.
After p = 84443, cut the number of k's from 55264 to 41712.
Starting with N = 8250053107594942890121893283935540222470089707466959437360199\
34996445219685790014305761100984208000 and #permissiblek = 9552048.
After p = 457, cut the number of k's from 9552048 to 5088864.
After p = 5953, cut the number of k's from 5088864 to 2784208.
After p = 12823, cut the number of k's from 2784208 to 1532320.
After p = 14197, cut the number of k's from 1532320 to 770720.
After p = 21067, cut the number of k's from 770720 to 356480.
After p = 25189, cut the number of k's from 356480 to 216128.
After p = 29311, cut the number of k's from 216128 to 124032.
After p = 43051, cut the number of k's from 124032 to 88112.
After p = 45341, cut the number of k's from 88112 to 61616.
After p = 49463, cut the number of k's from 61616 to 61200.
After p = 56333, cut the number of k's from 61200 to 58464.
After p = 59539, cut the number of k's from 58464 to 51648.
After p = 64577, cut the number of k's from 51648 to 37936.
In the final step, there are 17678176 permissible k.
After p = 541, cut the number of k's from 17678176 to 9328293.
After p = 613, cut the number of k's from 9328293 to 4769459.
After p = 673, cut the number of k's from 4769459 to 2647750.
After p = 733, cut the number of k's from 2647750 to 1521564.
After p = 877, cut the number of k's from 1521564 to 807684.
After p = 997, cut the number of k's from 807684 to 447689.
After p = 1051, cut the number of k's from 447689 to 243688.
After p = 1201, cut the number of k's from 243688 to 130265.
After p = 1249, cut the number of k's from 130265 to 88475.
After p = 1381, cut the number of k's from 88475 to 47433.
After p = 1531, cut the number of k's from 47433 to 27129.
After p = 1613, cut the number of k's from 27129 to 15248.
After p = 1657, cut the number of k's from 15248 to 7982.
After p = 1723, cut the number of k's from 7982 to 4066.
After p = 1733, cut the number of k's from 4066 to 2137.
After p = 1867, cut the number of k's from 2137 to 1124.
After p = 1877, cut the number of k's from 1124 to 637.
After p = 1933, cut the number of k's from 637 to 341.
After p = 1993, cut the number of k's from 341 to 168.
After p = 2081, cut the number of k's from 168 to 94.
After p = 2111, cut the number of k's from 94 to 89.
After p = 2153, cut the number of k's from 89 to 51.
After p = 2239, cut the number of k's from 51 to 50.
After p = 2251, cut the number of k's from 50 to 27.
After p = 2273, cut the number of k's from 27 to 20.
After p = 2371, cut the number of k's from 20 to 15.
After p = 2389, cut the number of k's from 15 to 12.
After p = 2503, cut the number of k's from 12 to 9.
After p = 2647, cut the number of k's from 9 to 8.
After p = 2801, cut the number of k's from 8 to 7.
All k*P ruled out (with |k| <= 192226237406962169339840113515698087183553090183\
980154890492644854171736186789073333242336529320464000) except for -5 <= k <= 1.
Total time was 6309.020 seconds.
