Magma V2.26-2     Sat Apr 24 2021 14:51:39 on weil     [Seed = 4179489024]
Type ? for help.  Type <Ctrl>-D to quit.

Loading file "11adicim.txt"
Loading "gl2data.m"
N=121, i=1, j=1, [ 1, 1, 1, -30, -76 ] - 11.120.1.8.
N=121, i=1, j=2, [ 1, 1, 1, -305, 7888 ] - 11.120.1.4.
N=121, i=3, j=1, [ 1, 1, 0, -2, -7 ] - 11.120.1.3.
N=121, i=3, j=2, [ 1, 1, 0, -3632, 82757 ] - 11.120.1.9.
N=1089, i=6, j=1, [ 1, -1, 0, -270, 1777 ] - 11.60.1.3.
N=1089, i=6, j=2, [ 1, -1, 0, -2745, -215726 ] - 11.60.1.4.
N=1089, i=8, j=1, [ 1, -1, 1, -23, 168 ] - 11.60.1.4.
N=1089, i=8, j=2, [ 1, -1, 1, -32693, -2267130 ] - 11.60.1.3.
N=1936, i=11, j=1, [ 0, 1, 0, -40, 372 ] - 11.60.1.4.
N=1936, i=11, j=2, [ 0, 1, 0, -58120, -5412684 ] - 11.60.1.3.
N=1936, i=12, j=1, [ 0, 1, 0, -480, 3892 ] - 11.60.1.3.
N=1936, i=12, j=2, [ 0, 1, 0, -4880, -514604 ] - 11.60.1.4.
N=3025, i=3, j=1, [ 1, 0, 1, -751, -7977 ] - 11.60.1.3.
N=3025, i=3, j=2, [ 1, 0, 1, -7626, 1001273 ] - 11.60.1.4.
N=3025, i=5, j=1, [ 1, 0, 0, -63, -758 ] - 11.60.1.4.
N=3025, i=5, j=2, [ 1, 0, 0, -90813, 10526242 ] - 11.60.1.3.
N=5929, i=4, j=1, [ 1, 0, 1, -124, 2055 ] - 11.60.1.4.
N=5929, i=4, j=2, [ 1, 0, 1, -177994, -28919607 ] - 11.60.1.3.
N=5929, i=6, j=1, [ 1, 0, 0, -1471, 21594 ] - 11.60.1.3.
N=5929, i=6, j=2, [ 1, 0, 0, -14946, -2750483 ] - 11.60.1.4.
N=7744, i=12, j=1, [ 0, 1, 0, -1921, -33057 ] - 11.60.1.3.
N=7744, i=12, j=2, [ 0, 1, 0, -19521, 4097311 ] - 11.60.1.4.
N=7744, i=13, j=1, [ 0, 1, 0, -161, -3137 ] - 11.60.1.4.
N=7744, i=13, j=2, [ 0, 1, 0, -232481, 43068991 ] - 11.60.1.3.
N=7744, i=28, j=1, [ 0, -1, 0, -161, 3137 ] - 11.60.1.4.
N=7744, i=28, j=2, [ 0, -1, 0, -232481, -43068991 ] - 11.60.1.3.
N=7744, i=29, j=1, [ 0, -1, 0, -1921, 33057 ] - 11.60.1.3.
N=7744, i=29, j=2, [ 0, -1, 0, -19521, -4097311 ] - 11.60.1.4.
N=17424, i=46, j=1, [ 0, 0, 0, -363, -10406 ] - 11.60.1.4.
N=17424, i=46, j=2, [ 0, 0, 0, -523083, 145619386 ] - 11.60.1.3.
N=17424, i=47, j=1, [ 0, 0, 0, -4323, -109406 ] - 11.60.1.3.
N=17424, i=47, j=2, [ 0, 0, 0, -43923, 13850386 ] - 11.60.1.4.
N=20449, i=4, j=1, [ 1, 1, 0, -5073, -141214 ] - 11.60.1.3.
N=20449, i=4, j=2, [ 1, 1, 0, -51548, 17588069 ] - 11.60.1.4.
N=20449, i=6, j=1, [ 1, 1, 1, -426, -13408 ] - 11.60.1.4.
N=20449, i=6, j=2, [ 1, 1, 1, -613896, 184886450 ] - 11.60.1.3.
N=27225, i=36, j=1, [ 1, -1, 0, -567, 20466 ] - 11.60.1.4.
N=27225, i=36, j=2, [ 1, -1, 0, -817317, -284208534 ] - 11.60.1.3.
N=27225, i=39, j=1, [ 1, -1, 1, -6755, 215372 ] - 11.60.1.3.
N=27225, i=39, j=2, [ 1, -1, 1, -68630, -27034378 ] - 11.60.1.4.
N=34969, i=6, j=1, [ 1, 0, 1, -729, -29647 ] - 11.60.1.4.
N=34969, i=6, j=2, [ 1, 0, 1, -1049799, 413933375 ] - 11.60.1.3.
N=34969, i=7, j=1, [ 1, 0, 0, -8676, -311783 ] - 11.60.1.3.
N=34969, i=7, j=2, [ 1, 0, 0, -88151, 39371674 ] - 11.60.1.4.
N=43681, i=11, j=1, [ 1, 0, 1, -10838, 433365 ] - 11.60.1.3.
N=43681, i=11, j=2, [ 1, 0, 1, -110113, -54985911 ] - 11.60.1.4.
N=43681, i=12, j=1, [ 1, 0, 0, -910, 41229 ] - 11.60.1.4.
N=43681, i=12, j=2, [ 1, 0, 0, -1311340, -578120487 ] - 11.60.1.3.
N=48400, i=59, j=1, [ 0, -1, 0, -12008, 510512 ] - 11.60.1.3.
N=48400, i=59, j=2, [ 0, -1, 0, -122008, -64081488 ] - 11.60.1.4.
N=48400, i=60, j=1, [ 0, -1, 0, -1008, 48512 ] - 11.60.1.4.
N=48400, i=60, j=2, [ 0, -1, 0, -1453008, -673679488 ] - 11.60.1.3.
N=53361, i=34, j=1, [ 1, -1, 0, -13239, -583038 ] - 11.60.1.3.
N=53361, i=34, j=2, [ 1, -1, 0, -134514, 74263041 ] - 11.60.1.4.
N=53361, i=39, j=1, [ 1, -1, 1, -1112, -55492 ] - 11.60.1.4.
N=53361, i=39, j=2, [ 1, -1, 1, -1601942, 780829382 ] - 11.60.1.3.
N=64009, i=2, j=1, [ 1, 1, 0, -1333, 72714 ] - 11.60.1.4.
N=64009, i=2, j=2, [ 1, 1, 0, -1921603, -1026119574 ] - 11.60.1.3.
N=64009, i=3, j=1, [ 1, 1, 1, -15881, 763720 ] - 11.60.1.3.
N=64009, i=3, j=2, [ 1, 1, 1, -161356, -97589018 ] - 11.60.1.4.
N=69696, i=41, j=1, [ 0, 0, 0, -17292, 875248 ] - 11.60.1.3.
N=69696, i=41, j=2, [ 0, 0, 0, -175692, -110803088 ] - 11.60.1.4.
N=69696, i=43, j=1, [ 0, 0, 0, -1452, 83248 ] - 11.60.1.4.
N=69696, i=43, j=2, [ 0, 0, 0, -2092332, -1164955088 ] - 11.60.1.3.
N=69696, i=149, j=1, [ 0, 0, 0, -1452, -83248 ] - 11.60.1.4.
N=69696, i=149, j=2, [ 0, 0, 0, -2092332, 1164955088 ] - 11.60.1.3.
N=69696, i=151, j=1, [ 0, 0, 0, -17292, -875248 ] - 11.60.1.3.
N=69696, i=151, j=2, [ 0, 0, 0, -175692, 110803088 ] - 11.60.1.4.
N=94864, i=69, j=1, [ 0, -1, 0, -23536, -1382016 ] - 11.60.1.3.
N=94864, i=69, j=2, [ 0, -1, 0, -239136, 176030912 ] - 11.60.1.4.
N=94864, i=70, j=1, [ 0, -1, 0, -1976, -131536 ] - 11.60.1.4.
N=94864, i=70, j=2, [ 0, -1, 0, -2847896, 1850854832 ] - 11.60.1.3.
N=101761, i=2, j=1, [ 1, 0, 1, -25248, -1546261 ] - 11.60.1.3.
N=101761, i=2, j=2, [ 1, 0, 1, -256523, 195463035 ] - 11.60.1.4.
N=101761, i=3, j=1, [ 1, 0, 0, -2120, -147047 ] - 11.60.1.4.
N=101761, i=3, j=2, [ 1, 0, 0, -3054950, 2055018109 ] - 11.60.1.3.
N=116281, i=2, j=1, [ 1, 0, 1, -2423, 179199 ] - 11.60.1.4.
N=116281, i=2, j=2, [ 1, 0, 1, -3490853, -2510792715 ] - 11.60.1.3.
N=116281, i=3, j=1, [ 1, 0, 0, -28850, 1883773 ] - 11.60.1.3.
N=116281, i=3, j=2, [ 1, 0, 0, -293125, -238807326 ] - 11.60.1.4.
N=148225, i=31, j=1, [ 1, 1, 1, -3088, 256906 ] - 11.60.1.4.
N=148225, i=31, j=2, [ 1, 1, 1, -4449838, -3614950844 ] - 11.60.1.3.
N=148225, i=68, j=1, [ 1, 1, 0, -36775, 2699250 ] - 11.60.1.3.
N=148225, i=68, j=2, [ 1, 1, 0, -373650, -343810375 ] - 11.60.1.4.
N=165649, i=6, j=1, [ 1, 1, 1, -3451, -306470 ] - 11.60.1.4.
N=165649, i=6, j=2, [ 1, 1, 1, -4972921, 4266480472 ] - 11.60.1.3.
N=165649, i=13, j=1, [ 1, 1, 0, -41098, -3224151 ] - 11.60.1.3.
N=165649, i=13, j=2, [ 1, 1, 0, -417573, 405823466 ] - 11.60.1.4.
N=184041, i=10, j=1, [ 1, -1, 1, -45662, 3767118 ] - 11.60.1.3.
N=184041, i=10, j=2, [ 1, -1, 1, -463937, -475341798 ] - 11.60.1.4.
N=184041, i=44, j=1, [ 1, -1, 0, -3834, 358177 ] - 11.60.1.4.
N=184041, i=44, j=2, [ 1, -1, 0, -5525064, -4997459219 ] - 11.60.1.3.
N=193600, i=23, j=1, [ 0, 1, 0, -4033, 384063 ] - 11.60.1.4.
N=193600, i=23, j=2, [ 0, 1, 0, -5812033, -5395247937 ] - 11.60.1.3.
N=193600, i=30, j=1, [ 0, 1, 0, -48033, 4036063 ] - 11.60.1.3.
N=193600, i=30, j=2, [ 0, 1, 0, -488033, -513139937 ] - 11.60.1.4.
N=193600, i=238, j=1, [ 0, -1, 0, -48033, -4036063 ] - 11.60.1.3.
N=193600, i=238, j=2, [ 0, -1, 0, -488033, 513139937 ] - 11.60.1.4.
N=193600, i=244, j=1, [ 0, -1, 0, -4033, -384063 ] - 11.60.1.4.
N=193600, i=244, j=2, [ 0, -1, 0, -5812033, 5395247937 ] - 11.60.1.3.
N=203401, i=2, j=1, [ 1, 0, 0, -50465, -4367846 ] - 11.60.1.3.
N=203401, i=2, j=2, [ 1, 0, 0, -512740, 552377673 ] - 11.60.1.4.
N=203401, i=6, j=1, [ 1, 0, 1, -4238, -415395 ] - 11.60.1.4.
N=203401, i=6, j=2, [ 1, 0, 1, -6106268, 5807496759 ] - 11.60.1.3.
N=223729, i=4, j=1, [ 1, 0, 0, -4661, 478402 ] - 11.60.1.4.
N=223729, i=4, j=2, [ 1, 0, 0, -6716531, -6700652606 ] - 11.60.1.3.
N=223729, i=10, j=1, [ 1, 0, 1, -55509, 5029253 ] - 11.60.1.3.
N=223729, i=10, j=2, [ 1, 0, 1, -563984, -637317045 ] - 11.60.1.4.
We're having trouble ruling out the possibility the image is contained in 
11.55.1.1.
N=232544, i=6, j=1, [ 0, 0, 0, -1129345880, -86028258620304 ] - 11.55.1.1.
We're having trouble ruling out the possibility the image is contained in 
11.55.1.1.
N=232544, i=7, j=1, [ 0, 0, 0, -1129345880, 86028258620304 ] - 11.55.1.1.
We're having trouble ruling out the possibility the image is contained in 
11.55.1.1.
N=232544, i=8, j=1, [ 0, 0, 0, -6682520, -39157150032 ] - 11.55.1.1.
We're having trouble ruling out the possibility the image is contained in 
11.55.1.1.
N=232544, i=9, j=1, [ 0, 0, 0, -6682520, 39157150032 ] - 11.55.1.1.
N=267289, i=3, j=1, [ 1, 1, 1, -66316, 6545782 ] - 11.60.1.3.
N=267289, i=3, j=2, [ 1, 1, 1, -673791, -832450090 ] - 11.60.1.4.
N=267289, i=7, j=1, [ 1, 1, 0, -5568, 622901 ] - 11.60.1.4.
N=267289, i=7, j=2, [ 1, 1, 0, -8024238, -8752557271 ] - 11.60.1.3.
N=314721, i=20, j=1, [ 1, -1, 1, -6557, 800462 ] - 11.60.1.4.
N=314721, i=20, j=2, [ 1, -1, 1, -9448187, -11176201132 ] - 11.60.1.3.
N=314721, i=56, j=1, [ 1, -1, 0, -78084, 8418141 ] - 11.60.1.3.
N=314721, i=56, j=2, [ 1, -1, 0, -793359, -1063035198 ] - 11.60.1.4.
N=327184, i=15, j=1, [ 0, 1, 0, -6816, 844468 ] - 11.60.1.4.
N=327184, i=15, j=2, [ 0, 1, 0, -9822336, -11852377484 ] - 11.60.1.3.
N=327184, i=18, j=1, [ 0, 1, 0, -81176, 8875348 ] - 11.60.1.3.
N=327184, i=18, j=2, [ 0, 1, 0, -824776, -1127285964 ] - 11.60.1.4.
N=339889, i=3, j=1, [ 1, 0, 0, -7081, -897126 ] - 11.60.1.4.
N=339889, i=3, j=2, [ 1, 0, 0, -10203751, 12545085642 ] - 11.60.1.3.
N=339889, i=10, j=1, [ 1, 0, 1, -84329, -9432975 ] - 11.60.1.3.
N=339889, i=10, j=2, [ 1, 0, 1, -856804, 1193217903 ] - 11.60.1.4.
N=379456, i=43, j=1, [ 0, 1, 0, -94145, -11150273 ] - 11.60.1.3.
N=379456, i=43, j=2, [ 0, 1, 0, -956545, 1407290751 ] - 11.60.1.4.
N=379456, i=46, j=1, [ 0, 1, 0, -7905, -1060193 ] - 11.60.1.4.
N=379456, i=46, j=2, [ 0, 1, 0, -11391585, 14795447071 ] - 11.60.1.3.
N=379456, i=228, j=1, [ 0, -1, 0, -94145, 11150273 ] - 11.60.1.3.
N=379456, i=228, j=2, [ 0, -1, 0, -956545, -1407290751 ] - 11.60.1.4.
N=379456, i=231, j=1, [ 0, -1, 0, -7905, 1060193 ] - 11.60.1.4.
N=379456, i=231, j=2, [ 0, -1, 0, -11391585, -14795447071 ] - 11.60.1.3.
N=393129, i=11, j=1, [ 1, -1, 1, -97538, -11700862 ] - 11.60.1.3.
N=393129, i=11, j=2, [ 1, -1, 1, -991013, 1484619590 ] - 11.60.1.4.
N=393129, i=55, j=1, [ 1, -1, 0, -8190, -1113183 ] - 11.60.1.4.
N=393129, i=55, j=2, [ 1, -1, 0, -11802060, 15609253149 ] - 11.60.1.3.
N=421201, i=5, j=1, [ 1, 1, 1, -8775, 1233134 ] - 11.60.1.4.
N=421201, i=5, j=2, [ 1, 1, 1, -12644805, -17312655172 ] - 11.60.1.3.
N=421201, i=10, j=1, [ 1, 1, 0, -104502, 12959753 ] - 11.60.1.3.
N=421201, i=10, j=2, [ 1, 1, 0, -1061777, -1646610478 ] - 11.60.1.4.
N=435600, i=129, j=1, [ 0, 0, 0, -9075, -1300750 ] - 11.60.1.4.
N=435600, i=129, j=2, [ 0, 0, 0, -13077075, 18202423250 ] - 11.60.1.3.
N=435600, i=410, j=1, [ 0, 0, 0, -108075, -13675750 ] - 11.60.1.3.
N=435600, i=410, j=2, [ 0, 0, 0, -1098075, 1731298250 ] - 11.60.1.4.
N=450241, i=3, j=1, [ 1, 1, 1, -9380, -1370786 ] - 11.60.1.4.
N=450241, i=3, j=2, [ 1, 1, 1, -13516610, 19122165448 ] - 11.60.1.3.
N=450241, i=7, j=1, [ 1, 1, 0, -111707, -14417542 ] - 11.60.1.3.
N=450241, i=7, j=2, [ 1, 1, 0, -1134982, 1818841017 ] - 11.60.1.4.
We're having trouble ruling out the possibility the image is contained in 
11.55.1.1.
N=465088, i=29, j=1, [ 0, 0, 0, -1670630, 4894643754 ] - 11.55.1.1.
We're having trouble ruling out the possibility the image is contained in 
11.55.1.1.
N=465088, i=30, j=1, [ 0, 0, 0, -1670630, -4894643754 ] - 11.55.1.1.
We're having trouble ruling out the possibility the image is contained in 
11.55.1.1.
N=465088, i=31, j=1, [ 0, 0, 0, -282336470, 10753532327538 ] - 11.55.1.1.
We're having trouble ruling out the possibility the image is contained in 
11.55.1.1.
N=465088, i=32, j=1, [ 0, 0, 0, -282336470, -10753532327538 ] - 11.55.1.1.
