Working on subgroup 25.120.0.2.
Covering group is 25.60.0.1.
j-invariant map for 25.120.0.2 is (t^60 - 36*t^55 + 474*t^50 - 2700*t^45 + 
5775*t^40 - 936*t^35 - 8404*t^30 + 936*t^25 + 5775*t^20 + 2700*t^15 + 474*t^10 +
36*t^5 + 1)/(t^35 - 11*t^30 - t^25).
Multfac = t^35 - 11*t^30 - t^25.
Divfac = 3*$.1^50 - 90*$.1^45 + 915*$.1^40 - 3420*$.1^35 + 2730*$.1^30 + 
2730*$.1^20 + 3420*$.1^15 + 915*$.1^10 + 90*$.1^5 + 3.
New model is Elliptic Curve defined by y^2 = x^3 + (-3*t^20 + 36*t^15 - 42*t^10 
- 36*t^5 - 3)*x + (-2*t^30 + 36*t^25 - 150*t^20 - 150*t^10 - 36*t^5 - 2) over 
Univariate rational function field over Rational Field.
The discriminant is 2985984*$.1^35 - 32845824*$.1^30 - 2985984*$.1^25.
There are 16 squarefree divisors of the discriminant.
Option 1 is 1.
Option 2 is zz.
Option 3 is zz^2 - zz - 1.
Option 4 is zz^3 - zz^2 - zz.
Option 5 is zz^4 - 2*zz^3 + 4*zz^2 - 3*zz + 1.
Option 6 is zz^5 - 2*zz^4 + 4*zz^3 - 3*zz^2 + zz.
Option 7 is zz^6 - 3*zz^5 + 5*zz^4 - 5*zz^3 + 2*zz - 1.
Option 8 is zz^7 - 3*zz^6 + 5*zz^5 - 5*zz^4 + 2*zz^2 - zz.
Option 9 is zz^4 + 3*zz^3 + 4*zz^2 + 2*zz + 1.
Option 10 is zz^5 + 3*zz^4 + 4*zz^3 + 2*zz^2 + zz.
Option 11 is zz^6 + 2*zz^5 - 5*zz^3 - 5*zz^2 - 3*zz - 1.
Option 12 is zz^7 + 2*zz^6 - 5*zz^4 - 5*zz^3 - 3*zz^2 - zz.
Option 13 is zz^8 + zz^7 + 2*zz^6 + 3*zz^5 + 5*zz^4 - 3*zz^3 + 2*zz^2 - zz + 1.
Option 14 is zz^9 + zz^8 + 2*zz^7 + 3*zz^6 + 5*zz^5 - 3*zz^4 + 2*zz^3 - zz^2 + 
zz.
Option 15 is zz^10 - 11*zz^5 - 1.
Option 16 is zz^11 - 11*zz^6 - zz.
The order of G is 5000.
The level is 25.120.0.2.
There are 260 conjugacy classes of G.
Their sizes are [ 1, 1, 25, 25, 25, 25, 25, 25, 1, 1, 1, 1, 4, 4, 4, 4, 4, 5, 5,
5, 5, 5, 5, 5, 5, 5, 5, 5, 5, 5, 5, 5, 5, 5, 5, 5, 5, 1, 1, 1, 1, 4, 4, 4, 4, 4,
5, 5, 5, 5, 5, 5, 5, 5, 5, 5, 5, 5, 5, 5, 5, 5, 5, 5, 5, 5, 25, 25, 25, 25, 25, 
25, 25, 25, 25, 25, 25, 25, 25, 25, 25, 25, 25, 25, 25, 25, 25, 25, 25, 25, 25, 
25, 25, 25, 25, 25, 25, 25, 25, 25, 25, 25, 25, 25, 25, 25, 25, 25, 25, 25, 25, 
25, 25, 25, 25, 25, 25, 25, 25, 25, 25, 25, 25, 25, 25, 25, 25, 25, 25, 25, 25, 
25, 25, 25, 25, 25, 25, 25, 25, 25, 25, 25, 25, 25, 25, 25, 25, 25, 25, 25, 25, 
25, 25, 25, 25, 25, 25, 25, 25, 25, 25, 25, 25, 25, 25, 25, 25, 25, 25, 25, 25, 
25, 25, 25, 25, 25, 25, 25, 25, 25, 25, 25, 25, 25, 25, 25, 25, 25, 25, 25, 25, 
25, 25, 25, 25, 25, 25, 25, 25, 25, 25, 25, 25, 25, 25, 25, 25, 25, 25, 25, 20, 
20, 20, 20, 20, 20, 20, 20, 20, 20, 20, 20, 20, 20, 20, 20, 20, 20, 20, 20, 20, 
20, 20, 20, 20, 20, 20, 20, 20, 20, 20, 20, 20, 20, 20, 20, 20, 20, 20, 20, 20, 
20, 20, 20, 20, 20, 20, 20, 20, 20 ].
Using t = 1.
Working on curve [ 0, 0, 0, -48, -304 ].
Enumerating points of order 25.
Selecting which conjugate of G we should use.
Testing choice 1. For choice 1, we get error 0.3648121076.
Testing choice 2. For choice 2, we get error 9.320495727E34.
Testing choice 3. For choice 3, we get error 2.327935520E34.
Testing choice 4. For choice 4, we get error 2.327955786E34.
Testing choice 5. For choice 5, we get error 9.320496039E34.
Testing choice 6. For choice 6, we get error 2.319918085E34.
Testing choice 7. For choice 7, we get error 2.291342663E34.
Testing choice 8. For choice 8, we get error 2.291519074E34.
Testing choice 9. For choice 9, we get error 2.332072634E34.
Testing choice 10. For choice 10, we get error 2.291298040E34.
Testing choice 11. For choice 11, we get error 2.290535365E34.
Testing choice 12. For choice 12, we get error 9.320498777E34.
Testing choice 13. For choice 13, we get error 2.343020238E34.
Testing choice 14. For choice 14, we get error 8.214727647E-1465.
Testing choice 15. For choice 15, we get error 2.291037333E34.
Testing choice 16. For choice 16, we get error 2.290932560E34.
Testing choice 17. For choice 17, we get error 8.093170908E32.
Testing choice 18. For choice 18, we get error 4.591875744E34.
Testing choice 19. For choice 19, we get error 4.518621894E34.
Testing choice 20. For choice 20, we get error 1.237898095E32.
Testing choice 21. For choice 21, we get error 4.591983099E34.
Testing choice 22. For choice 22, we get error 2.338333947E34.
Testing choice 23. For choice 23, we get error 2.330792535E34.
Testing choice 24. For choice 24, we get error 2.332906823E34.
Testing choice 25. For choice 25, we get error 9.320496143E34.
Testing choice 26. For choice 26, we get error 2.291328419E34.
Testing choice 27. For choice 27, we get error 2.290011195E34.
Testing choice 28. For choice 28, we get error 2.313863003E34.
Testing choice 29. For choice 29, we get error 2.327979092E34.
Testing choice 30. For choice 30, we get error 2.327952509E34.
Choice 14 is best.
Gfine has 1 conjugates inside Gtilde.
Computing fpolynomial.
Maximal error on fpolynomial was 8.340741763E-6215.
Maximal coefficient size of f polynomial was 4.273776816E1783.
Working on class 1. Maximal error on polynomial was 1.124029834E-1476.
Maximal coefficient size was 4.032195434E23.
Working on class 2. Maximal error on polynomial was 1.402301093E-1477.
Maximal coefficient size was 4.031065879E23.
Working on class 3. Maximal error on polynomial was 5.175732552E-976.
Maximal coefficient size was 1.714478968E523.
Working on class 4. Maximal error on polynomial was 8.457570211E-976.
Maximal coefficient size was 1.771094407E523.
Working on class 5. Maximal error on polynomial was 1.136536045E-981.
Maximal coefficient size was 4.857753555E517.
Working on class 6. Maximal error on polynomial was 5.168154097E-982.
Maximal coefficient size was 4.982649995E517.
Working on class 7. Maximal error on polynomial was 2.926273099E-982.
Maximal coefficient size was 1.362441799E517.
Working on class 8. Maximal error on polynomial was 9.330548712E-983.
Maximal coefficient size was 1.371730923E517.
Working on class 9. Maximal error on polynomial was 1.756296616E-1478.
Maximal coefficient size was 6.281172349E21.
Working on class 10. Maximal error on polynomial was 4.382190915E-1479.
Maximal coefficient size was 1.835459112E21.
Working on class 11. Maximal error on polynomial was 3.423586653E-1481.
Maximal coefficient size was 4.740310822E20.
Working on class 12. Maximal error on polynomial was 1.372106731E-1480.
Maximal coefficient size was 1.372585363E20.
Working on class 13. Maximal error on polynomial was 9.863238063E-1418.
Maximal coefficient size was 4.068075102E81.
Working on class 14. Maximal error on polynomial was 7.768177197E-1419.
Maximal coefficient size was 6.571757728E81.
Working on class 15. Maximal error on polynomial was 2.706717106E-1416.
Maximal coefficient size was 5.231376725E83.
Working on class 16. Maximal error on polynomial was 4.929777520E-1417.
Maximal coefficient size was 1.495694543E82.
Working on class 17. Maximal error on polynomial was 1.140596656E-1417.
Maximal coefficient size was 1.331560502E82.
Working on class 18. Maximal error on polynomial was 3.497043566E-1390.
Maximal coefficient size was 2.061838278E109.
Working on class 19. Maximal error on polynomial was 1.197351635E-1395.
Maximal coefficient size was 8.472257156E103.
Working on class 20. Maximal error on polynomial was 6.665648784E-1396.
Maximal coefficient size was 2.659503946E104.
Working on class 21. Maximal error on polynomial was 6.710282075E-1396.
Maximal coefficient size was 3.239110365E103.
Working on class 22. Maximal error on polynomial was 1.533759025E-1390.
Maximal coefficient size was 1.057939603E109.
Working on class 23. Maximal error on polynomial was 2.224251205E-1397.
Maximal coefficient size was 8.881342783E102.
Working on class 24. Maximal error on polynomial was 4.416581798E-1397.
Maximal coefficient size was 1.063882506E103.
Working on class 25. Maximal error on polynomial was 2.027196068E-1396.
Maximal coefficient size was 2.162636209E103.
Working on class 26. Maximal error on polynomial was 4.290987554E-1397.
Maximal coefficient size was 1.101371061E102.
Working on class 27. Maximal error on polynomial was 9.165205751E-1396.
Maximal coefficient size was 3.926442719E104.
Working on class 28. Maximal error on polynomial was 1.171442054E-1394.
Maximal coefficient size was 3.647443165E104.
Working on class 29. Maximal error on polynomial was 6.390362771E-1395.
Maximal coefficient size was 6.217159943E104.
Working on class 30. Maximal error on polynomial was 1.662991284E-1396.
Maximal coefficient size was 8.315694528E102.
Working on class 31. Maximal error on polynomial was 4.284264014E-1395.
Maximal coefficient size was 7.359624049E104.
Working on class 32. Maximal error on polynomial was 3.220383564E-1396.
Maximal coefficient size was 4.688189417E103.
Working on class 33. Maximal error on polynomial was 6.713859635E-1397.
Maximal coefficient size was 4.507749262E103.
Working on class 34. Maximal error on polynomial was 8.005102551E-1396.
Maximal coefficient size was 2.166710143E104.
Working on class 35. Maximal error on polynomial was 8.607085693E-1396.
Maximal coefficient size was 4.190677351E103.
Working on class 36. Maximal error on polynomial was 9.431986799E-1390.
Maximal coefficient size was 1.526412532E110.
Working on class 37. Maximal error on polynomial was 3.922960587E-1389.
Maximal coefficient size was 2.368640615E110.
Working on class 38. Maximal error on polynomial was 1.100351615E-1479.
Maximal coefficient size was 4.756273216E20.
Working on class 39. Maximal error on polynomial was 2.740206334E-1480.
Maximal coefficient size was 1.359563680E20.
Working on class 40. Maximal error on polynomial was 1.754801077E-1478.
Maximal coefficient size was 6.288263913E21.
Working on class 41. Maximal error on polynomial was 1.369434661E-1480.
Maximal coefficient size was 1.832243729E21.
Working on class 42. Maximal error on polynomial was 2.858261706E-1418.
Maximal coefficient size was 6.568671215E81.
Working on class 43. Maximal error on polynomial was 3.623616699E-1418.
Maximal coefficient size was 3.987177631E81.
Working on class 44. Maximal error on polynomial was 4.389162495E-1418.
Maximal coefficient size was 1.333794334E82.
Working on class 45. Maximal error on polynomial was 1.000037769E-1417.
Maximal coefficient size was 1.485199347E82.
Working on class 46. Maximal error on polynomial was 2.743745655E-1416.
Maximal coefficient size was 5.234747308E83.
Working on class 47. Maximal error on polynomial was 8.408690569E-1390.
Maximal coefficient size was 2.059664105E109.
Working on class 48. Maximal error on polynomial was 2.131811679E-1395.
Maximal coefficient size was 3.911886249E104.
Working on class 49. Maximal error on polynomial was 4.280761957E-1395.
Maximal coefficient size was 7.330309530E104.
Working on class 50. Maximal error on polynomial was 1.134045197E-1395.
Maximal coefficient size was 4.732911444E103.
Working on class 51. Maximal error on polynomial was 2.480990924E-1390.
Maximal coefficient size was 1.065512116E109.
Working on class 52. Maximal error on polynomial was 3.474500853E-1397.
Maximal coefficient size was 1.098390923E102.
Working on class 53. Maximal error on polynomial was 4.364465135E-1396.
Maximal coefficient size was 4.156198479E103.
Working on class 54. Maximal error on polynomial was 1.444746162E-1395.
Maximal coefficient size was 8.461208433E103.
Working on class 55. Maximal error on polynomial was 3.270709761E-1396.
Maximal coefficient size was 2.650469451E104.
Working on class 56. Maximal error on polynomial was 8.355858069E-1397.
Maximal coefficient size was 4.470125831E103.
Working on class 57. Maximal error on polynomial was 8.050664251E-1396.
Maximal coefficient size was 2.149412020E104.
Working on class 58. Maximal error on polynomial was 9.998453989E-1397.
Maximal coefficient size was 8.724961867E102.
Working on class 59. Maximal error on polynomial was 3.428275644E-1397.
Maximal coefficient size was 1.067849454E103.
Working on class 60. Maximal error on polynomial was 3.327104202E-1396.
Maximal coefficient size was 2.195770750E103.
Working on class 61. Maximal error on polynomial was 6.652866185E-1397.
Maximal coefficient size was 3.252276098E103.
Working on class 62. Maximal error on polynomial was 8.369289976E-1390.
Maximal coefficient size was 2.368973851E110.
Working on class 63. Maximal error on polynomial was 1.713459843E-1395.
Maximal coefficient size was 3.665528710E104.
Working on class 64. Maximal error on polynomial was 1.079877309E-1395.
Maximal coefficient size was 6.229488993E104.
Working on class 65. Maximal error on polynomial was 1.497083177E-1396.
Maximal coefficient size was 8.333268450E102.
Working on class 66. Maximal error on polynomial was 2.245942060E-1389.
Maximal coefficient size was 1.527772108E110.
Working on class 67. Maximal error on polynomial was 6.651354331E-974.
Maximal coefficient size was 4.713679772E525.
Working on class 68. Maximal error on polynomial was 2.436534486E-968.
Maximal coefficient size was 8.396084595E530.
Working on class 69. Maximal error on polynomial was 1.042344827E-963.
Maximal coefficient size was 1.170882205E536.
Working on class 70. Maximal error on polynomial was 9.578972695E-980.
Maximal coefficient size was 2.412553398E519.
Working on class 71. Maximal error on polynomial was 2.875384857E-977.
Maximal coefficient size was 6.131818666E522.
Working on class 72. Maximal error on polynomial was 9.346052506E-977.
Maximal coefficient size was 4.484776188E522.
Working on class 73. Maximal error on polynomial was 4.767344790E-979.
Maximal coefficient size was 1.272063308E520.
Working on class 74. Maximal error on polynomial was 1.807055161E-978.
Maximal coefficient size was 8.382741474E521.
Working on class 75. Maximal error on polynomial was 3.267990091E-979.
Maximal coefficient size was 9.877102797E520.
Working on class 76. Maximal error on polynomial was 1.035152364E-973.
Maximal coefficient size was 7.094969900E525.
Working on class 77. Maximal error on polynomial was 1.302817245E-974.
Maximal coefficient size was 1.970038615E525.
Working on class 78. Maximal error on polynomial was 8.518541585E-975.
Maximal coefficient size was 1.573346327E524.
Working on class 79. Maximal error on polynomial was 5.680282690E-974.
Maximal coefficient size was 4.714793686E525.
Working on class 80. Maximal error on polynomial was 6.063880425E-977.
Maximal coefficient size was 3.155670359E522.
Working on class 81. Maximal error on polynomial was 2.334907637E-977.
Maximal coefficient size was 1.026386168E523.
Working on class 82. Maximal error on polynomial was 1.834962523E-977.
Maximal coefficient size was 1.135401728E522.
Working on class 83. Maximal error on polynomial was 1.063224571E-979.
Maximal coefficient size was 1.898223926E520.
Working on class 84. Maximal error on polynomial was 1.028447080E-982.
Maximal coefficient size was 4.673783551E516.
Working on class 85. Maximal error on polynomial was 2.396592855E-977.
Maximal coefficient size was 1.001759253E522.
Working on class 86. Maximal error on polynomial was 5.620482841E-978.
Maximal coefficient size was 8.622822084E521.
Working on class 87. Maximal error on polynomial was 1.702773738E-977.
Maximal coefficient size was 3.329242541E522.
Working on class 88. Maximal error on polynomial was 1.979275693E-980.
Maximal coefficient size was 6.612032958E519.
Working on class 89. Maximal error on polynomial was 6.449688915E-980.
Maximal coefficient size was 8.589902690E519.
Working on class 90. Maximal error on polynomial was 1.575705606E-979.
Maximal coefficient size was 8.461708047E519.
Working on class 91. Maximal error on polynomial was 3.370875009E-977.
Maximal coefficient size was 3.144060616E522.
Working on class 92. Maximal error on polynomial was 1.484034953E-976.
Maximal coefficient size was 1.028141470E523.
Working on class 93. Maximal error on polynomial was 1.118317917E-977.
Maximal coefficient size was 1.133933669E522.
Working on class 94. Maximal error on polynomial was 3.696650957E-979.
Maximal coefficient size was 1.941502786E520.
Working on class 95. Maximal error on polynomial was 1.728461532E-982.
Maximal coefficient size was 4.543859701E516.
Working on class 96. Maximal error on polynomial was 2.750220627E-977.
Maximal coefficient size was 9.785263467E521.
Working on class 97. Maximal error on polynomial was 5.497920732E-978.
Maximal coefficient size was 8.733916255E521.
Working on class 98. Maximal error on polynomial was 1.223849090E-977.
Maximal coefficient size was 3.312441270E522.
Working on class 99. Maximal error on polynomial was 7.514608162E-980.
Maximal coefficient size was 6.560492156E519.
Working on class 100. Maximal error on polynomial was 2.714169751E-963.
Maximal coefficient size was 1.442432800E536.
Working on class 101. Maximal error on polynomial was 3.290130893E-963.
Maximal coefficient size was 1.452377617E536.
Working on class 102. Maximal error on polynomial was 8.846552543E-965.
Maximal coefficient size was 3.630445755E534.
Working on class 103. Maximal error on polynomial was 3.013851929E-969.
Maximal coefficient size was 8.455008129E530.
Working on class 104. Maximal error on polynomial was 1.648583915E-963.
Maximal coefficient size was 1.171300304E536.
Working on class 105. Maximal error on polynomial was 9.632082777E-980.
Maximal coefficient size was 2.487747384E519.
Working on class 106. Maximal error on polynomial was 1.007273448E-976.
Maximal coefficient size was 6.186167386E522.
Working on class 107. Maximal error on polynomial was 1.583501274E-976.
Maximal coefficient size was 4.447154213E522.
Working on class 108. Maximal error on polynomial was 5.261114757E-979.
Maximal coefficient size was 1.304960479E520.
Working on class 109. Maximal error on polynomial was 8.985538579E-978.
Maximal coefficient size was 8.579010353E521.
Working on class 110. Maximal error on polynomial was 1.690158955E-978.
Maximal coefficient size was 9.952537956E520.
Working on class 111. Maximal error on polynomial was 1.101470194E-973.
Maximal coefficient size was 7.064129395E525.
Working on class 112. Maximal error on polynomial was 6.388931605E-975.
Maximal coefficient size was 1.983932930E525.
Working on class 113. Maximal error on polynomial was 2.629075194E-975.
Maximal coefficient size was 1.588513298E524.
Working on class 114. Maximal error on polynomial was 8.557325800E-965.
Maximal coefficient size was 3.697442865E534.
Working on class 115. Maximal error on polynomial was 1.593803069E-980.
Maximal coefficient size was 1.158022441E519.
Working on class 116. Maximal error on polynomial was 3.001815489E-975.
Maximal coefficient size was 8.374069822E523.
Working on class 117. Maximal error on polynomial was 1.577481600E-967.
Maximal coefficient size was 5.130074828E532.
Working on class 118. Maximal error on polynomial was 7.239660869E-970.
Maximal coefficient size was 2.066988505E529.
Working on class 119. Maximal error on polynomial was 1.441716778E-972.
Maximal coefficient size was 8.193496029E526.
Working on class 120. Maximal error on polynomial was 9.884106096E-967.
Maximal coefficient size was 1.719201997E533.
Working on class 121. Maximal error on polynomial was 2.276699430E-979.
Maximal coefficient size was 8.974830327E519.
Working on class 122. Maximal error on polynomial was 2.647580450E-970.
Maximal coefficient size was 8.097623268E528.
Working on class 123. Maximal error on polynomial was 3.926400742E-973.
Maximal coefficient size was 2.851249078E526.
Working on class 124. Maximal error on polynomial was 4.757780560E-973.
Maximal coefficient size was 4.505317503E526.
Working on class 125. Maximal error on polynomial was 2.527686543E-970.
Maximal coefficient size was 1.767588639E529.
Working on class 126. Maximal error on polynomial was 1.647968832E-980.
Maximal coefficient size was 9.026775182E518.
Working on class 127. Maximal error on polynomial was 1.414373423E-978.
Maximal coefficient size was 1.052246954E521.
Working on class 128. Maximal error on polynomial was 4.723607649E-978.
Maximal coefficient size was 6.946327990E521.
Working on class 129. Maximal error on polynomial was 7.386059854E-979.
Maximal coefficient size was 3.117890260E520.
Working on class 130. Maximal error on polynomial was 1.124687544E-979.
Maximal coefficient size was 1.265201068E520.
Working on class 131. Maximal error on polynomial was 3.101249516E-981.
Maximal coefficient size was 1.109830055E518.
Working on class 132. Maximal error on polynomial was 5.040225524E-975.
Maximal coefficient size was 1.098797403E525.
Working on class 133. Maximal error on polynomial was 3.533712439E-976.
Maximal coefficient size was 6.972896744E522.
Working on class 134. Maximal error on polynomial was 1.310479688E-975.
Maximal coefficient size was 4.324196503E523.
Working on class 135. Maximal error on polynomial was 2.315852528E-976.
Maximal coefficient size was 2.187063326E523.
Working on class 136. Maximal error on polynomial was 1.406449476E-978.
Maximal coefficient size was 9.019133441E520.
Working on class 137. Maximal error on polynomial was 4.839615362E-978.
Maximal coefficient size was 2.477356914E521.
Working on class 138. Maximal error on polynomial was 1.400170673E-978.
Maximal coefficient size was 3.148092352E521.
Working on class 139. Maximal error on polynomial was 2.786896853E-980.
Maximal coefficient size was 1.155421723E519.
Working on class 140. Maximal error on polynomial was 9.906747045E-976.
Maximal coefficient size was 8.409466753E523.
Working on class 141. Maximal error on polynomial was 1.608595732E-966.
Maximal coefficient size was 5.145206903E532.
Working on class 142. Maximal error on polynomial was 9.965558134E-970.
Maximal coefficient size was 2.000402145E529.
Working on class 143. Maximal error on polynomial was 1.660646345E-972.
Maximal coefficient size was 8.493179131E526.
Working on class 144. Maximal error on polynomial was 2.281536633E-966.
Maximal coefficient size was 1.716764228E533.
Working on class 145. Maximal error on polynomial was 7.582996770E-979.
Maximal coefficient size was 8.919972113E519.
Working on class 146. Maximal error on polynomial was 1.238006522E-970.
Maximal coefficient size was 8.118682986E528.
Working on class 147. Maximal error on polynomial was 5.391672907E-973.
Maximal coefficient size was 2.788301993E526.
Working on class 148. Maximal error on polynomial was 6.357537009E-973.
Maximal coefficient size was 4.485547340E526.
Working on class 149. Maximal error on polynomial was 1.838982791E-970.
Maximal coefficient size was 1.767682240E529.
Working on class 150. Maximal error on polynomial was 6.549822699E-981.
Maximal coefficient size was 9.137796868E518.
Working on class 151. Maximal error on polynomial was 5.217459040E-978.
Maximal coefficient size was 1.062147391E521.
Working on class 152. Maximal error on polynomial was 2.076766269E-977.
Maximal coefficient size was 7.103496635E521.
Working on class 153. Maximal error on polynomial was 6.312241946E-979.
Maximal coefficient size was 3.094505146E520.
Working on class 154. Maximal error on polynomial was 3.129035985E-979.
Maximal coefficient size was 1.306899485E520.
Working on class 155. Maximal error on polynomial was 9.235032242E-978.
Maximal coefficient size was 1.283799312E522.
Working on class 156. Maximal error on polynomial was 1.245179306E-971.
Maximal coefficient size was 1.979064107E528.
Working on class 157. Maximal error on polynomial was 2.834412977E-971.
Maximal coefficient size was 7.289162293E527.
Working on class 158. Maximal error on polynomial was 2.062047161E-973.
Maximal coefficient size was 6.116101501E525.
Working on class 159. Maximal error on polynomial was 6.051950504E-971.
Maximal coefficient size was 1.346830766E529.
Working on class 160. Maximal error on polynomial was 1.385056623E-982.
Maximal coefficient size was 9.497998612E516.
Working on class 161. Maximal error on polynomial was 5.120121374E-978.
Maximal coefficient size was 6.129353954E521.
Working on class 162. Maximal error on polynomial was 2.848901712E-980.
Maximal coefficient size was 8.367954526E519.
Working on class 163. Maximal error on polynomial was 3.239996833E-977.
Maximal coefficient size was 2.587928646E522.
Working on class 164. Maximal error on polynomial was 2.086596528E-978.
Maximal coefficient size was 2.224036764E521.
Working on class 165. Maximal error on polynomial was 2.998441898E-979.
Maximal coefficient size was 1.745390070E520.
Working on class 166. Maximal error on polynomial was 2.993968506E-975.
Maximal coefficient size was 1.946914239E524.
Working on class 167. Maximal error on polynomial was 1.996205876E-975.
Maximal coefficient size was 3.354484908E524.
Working on class 168. Maximal error on polynomial was 2.571715031E-977.
Maximal coefficient size was 7.108996432E521.
Working on class 169. Maximal error on polynomial was 4.083177565E-975.
Maximal coefficient size was 2.984415537E524.
Working on class 170. Maximal error on polynomial was 9.373015374E-982.
Maximal coefficient size was 2.165495912E518.
Working on class 171. Maximal error on polynomial was 1.213313851E-977.
Maximal coefficient size was 3.153610358E521.
Working on class 172. Maximal error on polynomial was 1.798900072E-977.
Maximal coefficient size was 5.159454367E521.
Working on class 173. Maximal error on polynomial was 1.056435633E-980.
Maximal coefficient size was 2.820477173E518.
Working on class 174. Maximal error on polynomial was 6.051633787E-977.
Maximal coefficient size was 5.721608851E522.
Working on class 175. Maximal error on polynomial was 3.368869360E-967.
Maximal coefficient size was 3.108964850E532.
Working on class 176. Maximal error on polynomial was 5.171573509E-969.
Maximal coefficient size was 2.713767123E530.
Working on class 177. Maximal error on polynomial was 1.310455512E-970.
Maximal coefficient size was 7.275401771E528.
Working on class 178. Maximal error on polynomial was 4.649980522E-967.
Maximal coefficient size was 1.564338411E533.
Working on class 179. Maximal error on polynomial was 1.248024678E-976.
Maximal coefficient size was 5.848223488E522.
Working on class 180. Maximal error on polynomial was 5.349166467E-967.
Maximal coefficient size was 3.094324464E532.
Working on class 181. Maximal error on polynomial was 9.653800186E-969.
Maximal coefficient size was 2.764136297E530.
Working on class 182. Maximal error on polynomial was 8.250718118E-971.
Maximal coefficient size was 7.394967938E528.
Working on class 183. Maximal error on polynomial was 2.266496169E-966.
Maximal coefficient size was 1.567240508E533.
Working on class 184. Maximal error on polynomial was 8.091267155E-977.
Maximal coefficient size was 1.272515779E522.
Working on class 185. Maximal error on polynomial was 1.303615642E-971.
Maximal coefficient size was 1.956241545E528.
Working on class 186. Maximal error on polynomial was 5.164417732E-972.
Maximal coefficient size was 7.246553543E527.
Working on class 187. Maximal error on polynomial was 2.800230372E-973.
Maximal coefficient size was 6.026587663E525.
Working on class 188. Maximal error on polynomial was 4.533126065E-971.
Maximal coefficient size was 1.349285550E529.
Working on class 189. Maximal error on polynomial was 5.395334838E-982.
Maximal coefficient size was 9.384724346E516.
Working on class 190. Maximal error on polynomial was 1.287822721E-977.
Maximal coefficient size was 6.257142115E521.
Working on class 191. Maximal error on polynomial was 6.225833739E-980.
Maximal coefficient size was 8.367339698E519.
Working on class 192. Maximal error on polynomial was 5.783063706E-977.
Maximal coefficient size was 2.596668120E522.
Working on class 193. Maximal error on polynomial was 4.730286968E-978.
Maximal coefficient size was 2.222974327E521.
Working on class 194. Maximal error on polynomial was 6.310390319E-979.
Maximal coefficient size was 1.688172152E520.
Working on class 195. Maximal error on polynomial was 1.883853495E-975.
Maximal coefficient size was 1.952553251E524.
Working on class 196. Maximal error on polynomial was 5.253398861E-975.
Maximal coefficient size was 3.385347364E524.
Working on class 197. Maximal error on polynomial was 6.126846191E-978.
Maximal coefficient size was 7.036945552E521.
Working on class 198. Maximal error on polynomial was 3.681782020E-975.
Maximal coefficient size was 2.976518380E524.
Working on class 199. Maximal error on polynomial was 2.047492335E-980.
Maximal coefficient size was 1.963358285E518.
Working on class 200. Maximal error on polynomial was 3.166829441E-978.
Maximal coefficient size was 3.194345391E521.
Working on class 201. Maximal error on polynomial was 1.527622312E-977.
Maximal coefficient size was 5.140386448E521.
Working on class 202. Maximal error on polynomial was 2.699719329E-981.
Maximal coefficient size was 2.810237588E518.
Working on class 203. Maximal error on polynomial was 5.176223481E-981.
Maximal coefficient size was 1.075132612E518.
Working on class 204. Maximal error on polynomial was 2.435988196E-974.
Maximal coefficient size was 1.109158523E525.
Working on class 205. Maximal error on polynomial was 5.035320869E-976.
Maximal coefficient size was 6.874005739E522.
Working on class 206. Maximal error on polynomial was 3.155530918E-976.
Maximal coefficient size was 4.278581953E523.
Working on class 207. Maximal error on polynomial was 3.713144009E-976.
Maximal coefficient size was 2.187335058E523.
Working on class 208. Maximal error on polynomial was 3.819578541E-978.
Maximal coefficient size was 9.124289445E520.
Working on class 209. Maximal error on polynomial was 3.167850343E-978.
Maximal coefficient size was 2.489193485E521.
Working on class 210. Maximal error on polynomial was 4.536197677E-978.
Maximal coefficient size was 3.100555056E521.
Working on class 211. Maximal error on polynomial was 7.419007535E-1081.
Maximal coefficient size was 6.720715594E418.
Working on class 212. Maximal error on polynomial was 3.082533841E-1078.
Maximal coefficient size was 1.265238666E421.
Working on class 213. Maximal error on polynomial was 6.906049333E-1084.
Maximal coefficient size was 1.948577323E415.
Working on class 214. Maximal error on polynomial was 6.916487380E-1082.
Maximal coefficient size was 3.692054564E417.
Working on class 215. Maximal error on polynomial was 3.183127347E-1083.
Maximal coefficient size was 5.167115404E416.
Working on class 216. Maximal error on polynomial was 4.928889186E-1081.
Maximal coefficient size was 3.695022993E418.
Working on class 217. Maximal error on polynomial was 1.254217249E-1077.
Maximal coefficient size was 4.195549484E421.
Working on class 218. Maximal error on polynomial was 1.083099135E-1083.
Maximal coefficient size was 4.984634528E415.
Working on class 219. Maximal error on polynomial was 2.774662807E-1073.
Maximal coefficient size was 3.135206815E426.
Working on class 220. Maximal error on polynomial was 6.063800028E-1081.
Maximal coefficient size was 3.377861359E418.
Working on class 221. Maximal error on polynomial was 1.094011610E-1075.
Maximal coefficient size was 1.465467636E424.
Working on class 222. Maximal error on polynomial was 2.655937927E-1081.
Maximal coefficient size was 1.100814319E418.
Working on class 223. Maximal error on polynomial was 6.024883757E-1081.
Maximal coefficient size was 5.910390312E418.
Working on class 224. Maximal error on polynomial was 8.573824744E-1086.
Maximal coefficient size was 5.185868669E413.
Working on class 225. Maximal error on polynomial was 6.419097213E-1080.
Maximal coefficient size was 3.009814141E419.
Working on class 226. Maximal error on polynomial was 7.242907413E-1084.
Maximal coefficient size was 4.493586432E415.
Working on class 227. Maximal error on polynomial was 3.260512102E-1081.
Maximal coefficient size was 2.541103038E418.
Working on class 228. Maximal error on polynomial was 1.925701340E-1079.
Maximal coefficient size was 3.201097958E420.
Working on class 229. Maximal error on polynomial was 2.023736967E-1073.
Maximal coefficient size was 2.987279956E426.
Working on class 230. Maximal error on polynomial was 3.066732629E-1083.
Maximal coefficient size was 1.018966660E416.
Working on class 231. Maximal error on polynomial was 1.914002364E-1080.
Maximal coefficient size was 1.427910361E419.
Working on class 232. Maximal error on polynomial was 1.507512933E-1080.
Maximal coefficient size was 9.556750914E418.
Working on class 233. Maximal error on polynomial was 3.910955978E-1081.
Maximal coefficient size was 2.242492125E418.
Working on class 234. Maximal error on polynomial was 1.003099035E-1080.
Maximal coefficient size was 3.550092441E418.
Working on class 235. Maximal error on polynomial was 3.455923780E-1078.
Maximal coefficient size was 3.792044944E421.
Working on class 236. Maximal error on polynomial was 2.258286413E-1080.
Maximal coefficient size was 3.055362997E419.
Working on class 237. Maximal error on polynomial was 2.239911615E-1078.
Maximal coefficient size was 1.299115190E421.
Working on class 238. Maximal error on polynomial was 5.877756728E-1084.
Maximal coefficient size was 5.014376548E415.
Working on class 239. Maximal error on polynomial was 5.732535993E-1073.
Maximal coefficient size was 3.122432184E426.
Working on class 240. Maximal error on polynomial was 2.641080125E-1081.
Maximal coefficient size was 2.524962325E418.
Working on class 241. Maximal error on polynomial was 1.291645762E-1085.
Maximal coefficient size was 5.324842433E413.
Working on class 242. Maximal error on polynomial was 1.540837261E-1077.
Maximal coefficient size was 4.221446309E421.
Working on class 243. Maximal error on polynomial was 9.028620613E-1081.
Maximal coefficient size was 9.403009272E418.
Working on class 244. Maximal error on polynomial was 7.050465248E-1084.
Maximal coefficient size was 1.024450640E416.
Working on class 245. Maximal error on polynomial was 4.693442587E-1082.
Maximal coefficient size was 3.742877829E417.
Working on class 246. Maximal error on polynomial was 1.012577355E-1080.
Maximal coefficient size was 3.595169938E418.
Working on class 247. Maximal error on polynomial was 7.062958741E-1081.
Maximal coefficient size was 5.926496157E418.
Working on class 248. Maximal error on polynomial was 2.124312028E-1081.
Maximal coefficient size was 3.724775071E418.
Working on class 249. Maximal error on polynomial was 6.076916645E-1081.
Maximal coefficient size was 2.265893745E418.
Working on class 250. Maximal error on polynomial was 3.039748073E-1073.
Maximal coefficient size was 3.000896088E426.
Working on class 251. Maximal error on polynomial was 1.008440462E-1081.
Maximal coefficient size was 1.093147592E418.
Working on class 252. Maximal error on polynomial was 7.116343539E-1081.
Maximal coefficient size was 6.750904173E418.
Working on class 253. Maximal error on polynomial was 2.591495792E-1084.
Maximal coefficient size was 4.444610449E415.
Working on class 254. Maximal error on polynomial was 5.525368250E-1081.
Maximal coefficient size was 3.367523771E418.
Working on class 255. Maximal error on polynomial was 6.737536972E-1080.
Maximal coefficient size was 1.494364490E419.
Working on class 256. Maximal error on polynomial was 1.622197413E-1084.
Maximal coefficient size was 1.928554530E415.
Working on class 257. Maximal error on polynomial was 1.925326433E-1075.
Maximal coefficient size was 1.439754629E424.
Working on class 258. Maximal error on polynomial was 3.256794036E-1078.
Maximal coefficient size was 3.730129516E421.
Working on class 259. Maximal error on polynomial was 5.072760152E-1083.
Maximal coefficient size was 5.235293840E416.
Working on class 260. Maximal error on polynomial was 4.904709039E-1080.
Maximal coefficient size was 3.179670192E420.
Maximal error was 3.290130893E-963.
We have p = 5.
The prime 7 divides the resultant of 6 and 8.
The prime 13 divides the resultant of 12 and 34.
The prime 17 divides the resultant of 1 and 11.
The prime 19 divides the resultant of 4 and 8.
The prime 23 divides the resultant of 23 and 54.
The prime 29 divides the resultant of 34 and 55.
The prime 31 divides the resultant of 13 and 45.
The prime 37 divides the resultant of 130 and 177.
The prime 41 divides the resultant of 211 and 220.
The prime 43 divides the resultant of 6 and 67.
The prime 47 divides the resultant of 53 and 84.
The prime 53 divides the resultant of 57 and 110.
The prime 59 divides the resultant of 56 and 94.
The prime 61 divides the resultant of 40 and 213.
The prime 67 divides the resultant of 69 and 94.
The prime 71 divides the resultant of 211 and 216.
The prime 73 divides the resultant of 12 and 75.
The prime 79 divides the resultant of 20 and 86.
The prime 83 divides the resultant of 35 and 177.
The prime 89 divides the resultant of 34 and 105.
The prime 97 divides the resultant of 70 and 79.
The prime 101 divides the resultant of 42 and 50.
For pp = 103, we have the following.
Element is [ 4 13]
[ 9  5].
For conjugate 1, chival = -1.
Old possibilities [ 1, 3, 5, 11, 15, 33, 55, 165, -1, -3, -5, -11, -15, -33, 
-55, -165 ].
Possibilities now [ 3, 5, 11, 165, -1, -15, -33, -55 ].
The prime 107 divides the resultant of 95 and 141.
The prime 109 divides the resultant of 84 and 152.
The prime 113 divides the resultant of 20 and 31.
The prime 127 divides the resultant of 39 and 134.
The prime 131 divides the resultant of 219 and 238.
The prime 137 divides the resultant of 108 and 111.
For pp = 139, we have the following.
Element is [ 3 17]
[21  7].
For conjugate 1, chival = 1.
Old possibilities [ 3, 5, 11, 165, -1, -15, -33, -55 ].
Possibilities now [ 5, 11, -15, -33 ].
The prime 149 divides the resultant of 34 and 93.
The prime 151 divides the resultant of 24 and 33.
The prime 157 divides the resultant of 117 and 206.
The prime 163 divides the resultant of 133 and 180.
The prime 167 divides the resultant of 83 and 110.
For pp = 173, we have the following.
Element is [ 1 17]
[21  5].
For conjugate 1, chival = 1.
Old possibilities [ 5, 11, -15, -33 ].
Possibilities now [ -15, -33 ].
The prime 179 divides the resultant of 91 and 100.
The prime 181 divides the resultant of 216 and 250.
The prime 191 divides the resultant of 11 and 229.
For pp = 193, we have the following.
Element is [19  3]
[24 10].
For conjugate 1, chival = -1.
For pp = 197, we have the following.
Element is [20 16]
[23  7].
For conjugate 1, chival = 1.
For pp = 199, we have the following.
Element is [ 3 17]
[ 1 22].
For conjugate 1, chival = 1.
Old possibilities [ -15, -33 ].
Possibilities now [ -15 ].
For conjugate 1, the unique twist is -15.
After t = 1, the options lists were the following.
For divisor 1, options = [ -15 ].
For divisor zz, options = [ -15 ].
For divisor zz^2 - zz - 1, options = [ 15 ].
For divisor zz^3 - zz^2 - zz, options = [ 15 ].
For divisor zz^4 - 2*zz^3 + 4*zz^2 - 3*zz + 1, options = [ -15 ].
For divisor zz^5 - 2*zz^4 + 4*zz^3 - 3*zz^2 + zz, options = [ -15 ].
For divisor zz^6 - 3*zz^5 + 5*zz^4 - 5*zz^3 + 2*zz - 1, options = [ 15 ].
For divisor zz^7 - 3*zz^6 + 5*zz^5 - 5*zz^4 + 2*zz^2 - zz, options = [ 15 ].
For divisor zz^4 + 3*zz^3 + 4*zz^2 + 2*zz + 1, options = [ -165 ].
For divisor zz^5 + 3*zz^4 + 4*zz^3 + 2*zz^2 + zz, options = [ -165 ].
For divisor zz^6 + 2*zz^5 - 5*zz^3 - 5*zz^2 - 3*zz - 1, options = [ 165 ].
For divisor zz^7 + 2*zz^6 - 5*zz^4 - 5*zz^3 - 3*zz^2 - zz, options = [ 165 ].
For divisor zz^8 + zz^7 + 2*zz^6 + 3*zz^5 + 5*zz^4 - 3*zz^3 + 2*zz^2 - zz + 1, 
options = [ -165 ].
For divisor zz^9 + zz^8 + 2*zz^7 + 3*zz^6 + 5*zz^5 - 3*zz^4 + 2*zz^3 - zz^2 + 
zz, options = [ -165 ].
For divisor zz^10 - 11*zz^5 - 1, options = [ 165 ].
For divisor zz^11 - 11*zz^6 - zz, options = [ 165 ].
Using t = 2.
Working on curve [ 0, 0, 0, -2010243, -1096965250 ].
Enumerating points of order 25.
Selecting which conjugate of G we should use.
Testing choice 1. For choice 1, we get error 0.02932534157.
Testing choice 2. For choice 2, we get error 1.471383988E51.
Testing choice 3. For choice 3, we get error 9.167836045E51.
Testing choice 4. For choice 4, we get error 9.176322393E51.
Testing choice 5. For choice 5, we get error 1.471383988E51.
Testing choice 6. For choice 6, we get error 2.138864011E51.
Testing choice 7. For choice 7, we get error 4.049319445E51.
Testing choice 8. For choice 8, we get error 4.054482678E51.
Testing choice 9. For choice 9, we get error 2.105457759E51.
Testing choice 10. For choice 10, we get error 1.573112378E51.
Testing choice 11. For choice 11, we get error 4.032710441E51.
Testing choice 12. For choice 12, we get error 1.471383988E51.
Testing choice 13. For choice 13, we get error 2.134114080E51.
Testing choice 14. For choice 14, we get error 3.998374682E51.
Testing choice 15. For choice 15, we get error 1.551372848E51.
Testing choice 16. For choice 16, we get error 1.574130995E51.
Testing choice 17. For choice 17, we get error 4.925909015E51.
Testing choice 18. For choice 18, we get error 8.099439437E51.
Testing choice 19. For choice 19, we get error 9.334405499E-1448.
Testing choice 20. For choice 20, we get error 2.673806451E49.
Testing choice 21. For choice 21, we get error 3.155700814E51.
Testing choice 22. For choice 22, we get error 2.111594178E51.
Testing choice 23. For choice 23, we get error 2.156356061E51.
Testing choice 24. For choice 24, we get error 2.134092337E51.
Testing choice 25. For choice 25, we get error 1.471383988E51.
Testing choice 26. For choice 26, we get error 4.053604615E51.
Testing choice 27. For choice 27, we get error 1.017324979E51.
Testing choice 28. For choice 28, we get error 2.099506618E51.
Testing choice 29. For choice 29, we get error 9.202183481E51.
Testing choice 30. For choice 30, we get error 9.176205364E51.
Choice 19 is best.
Gfine has 1 conjugates inside Gtilde.
Computing fpolynomial.
Maximal error on fpolynomial was 9.356942630E-4818.
Maximal coefficient size of f polynomial was 1.522497184E3180.
Working on class 1. Maximal error on polynomial was 1.176335417E-1470.
Maximal coefficient size was 1.105195667E37.
Working on class 2. Maximal error on polynomial was 1.720390547E-1469.
Maximal coefficient size was 1.105193960E37.
Working on class 3. Maximal error on polynomial was 6.591737431E-660.
Maximal coefficient size was 2.426384826E839.
Working on class 4. Maximal error on polynomial was 7.288209672E-661.
Maximal coefficient size was 2.419325193E839.
Working on class 5. Maximal error on polynomial was 2.326783153E-668.
Maximal coefficient size was 1.998846682E831.
Working on class 6. Maximal error on polynomial was 2.859287016E-668.
Maximal coefficient size was 1.990567000E831.
Working on class 7. Maximal error on polynomial was 6.162039782E-674.
Maximal coefficient size was 2.333864457E825.
Working on class 8. Maximal error on polynomial was 1.084640265E-673.
Maximal coefficient size was 2.334349394E825.
Working on class 9. Maximal error on polynomial was 2.504307821E-1471.
Maximal coefficient size was 1.718867130E35.
Working on class 10. Maximal error on polynomial was 4.595060221E-1473.
Maximal coefficient size was 4.978713225E34.
Working on class 11. Maximal error on polynomial was 1.378518066E-1472.
Maximal coefficient size was 1.261261056E34.
Working on class 12. Maximal error on polynomial was 4.818269867E-1467.
Maximal coefficient size was 3.538242719E33.
Working on class 13. Maximal error on polynomial was 2.624888154E-1370.
Maximal coefficient size was 1.841114522E131.
Working on class 14. Maximal error on polynomial was 6.901669090E-1369.
Maximal coefficient size was 2.504134163E131.
Working on class 15. Maximal error on polynomial was 1.748496729E-1369.
Maximal coefficient size was 1.241095492E131.
Working on class 16. Maximal error on polynomial was 3.301192905E-1369.
Maximal coefficient size was 1.285478378E131.
Working on class 17. Maximal error on polynomial was 3.302259177E-1369.
Maximal coefficient size was 2.177086120E131.
Working on class 18. Maximal error on polynomial was 1.266482625E-1333.
Maximal coefficient size was 1.890220601E168.
Working on class 19. Maximal error on polynomial was 5.647624591E-1335.
Maximal coefficient size was 2.639960122E164.
Working on class 20. Maximal error on polynomial was 2.736418332E-1334.
Maximal coefficient size was 8.719564791E165.
Working on class 21. Maximal error on polynomial was 8.601091185E-1336.
Maximal coefficient size was 4.443162642E164.
Working on class 22. Maximal error on polynomial was 4.209167209E-1331.
Maximal coefficient size was 4.299332032E168.
Working on class 23. Maximal error on polynomial was 4.104186519E-1334.
Maximal coefficient size was 9.412688302E165.
Working on class 24. Maximal error on polynomial was 4.104110288E-1334.
Maximal coefficient size was 8.695413974E165.
Working on class 25. Maximal error on polynomial was 4.104790821E-1334.
Maximal coefficient size was 5.454419281E165.
Working on class 26. Maximal error on polynomial was 1.904933967E-1335.
Maximal coefficient size was 5.224749183E164.
Working on class 27. Maximal error on polynomial was 6.671780701E-1333.
Maximal coefficient size was 1.258988174E167.
Working on class 28. Maximal error on polynomial was 3.425468401E-1335.
Maximal coefficient size was 1.583028554E165.
Working on class 29. Maximal error on polynomial was 1.730396724E-1335.
Maximal coefficient size was 1.571493771E165.
Working on class 30. Maximal error on polynomial was 5.148425574E-1335.
Maximal coefficient size was 1.586489821E165.
Working on class 31. Maximal error on polynomial was 5.490505117E-1334.
Maximal coefficient size was 4.393457729E166.
Working on class 32. Maximal error on polynomial was 5.954913944E-1334.
Maximal coefficient size was 3.840606318E166.
Working on class 33. Maximal error on polynomial was 8.550063158E-1336.
Maximal coefficient size was 4.310528409E164.
Working on class 34. Maximal error on polynomial was 8.803561343E-1336.
Maximal coefficient size was 4.484080466E164.
Working on class 35. Maximal error on polynomial was 1.643569421E-1333.
Maximal coefficient size was 4.241198173E166.
Working on class 36. Maximal error on polynomial was 2.187919144E-1332.
Maximal coefficient size was 1.098353343E168.
Working on class 37. Maximal error on polynomial was 5.090837913E-1333.
Maximal coefficient size was 2.491351882E168.
Working on class 38. Maximal error on polynomial was 4.595060221E-1473.
Maximal coefficient size was 1.261285179E34.
Working on class 39. Maximal error on polynomial was 4.311994873E-7966.
Maximal coefficient size was 3.538045935E33.
Working on class 40. Maximal error on polynomial was 9.190120442E-1473.
Maximal coefficient size was 1.718877846E35.
Working on class 41. Maximal error on polynomial was 1.541846357E-1465.
Maximal coefficient size was 4.978664633E34.
Working on class 42. Maximal error on polynomial was 2.310931340E-1368.
Maximal coefficient size was 2.506059922E131.
Working on class 43. Maximal error on polynomial was 2.968535480E-1370.
Maximal coefficient size was 1.838464409E131.
Working on class 44. Maximal error on polynomial was 5.992780714E-1370.
Maximal coefficient size was 2.179782981E131.
Working on class 45. Maximal error on polynomial was 1.656773524E-1369.
Maximal coefficient size was 1.287049504E131.
Working on class 46. Maximal error on polynomial was 1.949295947E-1370.
Maximal coefficient size was 1.240453201E131.
Working on class 47. Maximal error on polynomial was 7.004222646E-1332.
Maximal coefficient size was 1.889080768E168.
Working on class 48. Maximal error on polynomial was 8.758844194E-1333.
Maximal coefficient size was 1.260003650E167.
Working on class 49. Maximal error on polynomial was 1.094717926E-1333.
Maximal coefficient size was 4.398580639E166.
Working on class 50. Maximal error on polynomial was 1.651994496E-1333.
Maximal coefficient size was 3.845350102E166.
Working on class 51. Maximal error on polynomial was 7.999593714E-1332.
Maximal coefficient size was 4.297808741E168.
Working on class 52. Maximal error on polynomial was 1.885995038E-1335.
Maximal coefficient size was 5.227893102E164.
Working on class 53. Maximal error on polynomial was 1.642716523E-1333.
Maximal coefficient size was 4.246310822E166.
Working on class 54. Maximal error on polynomial was 5.557791939E-1335.
Maximal coefficient size was 2.622092749E164.
Working on class 55. Maximal error on polynomial was 2.736459738E-1334.
Maximal coefficient size was 8.706610720E165.
Working on class 56. Maximal error on polynomial was 4.286069342E-1336.
Maximal coefficient size was 4.308037865E164.
Working on class 57. Maximal error on polynomial was 4.334505703E-1336.
Maximal coefficient size was 4.481347942E164.
Working on class 58. Maximal error on polynomial was 5.423089521E-1336.
Maximal coefficient size was 9.399196226E165.
Working on class 59. Maximal error on polynomial was 1.371735574E-1334.
Maximal coefficient size was 8.682444283E165.
Working on class 60. Maximal error on polynomial was 4.788053523E-1334.
Maximal coefficient size was 5.459078249E165.
Working on class 61. Maximal error on polynomial was 8.699915458E-1336.
Maximal coefficient size was 4.440368419E164.
Working on class 62. Maximal error on polynomial was 1.401038250E-1331.
Maximal coefficient size was 2.490241974E168.
Working on class 63. Maximal error on polynomial was 3.435085331E-1335.
Maximal coefficient size was 1.585018519E165.
Working on class 64. Maximal error on polynomial was 1.901493581E-1335.
Maximal coefficient size was 1.573459149E165.
Working on class 65. Maximal error on polynomial was 1.964120936E-1335.
Maximal coefficient size was 1.588490594E165.
Working on class 66. Maximal error on polynomial was 9.094885331E-1332.
Maximal coefficient size was 1.096805835E168.
Working on class 67. Maximal error on polynomial was 2.030752292E-668.
Maximal coefficient size was 4.767935283E831.
Working on class 68. Maximal error on polynomial was 5.467178746E-663.
Maximal coefficient size was 3.589237038E837.
Working on class 69. Maximal error on polynomial was 4.164301816E-660.
Maximal coefficient size was 6.606861978E839.
Working on class 70. Maximal error on polynomial was 4.735817849E-672.
Maximal coefficient size was 3.229599185E827.
Working on class 71. Maximal error on polynomial was 4.615260486E-674.
Maximal coefficient size was 2.372442966E826.
Working on class 72. Maximal error on polynomial was 1.580135424E-673.
Maximal coefficient size was 2.262200129E826.
Working on class 73. Maximal error on polynomial was 3.301456374E-675.
Maximal coefficient size was 2.545295807E826.
Working on class 74. Maximal error on polynomial was 1.185746556E-673.
Maximal coefficient size was 2.474159909E826.
Working on class 75. Maximal error on polynomial was 3.741112651E-669.
Maximal coefficient size was 4.098306519E830.
Working on class 76. Maximal error on polynomial was 1.038538697E-668.
Maximal coefficient size was 4.416163990E831.
Working on class 77. Maximal error on polynomial was 2.074422369E-668.
Maximal coefficient size was 5.054699608E831.
Working on class 78. Maximal error on polynomial was 6.256718827E-668.
Maximal coefficient size was 5.480948561E831.
Working on class 79. Maximal error on polynomial was 4.976248849E-669.
Maximal coefficient size was 4.801268983E831.
Working on class 80. Maximal error on polynomial was 2.040040753E-670.
Maximal coefficient size was 2.394205086E829.
Working on class 81. Maximal error on polynomial was 2.026426037E-670.
Maximal coefficient size was 2.502314128E829.
Working on class 82. Maximal error on polynomial was 1.616591445E-670.
Maximal coefficient size was 1.885378940E829.
Working on class 83. Maximal error on polynomial was 2.246436732E-670.
Maximal coefficient size was 2.059261643E829.
Working on class 84. Maximal error on polynomial was 2.970738654E-674.
Maximal coefficient size was 3.706167803E825.
Working on class 85. Maximal error on polynomial was 1.184005308E-673.
Maximal coefficient size was 1.893654513E826.
Working on class 86. Maximal error on polynomial was 1.020629494E-673.
Maximal coefficient size was 2.077283979E826.
Working on class 87. Maximal error on polynomial was 2.762632175E-673.
Maximal coefficient size was 2.323348066E826.
Working on class 88. Maximal error on polynomial was 1.596060504E-673.
Maximal coefficient size was 2.023910350E826.
Working on class 89. Maximal error on polynomial was 6.617840428E-667.
Maximal coefficient size was 2.228304937E832.
Working on class 90. Maximal error on polynomial was 1.654403874E-667.
Maximal coefficient size was 2.237576513E832.
Working on class 91. Maximal error on polynomial was 5.007452723E-671.
Maximal coefficient size was 2.414815907E829.
Working on class 92. Maximal error on polynomial was 1.708622410E-671.
Maximal coefficient size was 2.523620461E829.
Working on class 93. Maximal error on polynomial was 4.038785750E-671.
Maximal coefficient size was 1.902123866E829.
Working on class 94. Maximal error on polynomial was 1.010081181E-670.
Maximal coefficient size was 2.077444902E829.
Working on class 95. Maximal error on polynomial was 1.824362790E-673.
Maximal coefficient size was 3.720975360E825.
Working on class 96. Maximal error on polynomial was 1.992921316E-674.
Maximal coefficient size was 1.878222903E826.
Working on class 97. Maximal error on polynomial was 1.187419796E-673.
Maximal coefficient size was 2.060572465E826.
Working on class 98. Maximal error on polynomial was 3.953116459E-674.
Maximal coefficient size was 2.304897761E826.
Working on class 99. Maximal error on polynomial was 5.813810206E-675.
Maximal coefficient size was 2.007888331E826.
Working on class 100. Maximal error on polynomial was 6.245424427E-661.
Maximal coefficient size was 7.981896609E838.
Working on class 101. Maximal error on polynomial was 1.604212562E-660.
Maximal coefficient size was 8.010763549E838.
Working on class 102. Maximal error on polynomial was 4.391974191E-662.
Maximal coefficient size was 7.473389238E837.
Working on class 103. Maximal error on polynomial was 1.629672090E-662.
Maximal coefficient size was 3.602705175E837.
Working on class 104. Maximal error on polynomial was 1.490221983E-661.
Maximal coefficient size was 6.613583301E839.
Working on class 105. Maximal error on polynomial was 8.253038415E-672.
Maximal coefficient size was 3.238341135E827.
Working on class 106. Maximal error on polynomial was 1.903834962E-674.
Maximal coefficient size was 2.374050254E826.
Working on class 107. Maximal error on polynomial was 4.783955146E-674.
Maximal coefficient size was 2.263683077E826.
Working on class 108. Maximal error on polynomial was 7.959026976E-674.
Maximal coefficient size was 2.547012479E826.
Working on class 109. Maximal error on polynomial was 4.106631824E-674.
Maximal coefficient size was 2.475661230E826.
Working on class 110. Maximal error on polynomial was 9.046396697E-669.
Maximal coefficient size was 4.107267135E830.
Working on class 111. Maximal error on polynomial was 3.120810788E-668.
Maximal coefficient size was 4.387550030E831.
Working on class 112. Maximal error on polynomial was 4.163955333E-669.
Maximal coefficient size was 5.022940895E831.
Working on class 113. Maximal error on polynomial was 3.115002158E-668.
Maximal coefficient size was 5.446174821E831.
Working on class 114. Maximal error on polynomial was 1.261673993E-662.
Maximal coefficient size was 7.441924067E837.
Working on class 115. Maximal error on polynomial was 1.262372486E-671.
Maximal coefficient size was 2.199948766E828.
Working on class 116. Maximal error on polynomial was 8.507873458E-665.
Maximal coefficient size was 7.839070677E834.
Working on class 117. Maximal error on polynomial was 4.664820222E-664.
Maximal coefficient size was 4.154757731E835.
Working on class 118. Maximal error on polynomial was 3.811754221E-664.
Maximal coefficient size was 3.435200273E835.
Working on class 119. Maximal error on polynomial was 3.401318552E-664.
Maximal coefficient size was 3.596575338E835.
Working on class 120. Maximal error on polynomial was 5.312376707E-664.
Maximal coefficient size was 1.262193196E836.
Working on class 121. Maximal error on polynomial was 3.455733562E-664.
Maximal coefficient size was 4.477800934E835.
Working on class 122. Maximal error on polynomial was 3.029987230E-666.
Maximal coefficient size was 3.496413175E833.
Working on class 123. Maximal error on polynomial was 6.639877361E-667.
Maximal coefficient size was 3.089231741E833.
Working on class 124. Maximal error on polynomial was 4.631798777E-666.
Maximal coefficient size was 2.974543209E833.
Working on class 125. Maximal error on polynomial was 2.651396952E-666.
Maximal coefficient size was 5.562999129E833.
Working on class 126. Maximal error on polynomial was 3.564057317E-669.
Maximal coefficient size was 1.877873401E830.
Working on class 127. Maximal error on polynomial was 4.909980880E-673.
Maximal coefficient size was 1.672822258E827.
Working on class 128. Maximal error on polynomial was 1.648324030E-673.
Maximal coefficient size was 1.543694427E827.
Working on class 129. Maximal error on polynomial was 3.221477158E-673.
Maximal coefficient size was 1.406606943E827.
Working on class 130. Maximal error on polynomial was 1.267697978E-672.
Maximal coefficient size was 4.557854503E827.
Working on class 131. Maximal error on polynomial was 2.038677928E-671.
Maximal coefficient size was 7.739545761E828.
Working on class 132. Maximal error on polynomial was 4.571608284E-671.
Maximal coefficient size was 3.420994582E828.
Working on class 133. Maximal error on polynomial was 1.262500549E-671.
Maximal coefficient size was 2.050886428E828.
Working on class 134. Maximal error on polynomial was 3.806189729E-672.
Maximal coefficient size was 9.882575848E827.
Working on class 135. Maximal error on polynomial was 2.565332098E-672.
Maximal coefficient size was 7.418038075E827.
Working on class 136. Maximal error on polynomial was 1.019918097E-671.
Maximal coefficient size was 1.682208913E828.
Working on class 137. Maximal error on polynomial was 2.777643422E-671.
Maximal coefficient size was 1.897992734E828.
Working on class 138. Maximal error on polynomial was 1.012525195E-671.
Maximal coefficient size was 2.192224220E828.
Working on class 139. Maximal error on polynomial was 2.023341958E-671.
Maximal coefficient size was 2.181299277E828.
Working on class 140. Maximal error on polynomial was 1.377785454E-664.
Maximal coefficient size was 7.858180770E834.
Working on class 141. Maximal error on polynomial was 3.393110522E-664.
Maximal coefficient size was 4.138379977E835.
Working on class 142. Maximal error on polynomial was 3.007771582E-664.
Maximal coefficient size was 3.422612625E835.
Working on class 143. Maximal error on polynomial was 3.389908530E-664.
Maximal coefficient size was 3.583149152E835.
Working on class 144. Maximal error on polynomial was 1.362633563E-663.
Maximal coefficient size was 1.258971414E836.
Working on class 145. Maximal error on polynomial was 2.128804482E-664.
Maximal coefficient size was 4.494612539E835.
Working on class 146. Maximal error on polynomial was 1.543325583E-666.
Maximal coefficient size was 3.510305810E833.
Working on class 147. Maximal error on polynomial was 1.043867845E-666.
Maximal coefficient size was 3.101975346E833.
Working on class 148. Maximal error on polynomial was 1.357589161E-666.
Maximal coefficient size was 2.986647684E833.
Working on class 149. Maximal error on polynomial was 6.699938846E-667.
Maximal coefficient size was 5.580355417E833.
Working on class 150. Maximal error on polynomial was 3.329535179E-670.
Maximal coefficient size was 1.885668878E830.
Working on class 151. Maximal error on polynomial was 9.481547185E-673.
Maximal coefficient size was 1.687322671E827.
Working on class 152. Maximal error on polynomial was 1.420818613E-672.
Maximal coefficient size was 1.557157082E827.
Working on class 153. Maximal error on polynomial was 9.489145552E-673.
Maximal coefficient size was 1.419174240E827.
Working on class 154. Maximal error on polynomial was 1.262233932E-672.
Maximal coefficient size was 4.592538590E827.
Working on class 155. Maximal error on polynomial was 2.239302264E-667.
Maximal coefficient size was 5.152218200E832.
Working on class 156. Maximal error on polynomial was 1.362919355E-666.
Maximal coefficient size was 2.828620749E833.
Working on class 157. Maximal error on polynomial was 4.302508094E-666.
Maximal coefficient size was 3.193690227E833.
Working on class 158. Maximal error on polynomial was 2.689108047E-666.
Maximal coefficient size was 3.324417982E833.
Working on class 159. Maximal error on polynomial was 1.989567309E-666.
Maximal coefficient size was 2.719512525E833.
Working on class 160. Maximal error on polynomial was 9.612713872E-674.
Maximal coefficient size was 2.362684889E825.
Working on class 161. Maximal error on polynomial was 2.299102447E-673.
Maximal coefficient size was 1.339391379E827.
Working on class 162. Maximal error on polynomial was 4.745022308E-673.
Maximal coefficient size was 1.537256787E827.
Working on class 163. Maximal error on polynomial was 6.320915100E-673.
Maximal coefficient size was 1.853901239E827.
Working on class 164. Maximal error on polynomial was 1.403384384E-672.
Maximal coefficient size was 4.961826978E827.
Working on class 165. Maximal error on polynomial was 2.227972950E-670.
Maximal coefficient size was 1.258813156E829.
Working on class 166. Maximal error on polynomial was 1.958475604E-672.
Maximal coefficient size was 3.586037453E827.
Working on class 167. Maximal error on polynomial was 5.169422507E-673.
Maximal coefficient size was 1.118620073E828.
Working on class 168. Maximal error on polynomial was 1.299891827E-671.
Maximal coefficient size was 2.228938538E828.
Working on class 169. Maximal error on polynomial was 5.073100619E-672.
Maximal coefficient size was 2.552903721E828.
Working on class 170. Maximal error on polynomial was 2.719838886E-672.
Maximal coefficient size was 2.149216115E828.
Working on class 171. Maximal error on polynomial was 1.533875114E-671.
Maximal coefficient size was 1.909028117E828.
Working on class 172. Maximal error on polynomial was 1.014391698E-671.
Maximal coefficient size was 1.698451480E828.
Working on class 173. Maximal error on polynomial was 1.516954089E-671.
Maximal coefficient size was 1.834958173E828.
Working on class 174. Maximal error on polynomial was 2.172894024E-662.
Maximal coefficient size was 2.109105133E837.
Working on class 175. Maximal error on polynomial was 2.138044895E-664.
Maximal coefficient size was 2.544705327E835.
Working on class 176. Maximal error on polynomial was 3.393135835E-664.
Maximal coefficient size was 3.599711431E835.
Working on class 177. Maximal error on polynomial was 3.843175258E-664.
Maximal coefficient size was 3.392809026E835.
Working on class 178. Maximal error on polynomial was 5.807538866E-664.
Maximal coefficient size was 1.190605947E836.
Working on class 179. Maximal error on polynomial was 4.336173340E-662.
Maximal coefficient size was 2.102597665E837.
Working on class 180. Maximal error on polynomial was 3.450827060E-664.
Maximal coefficient size was 2.534584672E835.
Working on class 181. Maximal error on polynomial was 4.658195057E-664.
Maximal coefficient size was 3.586338846E835.
Working on class 182. Maximal error on polynomial was 2.556667799E-664.
Maximal coefficient size was 3.380471508E835.
Working on class 183. Maximal error on polynomial was 1.025697738E-663.
Maximal coefficient size was 1.187422732E836.
Working on class 184. Maximal error on polynomial was 4.247813838E-667.
Maximal coefficient size was 5.140688010E832.
Working on class 185. Maximal error on polynomial was 7.627021412E-667.
Maximal coefficient size was 2.840603152E833.
Working on class 186. Maximal error on polynomial was 3.421340236E-667.
Maximal coefficient size was 3.206670641E833.
Working on class 187. Maximal error on polynomial was 1.000160565E-666.
Maximal coefficient size was 3.338104629E833.
Working on class 188. Maximal error on polynomial was 1.341369776E-666.
Maximal coefficient size was 2.732685217E833.
Working on class 189. Maximal error on polynomial was 7.158252252E-674.
Maximal coefficient size was 2.351756167E825.
Working on class 190. Maximal error on polynomial was 1.426404181E-672.
Maximal coefficient size was 1.351376191E827.
Working on class 191. Maximal error on polynomial was 1.577746659E-672.
Maximal coefficient size was 1.550703471E827.
Working on class 192. Maximal error on polynomial was 1.894984224E-672.
Maximal coefficient size was 1.869932779E827.
Working on class 193. Maximal error on polynomial was 5.693843233E-672.
Maximal coefficient size was 4.998895196E827.
Working on class 194. Maximal error on polynomial was 3.113752086E-672.
Maximal coefficient size was 1.256140213E829.
Working on class 195. Maximal error on polynomial was 1.151114544E-672.
Maximal coefficient size was 3.586395291E827.
Working on class 196. Maximal error on polynomial was 4.098537725E-673.
Maximal coefficient size was 1.118400118E828.
Working on class 197. Maximal error on polynomial was 8.008671672E-672.
Maximal coefficient size was 2.228741718E828.
Working on class 198. Maximal error on polynomial was 2.776387470E-671.
Maximal coefficient size was 2.552864664E828.
Working on class 199. Maximal error on polynomial was 7.591520133E-672.
Maximal coefficient size was 2.130838942E828.
Working on class 200. Maximal error on polynomial was 1.262458369E-671.
Maximal coefficient size was 1.892461380E828.
Working on class 201. Maximal error on polynomial was 1.013843057E-671.
Maximal coefficient size was 1.683481326E828.
Working on class 202. Maximal error on polynomial was 1.776031676E-671.
Maximal coefficient size was 1.818867274E828.
Working on class 203. Maximal error on polynomial was 7.067514310E-671.
Maximal coefficient size was 7.723604016E828.
Working on class 204. Maximal error on polynomial was 1.010763779E-671.
Maximal coefficient size was 3.420848234E828.
Working on class 205. Maximal error on polynomial was 7.804870526E-672.
Maximal coefficient size was 2.050974879E828.
Working on class 206. Maximal error on polynomial was 1.301505972E-672.
Maximal coefficient size was 9.885678471E827.
Working on class 207. Maximal error on polynomial was 5.137982132E-672.
Maximal coefficient size was 7.418264133E827.
Working on class 208. Maximal error on polynomial was 1.774797424E-671.
Maximal coefficient size was 1.697239732E828.
Working on class 209. Maximal error on polynomial was 1.766764779E-671.
Maximal coefficient size was 1.914640348E828.
Working on class 210. Maximal error on polynomial was 1.554642947E-671.
Maximal coefficient size was 2.211089312E828.
Working on class 211. Maximal error on polynomial was 4.386147246E-839.
Maximal coefficient size was 1.288217969E661.
Working on class 212. Maximal error on polynomial was 5.307344769E-831.
Maximal coefficient size was 1.887146737E669.
Working on class 213. Maximal error on polynomial was 2.160647792E-839.
Maximal coefficient size was 1.160694294E661.
Working on class 214. Maximal error on polynomial was 1.057358561E-838.
Maximal coefficient size was 5.795319794E661.
Working on class 215. Maximal error on polynomial was 2.790785854E-839.
Maximal coefficient size was 1.016862436E661.
Working on class 216. Maximal error on polynomial was 3.836071510E-839.
Maximal coefficient size was 5.060585192E661.
Working on class 217. Maximal error on polynomial was 9.294223602E-835.
Maximal coefficient size was 1.538927205E665.
Working on class 218. Maximal error on polynomial was 2.225936023E-837.
Maximal coefficient size was 1.117087238E662.
Working on class 219. Maximal error on polynomial was 1.595504881E-828.
Maximal coefficient size was 6.610050944E671.
Working on class 220. Maximal error on polynomial was 5.478959100E-837.
Maximal coefficient size was 2.202909061E663.
Working on class 221. Maximal error on polynomial was 2.159675775E-831.
Maximal coefficient size was 5.578110593E668.
Working on class 222. Maximal error on polynomial was 1.017774303E-838.
Maximal coefficient size was 5.526892227E661.
Working on class 223. Maximal error on polynomial was 1.374109496E-836.
Maximal coefficient size was 2.533409607E663.
Working on class 224. Maximal error on polynomial was 1.373411086E-837.
Maximal coefficient size was 2.398596757E662.
Working on class 225. Maximal error on polynomial was 2.245538845E-837.
Maximal coefficient size was 2.617400596E663.
Working on class 226. Maximal error on polynomial was 3.368541276E-832.
Maximal coefficient size was 2.279763285E667.
Working on class 227. Maximal error on polynomial was 1.140274655E-836.
Maximal coefficient size was 2.903116574E663.
Working on class 228. Maximal error on polynomial was 5.279606965E-835.
Maximal coefficient size was 1.213658105E665.
Working on class 229. Maximal error on polynomial was 3.713523626E-829.
Maximal coefficient size was 5.732334640E670.
Working on class 230. Maximal error on polynomial was 2.493456323E-837.
Maximal coefficient size was 3.167619987E663.
Working on class 231. Maximal error on polynomial was 5.607083076E-835.
Maximal coefficient size was 1.274491312E665.
Working on class 232. Maximal error on polynomial was 8.588630973E-839.
Maximal coefficient size was 5.713859505E661.
Working on class 233. Maximal error on polynomial was 6.484648044E-839.
Maximal coefficient size was 1.448518244E661.
Working on class 234. Maximal error on polynomial was 4.884951689E-830.
Maximal coefficient size was 1.749703321E669.
Working on class 235. Maximal error on polynomial was 5.260911705E-835.
Maximal coefficient size was 1.282344224E665.
Working on class 236. Maximal error on polynomial was 1.401798236E-836.
Maximal coefficient size was 2.598790198E663.
Working on class 237. Maximal error on polynomial was 2.872963145E-831.
Maximal coefficient size was 1.879407023E669.
Working on class 238. Maximal error on polynomial was 7.370830169E-837.
Maximal coefficient size was 1.122276749E662.
Working on class 239. Maximal error on polynomial was 3.680197118E-828.
Maximal coefficient size was 6.605264765E671.
Working on class 240. Maximal error on polynomial was 1.917540332E-836.
Maximal coefficient size was 2.882790343E663.
Working on class 241. Maximal error on polynomial was 2.065052926E-837.
Maximal coefficient size was 2.401916886E662.
Working on class 242. Maximal error on polynomial was 1.408649123E-834.
Maximal coefficient size was 1.544971948E665.
Working on class 243. Maximal error on polynomial was 9.243207981E-839.
Maximal coefficient size was 5.713853365E661.
Working on class 244. Maximal error on polynomial was 4.384629011E-836.
Maximal coefficient size was 3.177995535E663.
Working on class 245. Maximal error on polynomial was 7.728221661E-840.
Maximal coefficient size was 5.795073356E661.
Working on class 246. Maximal error on polynomial was 2.418837528E-831.
Maximal coefficient size was 1.753595681E669.
Working on class 247. Maximal error on polynomial was 1.095726588E-836.
Maximal coefficient size was 2.515162597E663.
Working on class 248. Maximal error on polynomial was 2.288611437E-839.
Maximal coefficient size was 5.060606766E661.
Working on class 249. Maximal error on polynomial was 1.728426600E-838.
Maximal coefficient size was 1.458243056E661.
Working on class 250. Maximal error on polynomial was 3.685779483E-829.
Maximal coefficient size was 5.712538876E670.
Working on class 251. Maximal error on polynomial was 8.630395053E-839.
Maximal coefficient size was 5.526429025E661.
Working on class 252. Maximal error on polynomial was 1.501059578E-838.
Maximal coefficient size was 1.297034516E661.
Working on class 253. Maximal error on polynomial was 1.354545585E-832.
Maximal coefficient size was 2.287278992E667.
Working on class 254. Maximal error on polynomial was 1.633618443E-837.
Maximal coefficient size was 2.186695398E663.
Working on class 255. Maximal error on polynomial was 1.595205035E-834.
Maximal coefficient size was 1.280878093E665.
Working on class 256. Maximal error on polynomial was 8.613093961E-839.
Maximal coefficient size was 1.168759321E661.
Working on class 257. Maximal error on polynomial was 8.108767365E-831.
Maximal coefficient size was 5.557027061E668.
Working on class 258. Maximal error on polynomial was 5.272966478E-835.
Maximal coefficient size was 1.288950320E665.
Working on class 259. Maximal error on polynomial was 8.576165551E-839.
Maximal coefficient size was 1.024081656E661.
Working on class 260. Maximal error on polynomial was 5.266191984E-835.
Maximal coefficient size was 1.219820940E665.
Maximal error was 6.591737431E-660.
We have p = 5.
The prime 7 divides the resultant of 3 and 27.
The prime 13 divides the resultant of 5 and 7.
The prime 17 divides the resultant of 23 and 36.
The prime 19 divides the resultant of 9 and 26.
The prime 23 divides the resultant of 10 and 51.
The prime 29 divides the resultant of 51 and 53.
The prime 31 divides the resultant of 13 and 45.
The prime 37 divides the resultant of 106 and 109.
The prime 41 divides the resultant of 16 and 23.
The prime 43 divides the resultant of 39 and 179.
The prime 47 divides the resultant of 62 and 99.
The prime 53 divides the resultant of 161 and 178.
The prime 59 divides the resultant of 65 and 87.
The prime 67 divides the resultant of 81 and 125.
The prime 71 divides the resultant of 38 and 45.
The prime 73 divides the resultant of 115 and 119.
The prime 79 divides the resultant of 69 and 74.
The prime 83 divides the resultant of 48 and 51.
The prime 89 divides the resultant of 57 and 92.
The prime 97 divides the resultant of 127 and 195.
The prime 101 divides the resultant of 43 and 236.
The prime 103 divides the resultant of 89 and 201.
The prime 107 divides the resultant of 8 and 60.
The prime 109 divides the resultant of 76 and 84.
The prime 113 divides the resultant of 69 and 158.
The prime 127 divides the resultant of 122 and 198.
The prime 131 divides the resultant of 219 and 227.
The prime 137 divides the resultant of 81 and 148.
The prime 139 divides the resultant of 9 and 70.
The prime 149 divides the resultant of 39 and 70.
The prime 151 divides the resultant of 9 and 214.
For pp = 157, we have the following.
Element is [ 2 17]
[ 0 16].
For conjugate 1, chival = -1.
Old possibilities [ 1, 2, 3, 5, 6, 10, 11, 15, 22, 30, 33, 55, 61, 66, 110, 122,
165, 183, 305, 330, 366, 610, 671, 915, 1342, 1830, 2013, 3355, 4026, 6710, 
10065, 20130, -1, -2, -3, -5, -6, -10, -11, -15, -22, -30, -33, -55, -61, -66, 
-110, -122, -165, -183, -305, -330, -366, -610, -671, -915, -1342, -1830, -2013,
-3355, -4026, -6710, -10065, -20130 ].
Possibilities now [ 2, 5, 6, 15, 22, 55, 61, 66, 165, 183, 610, 671, 1830, 2013,
6710, 20130, -2, -5, -6, -15, -22, -55, -61, -66, -165, -183, -610, -671, -1830,
-2013, -6710, -20130 ].
For pp = 163, we have the following.
Element is [18  9]
[ 0 16].
For conjugate 1, chival = -1.
Old possibilities [ 2, 5, 6, 15, 22, 55, 61, 66, 165, 183, 610, 671, 1830, 2013,
6710, 20130, -2, -5, -6, -15, -22, -55, -61, -66, -165, -183, -610, -671, -1830,
-2013, -6710, -20130 ].
Possibilities now [ 2, 5, 66, 165, 183, 671, 1830, 6710, -6, -15, -22, -55, -61,
-610, -2013, -20130 ].
The prime 167 divides the resultant of 126 and 132.
For pp = 173, we have the following.
Element is [ 2 11]
[ 0 24].
For conjugate 1, chival = 1.
Old possibilities [ 2, 5, 66, 165, 183, 671, 1830, 6710, -6, -15, -22, -55, -61,
-610, -2013, -20130 ].
Possibilities now [ 183, 671, 1830, 6710, -6, -15, -22, -55 ].
The prime 179 divides the resultant of 83 and 103.
The prime 181 divides the resultant of 217 and 236.
The prime 191 divides the resultant of 16 and 221.
For pp = 193, we have the following.
Element is [ 8 24]
[ 0 21].
For conjugate 1, chival = -1.
Old possibilities [ 183, 671, 1830, 6710, -6, -15, -22, -55 ].
Possibilities now [ 183, 6710, -15, -22 ].
For pp = 197, we have the following.
Element is [ 3 23]
[ 0 24].
For conjugate 1, chival = 1.
Old possibilities [ 183, 6710, -15, -22 ].
Possibilities now [ -15, -22 ].
The prime 199 divides the resultant of 82 and 96.
The prime 211 divides the resultant of 13 and 15.
The prime 223 divides the resultant of 23 and 202.
For pp = 227, we have the following.
Element is [23 13]
[ 0 24].
For conjugate 1, chival = 1.
The prime 229 divides the resultant of 74 and 209.
For pp = 233, we have the following.
Element is [ 2 21]
[ 0  4].
For conjugate 1, chival = 1.
Old possibilities [ -15, -22 ].
Possibilities now [ -15 ].
For conjugate 1, the unique twist is -15.
After t = 2, the options lists were the following.
For divisor 1, options = [ -15 ].
For divisor zz, options = [].
For divisor zz^2 - zz - 1, options = [].
For divisor zz^3 - zz^2 - zz, options = [].
For divisor zz^4 - 2*zz^3 + 4*zz^2 - 3*zz + 1, options = [].
For divisor zz^5 - 2*zz^4 + 4*zz^3 - 3*zz^2 + zz, options = [].
For divisor zz^6 - 3*zz^5 + 5*zz^4 - 5*zz^3 + 2*zz - 1, options = [].
For divisor zz^7 - 3*zz^6 + 5*zz^5 - 5*zz^4 + 2*zz^2 - zz, options = [].
For divisor zz^4 + 3*zz^3 + 4*zz^2 + 2*zz + 1, options = [].
For divisor zz^5 + 3*zz^4 + 4*zz^3 + 2*zz^2 + zz, options = [].
For divisor zz^6 + 2*zz^5 - 5*zz^3 - 5*zz^2 - 3*zz - 1, options = [].
For divisor zz^7 + 2*zz^6 - 5*zz^4 - 5*zz^3 - 3*zz^2 - zz, options = [].
For divisor zz^8 + zz^7 + 2*zz^6 + 3*zz^5 + 5*zz^4 - 3*zz^3 + 2*zz^2 - zz + 1, 
options = [].
For divisor zz^9 + zz^8 + 2*zz^7 + 3*zz^6 + 5*zz^5 - 3*zz^4 + 2*zz^3 - zz^2 + 
zz, options = [].
For divisor zz^10 - 11*zz^5 - 1, options = [].
For divisor zz^11 - 11*zz^6 - zz, options = [].
We should have found all of the models!
Model option 1 is Elliptic Curve defined by y^2 = x^3 + (-675*t^20 + 8100*t^15 -
9450*t^10 - 8100*t^5 - 675)*x + (6750*t^30 - 121500*t^25 + 506250*t^20 + 
506250*t^10 + 121500*t^5 + 6750) over Univariate rational function field over 
Rational Field.

Total time: 702.870 seconds, Total memory usage: 64.12MB
