The degree of that covering map is 7.
Setting subsub to be subgroup 1 of index 1.
The space of Eisenstein series has dimension 1175.
Computing action of generators of subsub intersect SL_2 on Eisenstein series for
Gamma(49).
Finding vectors invariant under subsub intersect SL_2.
The dimension of the space of Eisenstein series for subsub intersect SL_2 is 9.
Computing the action of the generators of subsub on the Q-vector space of 
dimension 378.
Finding vectors invariant under subsub.
The dimension is 9.
The index of subsub in covergp is 7.
Form try attempt 1. Number of images is 1.
Form try attempt 2. Number of images is 7.
The element [ 0, 1, 0, 0, 0, 0, 0, 0, 0 ] works. It was number 2.
Computing Weierstrass p-function Fourier expansions.
Computing Fourier expansion 1.
Computing Fourier expansion 2.
Computing Fourier expansion 3.
Computing Fourier expansion 4.
Computing Fourier expansion 5.
Computing Fourier expansion 6.
Computing Fourier expansion 7.
Symmetrizing.
Done!
Call to ratfunc with m = 0.
Call to ratfuncrep with deg = 98.
Building last 99 rows of the matrix.
Using coefficients -14 to 99/7.
Time taken was 6.640.
Building the first 99 rows of the matrix.
Time taken was 2.230.
Solving the linear system of size 198x198.
Time taken was 4.040.
Null space has dimension 3.
Result has degree 96.
Call to ratfunc with m = 1.
Call to ratfuncrep with deg = 84.
Building last 85 rows of the matrix.
Using coefficients -12 to 85/7.
Time taken was 4.170.
Building the first 85 rows of the matrix.
Time taken was 1.420.
Solving the linear system of size 170x170.
Time taken was 1.680.
Null space has dimension 1.
Result has degree 84.
Call to ratfunc with m = 2.
Call to ratfuncrep with deg = 70.
Building last 71 rows of the matrix.
Using coefficients -10 to 71/7.
Time taken was 2.400.
Building the first 71 rows of the matrix.
Time taken was 0.790.
Solving the linear system of size 142x142.
Time taken was 1.360.
Null space has dimension 3.
Result has degree 68.
Call to ratfunc with m = 3.
Call to ratfuncrep with deg = 56.
Building last 57 rows of the matrix.
Using coefficients -8 to 57/7.
Time taken was 1.300.
Building the first 57 rows of the matrix.
Time taken was 0.400.
Solving the linear system of size 114x114.
Time taken was 0.480.
Null space has dimension 1.
Result has degree 56.
Call to ratfunc with m = 4.
Call to ratfuncrep with deg = 42.
Building last 43 rows of the matrix.
Using coefficients -6 to 43/7.
Time taken was 0.580.
Building the first 43 rows of the matrix.
Time taken was 0.160.
Solving the linear system of size 86x86.
Time taken was 0.300.
Null space has dimension 3.
Result has degree 40.
Call to ratfunc with m = 5.
Call to ratfuncrep with deg = 28.
Building last 29 rows of the matrix.
Using coefficients -4 to 29/7.
Time taken was 0.190.
Building the first 29 rows of the matrix.
Time taken was 0.040.
Solving the linear system of size 58x58.
Time taken was 0.080.
Null space has dimension 1.
Result has degree 28.
Call to ratfunc with m = 6.
Call to ratfuncrep with deg = 14.
Result has degree 0.
Curve equation is y^7 + (-89350128*x^28 + 3868727184*x^27 - 77630591808*x^26 + 
958324575600*x^25 - 8143485798672*x^24 + 50469680294208*x^23 - 
235604785374000*x^22 + 842572511635680*x^21 - 2319495346271376*x^20 + 
4871962241628048*x^19 - 7552031647080816*x^18 + 7764433931204496*x^17 - 
2751026616678816*x^16 - 7182322108529904*x^15 + 16992984529493280*x^14 - 
19731714773110704*x^13 + 12382687907310672*x^12 + 557165268715104*x^11 - 
10349792122740336*x^10 + 11859729490941696*x^9 - 7116402963393360*x^8 + 
1590837867969840*x^7 + 917425853863344*x^6 - 656818195054896*x^5 + 
42221317893552*x^4 + 31146682920192*x^3 - 4320129364992*x^2)/(x^28 - 42*x^27 + 
819*x^26 - 9842*x^25 + 81543*x^24 - 493416*x^23 + 2251424*x^22 - 7876956*x^21 + 
21246813*x^20 - 44023602*x^19 + 69506325*x^18 - 84596862*x^17 + 90381130*x^16 - 
118436514*x^15 + 192192909*x^14 - 257009046*x^13 + 217775313*x^12 - 
101739708*x^11 + 70112504*x^10 - 158733792*x^9 + 184563267*x^8 - 56512326*x^7 - 
76456653*x^6 + 99098370*x^5 - 57314019*x^4 + 18210024*x^3 - 3241728*x^2 + 
139328*x - 1728)*y^5 + (-101603097792*x^40 + 6152644479744*x^39 - 
176437644042240*x^38 + 3188189154898944*x^37 - 40740692978611584*x^36 + 
391600191733930368*x^35 - 2939394828357288000*x^34 + 17650586128291062912*x^33 -
86132191094913894336*x^32 + 344852205642383410944*x^31 - 
1137728090811729372480*x^30 + 3089114479307753995392*x^29 - 
6840717152850626645376*x^28 + 12068993009741281850880*x^27 - 
15974256412636204701312*x^26 + 12818331390382452837504*x^25 + 
3129775922933391682944*x^24 - 31102874016161304647808*x^23 + 
58684425663182507137152*x^22 - 65468447391390847469568*x^21 + 
37408603801756630657536*x^20 + 17861037297449980781952*x^19 - 
70400415747430866569472*x^18 + 87621234526081631184768*x^17 - 
59691131552427536226240*x^16 + 7576016730334178192640*x^15 + 
34305036658353017585280*x^14 - 45002391437567749691520*x^13 + 
29410983965461607115264*x^12 - 7439499941782808971008*x^11 - 
5412235709048557999680*x^10 + 6945308868586630260096*x^9 - 
3458235827807883307584*x^8 + 728504595620678024064*x^7 + 
54397652562988596288*x^6 - 57871839646799764992*x^5 + 10347138897880264704*x^4 -
616050280163082240*x^3)/(x^40 - 58*x^39 + 1599*x^38 - 27878*x^37 + 344944*x^36 -
3221868*x^35 + 23585380*x^34 - 138651438*x^33 + 665201625*x^32 - 2631962388*x^31
+ 8642981061*x^30 - 23637459954*x^29 + 53957754254*x^28 - 103281758258*x^27 + 
168359554968*x^26 - 243884851664*x^25 + 340157795826*x^24 - 490106994942*x^23 + 
708907193828*x^22 - 931536467138*x^21 + 1044113524020*x^20 - 1045443777284*x^19 
+ 1111867315980*x^18 - 1343142451530*x^17 + 1494959220225*x^16 - 
1246962072684*x^15 + 742983193809*x^14 - 467342262842*x^13 + 520088799662*x^12 -
495902592174*x^11 + 167531210848*x^10 + 212961041224*x^9 - 358052172789*x^8 + 
276629256328*x^7 - 136518975201*x^6 + 45763280340*x^5 - 10111094968*x^4 + 
1348274560*x^3 - 72919872*x^2 + 1674496*x - 13824)*y^4 + (2282480545685760*x^56 
- 197684100153195264*x^55 + 8247844159885048320*x^54 - 
220799986821146509056*x^53 + 4261880889308417308416*x^52 - 
63186570467685073301760*x^51 + 748491009946445146558464*x^50 - 
7275100168759787163394560*x^49 + 59124980174374801066818816*x^48 - 
407338378998434007827496192*x^47 + 2403229208528087831573450496*x^46 - 
12232191678373246038997934592*x^45 + 53991489219443453985329530368*x^44 - 
207316723396010884473534683904*x^43 + 693333145869759986969780123904*x^42 - 
2017290653414435427379841016576*x^41 + 5085268831337307836181930832896*x^40 - 
11008080480125238035909372140032*x^39 + 20102838165150426071775526152960*x^38 - 
29818957452247560855652474477824*x^37 + 32482665571691536097212466825472*x^36 - 
15661500546885132411860832654336*x^35 - 31333501251591868784260842898176*x^34 + 
104697137016917868432585302657280*x^33 - 174867157400108370981661260004608*x^32 
+ 190726733531803144198106736440064*x^31 - 
107901309955033150647264105762816*x^30 - 70227784893307171605418085974272*x^29 +
271086343829964943242257798560512*x^28 - 381025048794374828934253839174912*x^27 
+ 317599645241570121735262233325056*x^26 - 96450240881342255846595856496640*x^25
- 165721123684266318029152487331072*x^24 + 
324930911881593724399695732791040*x^23 - 307441842233900637748541296810752*x^22 
+ 153856366792033796796210417100800*x^21 + 22745187088431752421865301114880*x^20
- 123926136825902719401670348719360*x^19 + 
125072802428835678601174005060864*x^18 - 68139549913389247495455935415552*x^17 +
10828524658090178105685720396288*x^16 + 16492414806273239665761820907520*x^15 - 
17110890799661219251048697219328*x^14 + 8184742368499284914312481906432*x^13 - 
1658351013128385974233067006208*x^12 - 349020865523273871061633605120*x^11 + 
287904498338825923096085886720*x^10 - 47467465662313671947575545600*x^9 - 
6670358474364513396721322496*x^8 + 2774270368647460192332791808*x^7 - 
123266475383085897871196160*x^6 - 36755297224746272752140288*x^5 + 
3455247066215435917590528*x^4)/(x^56 - 84*x^55 + 3402*x^54 - 88480*x^53 + 
1660575*x^52 - 23957640*x^51 + 276382190*x^50 - 2618181348*x^49 + 
20753651835*x^48 - 139561505216*x^47 + 804324360336*x^46 - 4002739147176*x^45 + 
17294898856872*x^44 - 65129964742080*x^43 + 214320594952716*x^42 - 
617329359444784*x^41 + 1558838359126965*x^40 - 3459374748163404*x^39 + 
6785002605246698*x^38 - 11907859215710304*x^37 + 19142794239041529*x^36 - 
29168855220514016*x^35 + 43460499774193362*x^34 - 63587115146541756*x^33 + 
88913926057550454*x^32 - 115160968523040804*x^31 + 137836496363954346*x^30 - 
158959849447391552*x^29 + 186399770230038057*x^28 - 219636414304126176*x^27 + 
238938936065758754*x^26 - 223500484136251812*x^25 + 185104877111563437*x^24 - 
162716502281542720*x^23 + 166512331697351052*x^22 - 151450715757987072*x^21 + 
79883027451024952*x^20 + 10400689760240808*x^19 - 48617156055799968*x^18 + 
29455889556248848*x^17 - 14484010422800541*x^16 + 38622261942608820*x^15 - 
69715498248229050*x^14 + 66691365885052776*x^13 - 32775830848284993*x^12 - 
904726842047392*x^11 + 15285299183413938*x^10 - 13725633269484444*x^9 + 
7373382162322281*x^8 - 2750989043119344*x^7 + 731076484033728*x^6 - 
134377268608128*x^5 + 15781210123392*x^4 - 966260800512*x^3 + 30615703552*x^2 - 
481517568*x + 2985984)*y^3 + (4848378920964246528*x^68 - 
504851146514127673344*x^67 + 25479518959939413712896*x^66 - 
830464987352559618447360*x^65 + 19650883501213482191901696*x^64 - 
359789616613552778528246784*x^63 + 5304728100194956304317716480*x^62 - 
64719652884319198480516558848*x^61 + 666279198093665751457431324672*x^60 - 
5872828684015000040441071509504*x^59 + 44815831126040474694949008973824*x^58 - 
298628843215359935729178987614208*x^57 + 1749149619406653219526024673061888*x^56
- 9051356110967467937778143782554624*x^55 + 
41534150714791319673458832642195456*x^54 - 
169426854338501965407674005193296896*x^53 + 
615169494338041427760427682538878976*x^52 - 
1987981521170408343637366815680993280*x^51 + 
5708109938797936434619157035619238912*x^50 - 
14504761217891172567058752378617542656*x^49 + 
32375231436602413954013735172895653888*x^48 - 
62606400501112248135065962042942811136*x^47 + 
102099991797828216297027730857938208768*x^46 - 
131977147665814111996686452056225794048*x^45 + 
109827606661187738547240414768232654848*x^44 + 
23614699687298772104171782510541826048*x^43 - 
308999330166488286425093729218475016192*x^42 + 
705294940327291024280064566771396014080*x^41 - 
1035137768635687010370445128938973484032*x^40 + 
1006049256427250697074931640798947661824*x^39 - 
359302922373572705641125120816596668416*x^38 - 
891439947011133416130614080736379079680*x^37 + 
2291624354737757918668748761740849020928*x^36 - 
3047645349289213881293838553043244890112*x^35 + 
2458788487913286045286282951809065339904*x^34 - 
461924631129305443689140850929392680960*x^33 - 
2124215477874668264409598559318024868864*x^32 + 
3951160754790892303661031119540774568960*x^31 - 
3957662635630659820134617197884904636416*x^30 + 
2100172605801091302303489111984269079552*x^29 + 
572210849821690325403954182798135377920*x^28 - 
2597546422983755404308517163408733640704*x^27 + 
3042557616718182189909914963149949641728*x^26 - 
2012543187988360201532333915697398624256*x^25 + 
406659544086852940249065781897054396416*x^24 + 
800312684507339191887189745698336506880*x^23 - 
1158784804548806772791188721027519815680*x^22 + 
841673745840210223190135094934089136128*x^21 - 
314553477429625940230487800148345687040*x^20 - 
57451753622144186209910067969363609600*x^19 + 
177007640175596154020713621124467286016*x^18 - 
136849518289875776032413244301765935104*x^17 + 
61250906271341143321633841795217229824*x^16 - 
13903713430377382962110091267657391104*x^15 - 
1458872075941058086680403802304737280*x^14 + 
2249610259697722289010983322619929600*x^13 - 
683866425676943101215388338605942784*x^12 + 
39142078238966807097568661234319360*x^11 + 
29924748172144009654999223753124864*x^10 - 
7964171615308540960557423710724096*x^9 + 413963610018854954090587939012608*x^8 +
121446604904044480499591484014592*x^7 - 20825884045357641124663516987392*x^6 + 
999056782792325841756276916224*x^5)/(x^68 - 100*x^67 + 4854*x^66 - 152380*x^65 +
3477780*x^64 - 61501866*x^63 + 877045057*x^62 - 10363573624*x^61 + 
103475970174*x^60 - 885811729020*x^59 + 6574342356308*x^58 - 42670320327072*x^57
+ 243836071731317*x^56 - 1233294648926004*x^55 + 5544004768074060*x^54 - 
22220493093571376*x^53 + 79602857783291321*x^52 - 255390980017927254*x^51 + 
735119166403553587*x^50 - 1902259031100232160*x^49 + 4438529370866428950*x^48 - 
9384895284246782762*x^47 + 18132467764504592625*x^46 - 32426448061070233464*x^45
+ 54591020134883003415*x^44 - 88020762763833798444*x^43 + 
137340073171693681380*x^42 - 207138637799371141836*x^41 + 
299302793566617508605*x^40 - 411773835459309116430*x^39 + 
542212375851542625061*x^38 - 693868243861603833568*x^37 + 
872715391256320834614*x^36 - 1070756433823214697006*x^35 + 
1254423983124650026325*x^34 - 1386516529656366610404*x^33 + 
1469037149183710836807*x^32 - 1542179109863332620316*x^31 + 
1612025371863410482524*x^30 - 1599994305395610469800*x^29 + 
1423937752549857550523*x^28 - 1133437598442113865978*x^27 + 
883719142144841307977*x^26 - 734474612988567019296*x^25 + 
561806891409165784410*x^24 - 250826033233344902550*x^23 - 
101785555883746469469*x^22 + 294463360794599399760*x^21 - 
284836928004577289628*x^20 + 221862663447888937440*x^19 - 
228112227042348273858*x^18 + 266812362344169626400*x^17 - 
241674500075122773957*x^16 + 137343549706709914440*x^15 - 
20861036699197841250*x^14 - 46238071959490446504*x^13 + 
56966015731073369244*x^12 - 39236814226478912726*x^11 + 
19270173968728601603*x^10 - 7156548303501965460*x^9 + 2033666061529853768*x^8 - 
436602839753419008*x^7 + 68287870567201152*x^6 - 7283791631591936*x^5 + 
472995682165760*x^4 - 18169594306560*x^3 + 404123365376*x^2 - 4819599360*x + 
23887872)*y^2 + (-13253160727526580596736*x^84 + 1704012815415989351927808*x^83 
- 106890655280451835082379264*x^82 + 4359817136451314076054147072*x^81 - 
130019114992880999907097509888*x^80 + 3022505831028590911732142112768*x^79 - 
57022090619670402803078131445760*x^78 + 897467630575795051478815293972480*x^77 -
12022071123657514785027384620740608*x^76 + 
139146889278005568492256867995242496*x^75 - 
1407934811770847483843508408296312832*x^74 + 
12569875728981060302696136138049511424*x^73 - 
99759126614875655267017056306636398592*x^72 + 
708058226930780130451150902786719797248*x^71 - 
4516601886593781679638837252582485262336*x^70 + 
25996132501905733680648433221644178898944*x^69 - 
135438465404189293741074544934771578834944*x^68 + 
640305568978865825541295827570340342284288*x^67 - 
2751916101764054447222874285254405305344000*x^66 + 
10764577807754448692181574291147854052073472*x^65 - 
38343528232218597100717267870560181121101824*x^64 + 
124340416529578073797093625976489208115269632*x^63 - 
366650903281072616872531843811026871298797568*x^62 + 
980813971718964412775346557829454040981975040*x^61 - 
2370504251092948071129225603588156110109388800*x^60 + 
5141293664475752381018225839425076543516065792*x^59 - 
9892488709673845490954736069516057459531055104*x^58 + 
16539683190463046128648408467168232636915691520*x^57 - 
23016141118150889572922926679582415762466234368*x^56 + 
23709728168139605779454501681527338571266809856*x^55 - 
8984675485105372160393479152700145391540338688*x^54 - 
31902317883148173488905283723012706860741369856*x^53 + 
102592182335305713634398437048227754490744729600*x^52 - 
187513251089031942443910673075341132358017171456*x^51 + 
243262002989215958132450018912155280403304513536*x^50 - 
205717034289397196065812370071128952868137480192*x^49 + 
21926921470386509377318502693073845623065882624*x^48 + 
300025299683698693386318253079512933369153536000*x^47 - 
652827402019809229556167740348292920268988301312*x^46 + 
844607212568058072737404487441816699637022765056*x^45 - 
687698756814360935088667578964360212842552819712*x^44 + 
130359602302361755043405802482281146614981001216*x^43 + 
652578550097491882090180118241622457208397430784*x^42 - 
1297609884156549368325201220085879698661804580864*x^41 + 
1435131931817844754785186209723838776075777986560*x^40 - 
922395694335007650557099052793464361446639427584*x^39 - 
31732777606503363670530696654279921925127356416*x^38 + 
958398257326620017813863354784785815852814848000*x^37 - 
1398136228547198151025393624310715383192393711616*x^36 + 
1173383265697035575285152077054347885670670233600*x^35 - 
477962008015323564864359891489944377288555835392*x^34 - 
271669122424883144181004322215984345718961537024*x^33 + 
706827515700220683559683600069632077273593372672*x^32 - 
706335123175313781193754542767772963774395457536*x^31 + 
406793460054229590606415602241777253822828851200*x^30 - 
55191075638130924740587007997767387733421228032*x^29 - 
163256674112647970894064204234096272911252586496*x^28 + 
205329173497222154007655385445559590324616015872*x^27 - 
136899914133200226418469940023389056546637246464*x^26 + 
48599790722273981672523615990393903973684137984*x^25 + 
6181977732064174267187896756448160694219763712*x^24 - 
21599611819942136629380433300892545783458729984*x^23 + 
15997460632443123371372291089537895678463541248*x^22 - 
6997583540115954284639982487855793503709884416*x^21 + 
1837283883799415440613417645954659949620039680*x^20 - 
234191193159030705770960538975447694055079936*x^19 + 
42013433341068782521588432198058238412972032*x^18 - 
50220823252200120021290195054938385241538560*x^17 + 
19425962947556794477365913988544751002968064*x^16 + 
3857219906267526094403149795885004893655040*x^15 - 
5324342614833428178457574936820629729415168*x^14 + 
1462527513269342887043292020534660631625728*x^13 + 
36914014787811227443611347777519148195840*x^12 - 
102465223180327502131377812578496520781824*x^11 + 
19033877786330500108611988512217942720512*x^10 + 
213155675639678514041334012975293399040*x^9 - 
495929866746125128723522493003807588352*x^8 + 
62801762118625353279075322366022123520*x^7 - 
2613447745191156230439392945941512192*x^6)/(x^84 - 126*x^83 + 7749*x^82 - 
310002*x^81 + 9071244*x^80 - 206992422*x^79 + 3834541809*x^78 - 59281442082*x^77
+ 780273345411*x^76 - 8876423188724*x^75 + 88301065699098*x^74 - 
775263124059732*x^73 + 6052271091795516*x^72 - 42266627217899028*x^71 + 
265356895573251198*x^70 - 1503735673765616172*x^69 + 7717121857043186175*x^68 - 
35962458564534582654*x^67 + 152510073642452446949*x^66 - 
589611840363426975570*x^65 + 2081022340023281327400*x^64 - 
6713769582411065960286*x^63 + 19822164827841797970717*x^62 - 
53631708533181062197578*x^61 + 133223486294763336007179*x^60 - 
304671482849866928309388*x^59 + 644191483720573564654158*x^58 - 
1267196403568450937299788*x^57 + 2338881182362978537213620*x^56 - 
4091788909094775587498268*x^55 + 6852784181210175683404818*x^54 - 
11063464011212576068323540*x^53 + 17254873428000707239108074*x^52 - 
25951288062768990912321744*x^51 + 37560255484966932027828672*x^50 - 
52385486561873470977177744*x^49 + 70796771268839731040431912*x^48 - 
93269061743038063582606704*x^47 + 119868646783013646678330912*x^46 - 
149374716499707687048754176*x^45 + 179213415066197571186878562*x^44 - 
207084726511949504544530652*x^43 + 232755608223246796339950690*x^42 - 
256791092430840810231462948*x^41 + 276231206966075421015442788*x^40 - 
283313799536662066595366580*x^39 + 272366717477856826084263486*x^38 - 
248231737746482180933405772*x^37 + 222321527266341863768929983*x^36 - 
196782373238513465935576638*x^35 + 158859232120107148361150853*x^34 - 
99664065603257494434682482*x^33 + 34516205202842396091315432*x^32 + 
9043793930908733986003266*x^31 - 25357582483615616220512323*x^30 + 
37841908909556531031215670*x^29 - 64511715139611030087029109*x^28 + 
90506588004859794688011924*x^27 - 88757411576440824480421746*x^26 + 
58543479271310138230969620*x^25 - 26678592777674298712753236*x^24 + 
13369239117666558613326420*x^23 - 12441867844776133482989046*x^22 + 
7335502992337143906003228*x^21 + 5947408230214122563875767*x^20 - 
17855636602825943391727782*x^19 + 19909767715493567007674361*x^18 - 
13266229950792491023729098*x^17 + 4707869097222705338257788*x^16 + 
741483214856862536221506*x^15 - 2387869833105212902726851*x^14 + 
1935597564962960525901414*x^13 - 1040014489079863879508955*x^12 + 
420213168801157193578872*x^11 - 132300599403111932318400*x^10 + 
32619566096775061258176*x^9 - 6215547859241173475904*x^8 + 
888054805415077456896*x^7 - 90542494263044984832*x^6 + 6148729366196207616*x^5 -
270084484564586496*x^4 + 7550647230758912*x^3 - 129672563392512*x^2 + 
1248093536256*x - 5159780352)*y + (-33164514604016559921217536*x^96 + 
4840504112017578625742241792*x^95 - 345691934779367244934902693888*x^94 + 
16101300449584746545469676683264*x^93 - 550049475243339252874846161469440*x^92 +
14695153332891482747223223549231104*x^91 - 
319690727463864873335321068357386240*x^90 + 
5822584295465910987039663296205668352*x^89 - 
90591120103848462852990424199485931520*x^88 + 
1222545102653479510650083462458301546496*x^87 - 
14481701968254036929891040774992605396992*x^86 + 
152008932575013133812967645441626066665472*x^85 - 
1424799227108221170013910572920147269763072*x^84 + 
12000938179394958291068502147808224138412032*x^83 - 
91310990424258114612480428269213379778183168*x^82 + 
630323671124298660641240454758725126372048896*x^81 - 
3961912669392342034894302088289481598956453888*x^80 + 
22742761146635657107394123286769032894486773760*x^79 - 
119518776321496430873454260549316941530509950976*x^78 + 
576135779203665066225160521721163566403691724800*x^77 - 
2551210851923685766138992400888969703149541965824*x^76 + 
10388113305290768798699805408630129654627164012544*x^75 - 
38915575069083774493316803603811780905739712430080*x^74 + 
134123707486051934529020677408415122775693790068736*x^73 - 
425025128966893330622093232805259624729981912334336*x^72 + 
1236656109134787649495097485692892474965870587953152*x^71 - 
3295807504251765003023042753127904599349509453742080*x^70 + 
8014347190385903814299343365980051713468868694212608*x^69 - 
17672261590183541308909109043616430548277600586940416*x^68 + 
34984239641247755679366891141710424919549177217040384*x^67 - 
61097306859344303566614094538879107798534119337033728*x^66 + 
90963599327170061670624425087981571882639124116897792*x^65 - 
106167304148194358715044951676351138476280981892644864*x^64 + 
68632365369537653265215828554775331446301261392953344*x^63 + 
76118178784955583796981831632279958947690634589700096*x^62 - 
373898782624736614705095193601845665085734458260242432*x^61 + 
808157582030791361764066513248659172977272098930475008*x^60 - 
1232222994408956394358974172341034569467461033679781888*x^59 + 
1336347288797559988095030126631746874971750181384568832*x^58 - 
722276392790219018784452589383338657093452988753821696*x^57 - 
867708024440822160624334049343256076050639652877434880*x^56 + 
3221887924297519449398308567842203305657207096854626304*x^55 - 
5430176828819839435345172851539851886394654860099207168*x^54 + 
6033431808393090857727483460459648101552379202237890560*x^53 - 
3705894765542054938300671010174244892925141711581757440*x^52 - 
1731739840765420659923710661751078160798383931410333696*x^51 + 
8580426646082765737031492303808531636894741769185558528*x^50 - 
13532955148013910127148702619276265084265676277072183296*x^49 + 
13208384067914344352519454816586752575148688066043117568*x^48 - 
6316550811371626313997271846825174724334882223502229504*x^47 - 
4917696646912262857524966590236893204794747795590643712*x^46 + 
15318943855652299038654013526513948180282212023756472320*x^45 - 
19401505684600183951051718677368302607443640810010116096*x^44 + 
14648264272234186678175635589645155578944081468942204928*x^43 - 
3268770105843215491996773545615350285393470479162425344*x^42 - 
8908995761964104255098688761552786808468663124368080896*x^41 + 
15837654017506859933679209357365009178322506437198774272*x^40 - 
14732389024514613351930652299411319492177834489912344576*x^39 + 
7364863862871885791865895542416432413908231055388884992*x^38 + 
1518376615585685077272516783578886532737080292372086784*x^37 - 
7339993128111313781095406392839868562767826302406885376*x^36 + 
8187309154891965910748225452698299629409891495397900288*x^35 - 
5213070086761031540139759658163473046030902273270628352*x^34 + 
1146809533488112475809949802848712822526790519102767104*x^33 + 
1686794720139149876104200894039746012928493301647589376*x^32 - 
2483723939184581612657793419288131096866040008475361280*x^31 + 
1806375616706329227072773866084356675344793282394226688*x^30 - 
703979552782297916926038128703588469171874138632863744*x^29 - 
75957967154509915846441106434685681134172285045047296*x^28 + 
344414122553530191549771133521303066975592882089099264*x^27 - 
280908621218199992818328376076738595916030043172044800*x^26 + 
129562427827894604748545911944100689878201698207334400*x^25 - 
25997904742522993952086932871789154731032448838369280*x^24 - 
10525485232024162494040334194472693885546696209219584*x^23 + 
11124719104148602085008953027780553350872481854177280*x^22 - 
4159691168971900577546588124687018658836482778808320*x^21 + 
324421415272803202339656341026465089295131749302272*x^20 + 
418548248534281643803068577070198458213684495613952*x^19 - 
201909326785926891606934362270550314411689102819328*x^18 + 
27330256236630031002390020045646040811251833470976*x^17 + 
9352589787567796727842264632710477345105411702784*x^16 - 
4611265669446091433275170441066155769759105613824*x^15 + 
540412149383732850108936330065345691192810602496*x^14 + 
119746284596202102070776161310635173472673202176*x^13 - 
45826286984532246050362227588494940635488321536*x^12 + 
4086174140118377903909821476746058173679403008*x^11 + 
519286536975967650978919717234741702954057728*x^10 - 
153474535412552586450991121231107704144003072*x^9 + 
13781791933025570457874882707783706742882304*x^8 - 
455978676931278709507986569541095276937216*x^7)/(x^96 - 142*x^95 + 9873*x^94 - 
447990*x^93 + 14918909*x^92 - 388788630*x^91 + 8255551955*x^90 - 
146851387992*x^89 + 2232860028366*x^88 - 29465961119542*x^87 + 
341524287763096*x^86 - 3509827364031714*x^85 + 32229822805825343*x^84 - 
266126602518133714*x^83 + 1986369405700883421*x^82 - 13461123655559288872*x^81 +
83129237962476675462*x^80 - 469271934569688004374*x^79 + 
2427879753753007783752*x^78 - 11537586409458678410694*x^77 + 
50453370488714247045747*x^76 - 203343795346618833353266*x^75 + 
756343223018641272185845*x^74 - 2599386974340758769566640*x^73 + 
8263753821717870963326200*x^72 - 24330564455911328827718406*x^71 + 
66435298994223763439324334*x^70 - 168537470142925114382843482*x^69 + 
398203774546008364057134067*x^68 - 879192682392395065343752098*x^67 + 
1822162329212917284371744185*x^66 - 3565229250386414634797875224*x^65 + 
6628959115019916420479165073*x^64 - 11791452643150037506780860672*x^63 + 
20179636720178873481357891987*x^62 - 33348407250615138706314700152*x^61 + 
53298945363762493413871592686*x^60 - 82413969449154365662848095884*x^59 + 
123372693726174209962777190706*x^58 - 179154173589819904471893152400*x^57 + 
253080853543784561178371519492*x^56 - 348534680575980585684332219892*x^55 + 
467964097659420717791611301456*x^54 - 611563227216492422603250383412*x^53 + 
776970949894974647169271616838*x^52 - 960760786892452164881840016884*x^51 + 
1159795159265503801431571434434*x^50 - 1368955036963723369442555082312*x^49 + 
1575773888444141965004952318905*x^48 - 1759519459048363724925470226066*x^47 + 
1900922539937880925862704443861*x^46 - 1994219719617450744105795748602*x^45 + 
2043061995821619006419332941363*x^44 - 2039203288482332408259428823570*x^43 + 
1953983402809004199525330644333*x^42 - 1767373019213909313231589210640*x^41 + 
1505325892803887517510874180824*x^40 - 1226143311406407248899886953158*x^39 + 
957421281122261870033372888590*x^38 - 668841743918905219769886185178*x^37 + 
334110963022935264264089854123*x^36 - 3354588915063399138080647602*x^35 - 
229037755605403888461751883247*x^34 + 332610588680427296152106534552*x^33 - 
373966013343659425635702175562*x^32 + 422075126009608550325738822906*x^31 - 
458546953895454712556756631560*x^30 + 417333091245199126567148447370*x^29 - 
289534029329376220977052904025*x^28 + 144925115972885881665287896998*x^27 - 
52164040483917053941406457735*x^26 + 13835234152581386260215058344*x^25 + 
10433459429989747586621738094*x^24 - 43755717300695651115112162890*x^23 + 
73195998781435018993519751052*x^22 - 77938606337732014205058116502*x^21 + 
56689738162792310097753866397*x^20 - 26044336760921192583001274022*x^19 + 
2693880057261729276638796663*x^18 + 7664080987880442043584833520*x^17 - 
8526692317243461410876137623*x^16 + 5682817478753625724932527996*x^15 - 
2836250397175641970806101609*x^14 + 1125927176004603512534445444*x^13 - 
362898235488307225881288696*x^12 + 95302793253069084346270336*x^11 - 
20244272524274157900017088*x^10 + 3420286481122710122617600*x^9 - 
447294379750077651128832*x^8 + 43575983720485839568896*x^7 - 
3020671031004004102144*x^6 + 145026510997325135872*x^5 - 4748061933286096896*x^4
+ 103761588129366016*x^3 - 1447268298522624*x^2 + 11656517124096*x - 
41278242816).
Finding maximal order finite in function field extension. This may take a while.
ring_ext_maximal_order_flags: called with algo_flag: 0
no algorithm selected
nothing about algebra-splitting selected
nothing about reduced-discriminant selected
nothing about dedekind-test selected
ring_ext_maximal_order: checking control-devices
ring_ext_maximal_order_flags: calling ring_ext_maximal_order_flags_sub
ring_ext_maximal_order_flags_sub: called with algo_flag: 40
no algorithm selected
no algebra-splitting selected
no reduced-discriminant selected
nothing about dedekind-test selected
Factorization of discriminant: 
t^42
t + 1^42
t^2 - 5*t + 1^42
t^2 - 5*t + 8^42
t^3 - 4*t^2 + 3*t + 1^6
t^4 - 10*t^3 + 27*t^2 - 10*t - 27^21
t^4 - 5*t^3 + 8*t^2 - 7*t + 7^42
t^25 - 243613511/3169927*t^24 + 7570311212/3169927*t^23 - 
    134667839853/3169927*t^22 + 1579360275344/3169927*t^21 - 
    13151856342597/3169927*t^20 + 81219108578979/3169927*t^19 - 
    381810527648493/3169927*t^18 + 1386210465639073/3169927*t^17 - 
    3905083478396948/3169927*t^16 + 8483472385051843/3169927*t^15 - 
    13887034314344442/3169927*t^14 + 16093512722343035/3169927*t^13 - 
    10615871648571378/3169927*t^12 - 1985015268877297/3169927*t^11 + 
    13791766140443183/3169927*t^10 - 16031641586543472/3169927*t^9 + 
    8404795648396774/3169927*t^8 + 889952577401532/3169927*t^7 - 
    4682472100563488/3169927*t^6 + 3213735886943407/3169927*t^5 - 
    776355622584502/3169927*t^4 - 207433708711986/3169927*t^3 + 
    159366301151227/3169927*t^2 - 10912648812990/3169927*t - 
    8769197335950/3169927^2
t^25 - 2000679/72257*t^24 + 263473279/1372883*t^23 + 3721615195/1372883*t^22 - 
    96672018085/1372883*t^21 + 1020821149775/1372883*t^20 - 
    6626051087341/1372883*t^19 + 28298608724970/1372883*t^18 - 
    73643036623536/1372883*t^17 + 47447529291978/1372883*t^16 + 
    544636231225014/1372883*t^15 - 2990893419596590/1372883*t^14 + 
    9172773453022627/1372883*t^13 - 19846274294335083/1372883*t^12 + 
    32079157578534993/1372883*t^11 - 39173504580588072/1372883*t^10 + 
    35518866952518863/1372883*t^9 - 22541746059544217/1372883*t^8 + 
    8263796267816862/1372883*t^7 + 101417883778050/1372883*t^6 - 
    1851111140046343/1372883*t^5 + 800132620790028/1372883*t^4 - 
    2466590365270/1372883*t^3 - 86072698351865/1372883*t^2 + 
    10797494142978/1372883*t + 4108335240150/1372883^2
t^25 + 49646613/4587251*t^24 - 7082353793/4587251*t^23 + 
    179305842550/4587251*t^22 - 2486411170183/4587251*t^21 + 
    22885218254654/4587251*t^20 - 151632451984524/4587251*t^19 + 
    755183587212080/4587251*t^18 - 2897430880792680/4587251*t^17 + 
    8675046162168276/4587251*t^16 - 20339342031204092/4587251*t^15 + 
    37089765883902149/4587251*t^14 - 51421198197490926/4587251*t^13 + 
    51092182899632140/4587251*t^12 - 29858675756210849/4587251*t^11 - 
    2480885777684441/4587251*t^10 + 25656836828885754/4587251*t^9 - 
    27780755813275172/4587251*t^8 + 15423741973054525/4587251*t^7 - 
    3226308816410491/4587251*t^6 - 1516908876754348/4587251*t^5 + 
    1185771048105879/4587251*t^4 - 156750481393805/4587251*t^3 - 
    97228701877829/4587251*t^2 + 22675986965578/4587251*t + 
    5423698588340/4587251^2
factors with (possibly) not maximal overorder:
t^42
t + 1^42
t^2 - 5*t + 1^42
t^2 - 5*t + 8^42
t^3 - 4*t^2 + 3*t + 1^6
t^4 - 10*t^3 + 27*t^2 - 10*t - 27^21
t^4 - 5*t^3 + 8*t^2 - 7*t + 7^42
t^25 - 243613511/3169927*t^24 + 7570311212/3169927*t^23 - 
    134667839853/3169927*t^22 + 1579360275344/3169927*t^21 - 
    13151856342597/3169927*t^20 + 81219108578979/3169927*t^19 - 
    381810527648493/3169927*t^18 + 1386210465639073/3169927*t^17 - 
    3905083478396948/3169927*t^16 + 8483472385051843/3169927*t^15 - 
    13887034314344442/3169927*t^14 + 16093512722343035/3169927*t^13 - 
    10615871648571378/3169927*t^12 - 1985015268877297/3169927*t^11 + 
    13791766140443183/3169927*t^10 - 16031641586543472/3169927*t^9 + 
    8404795648396774/3169927*t^8 + 889952577401532/3169927*t^7 - 
    4682472100563488/3169927*t^6 + 3213735886943407/3169927*t^5 - 
    776355622584502/3169927*t^4 - 207433708711986/3169927*t^3 + 
    159366301151227/3169927*t^2 - 10912648812990/3169927*t - 
    8769197335950/3169927^2
t^25 - 2000679/72257*t^24 + 263473279/1372883*t^23 + 3721615195/1372883*t^22 - 
    96672018085/1372883*t^21 + 1020821149775/1372883*t^20 - 
    6626051087341/1372883*t^19 + 28298608724970/1372883*t^18 - 
    73643036623536/1372883*t^17 + 47447529291978/1372883*t^16 + 
    544636231225014/1372883*t^15 - 2990893419596590/1372883*t^14 + 
    9172773453022627/1372883*t^13 - 19846274294335083/1372883*t^12 + 
    32079157578534993/1372883*t^11 - 39173504580588072/1372883*t^10 + 
    35518866952518863/1372883*t^9 - 22541746059544217/1372883*t^8 + 
    8263796267816862/1372883*t^7 + 101417883778050/1372883*t^6 - 
    1851111140046343/1372883*t^5 + 800132620790028/1372883*t^4 - 
    2466590365270/1372883*t^3 - 86072698351865/1372883*t^2 + 
    10797494142978/1372883*t + 4108335240150/1372883^2
t^25 + 49646613/4587251*t^24 - 7082353793/4587251*t^23 + 
    179305842550/4587251*t^22 - 2486411170183/4587251*t^21 + 
    22885218254654/4587251*t^20 - 151632451984524/4587251*t^19 + 
    755183587212080/4587251*t^18 - 2897430880792680/4587251*t^17 + 
    8675046162168276/4587251*t^16 - 20339342031204092/4587251*t^15 + 
    37089765883902149/4587251*t^14 - 51421198197490926/4587251*t^13 + 
    51092182899632140/4587251*t^12 - 29858675756210849/4587251*t^11 - 
    2480885777684441/4587251*t^10 + 25656836828885754/4587251*t^9 - 
    27780755813275172/4587251*t^8 + 15423741973054525/4587251*t^7 - 
    3226308816410491/4587251*t^6 - 1516908876754348/4587251*t^5 + 
    1185771048105879/4587251*t^4 - 156750481393805/4587251*t^3 - 
    97228701877829/4587251*t^2 + 22675986965578/4587251*t + 
    5423698588340/4587251^2
-----------------------
ring_ext_rnd2_max_p_sub called:
prime: t, prime_bound: 42, algo_flag: 40
-----------------------
no algorithm selected
no algebra-splitting selected
nothing about dedekind-test selected
nothing about pauli selected
---------------------------
ring_ext_rnd2_max_p_sub_sub called:
prime: t, prime_bound: 42, algo_flag: 169
---------------------------
round2 selected
no algebra-splitting selected
no dedekind-test selected
nothing about pauli selected
No split performed ...
(due to user advice or impossible) ... 
standard algorithm.
----------------------------
ring_ext_rnd2_max_p_rnd2 called:
prime: t, prime_bound: 42, algo_flag: 169
----------------------------
no dedekind-test selected
transformation for t...
index of order: t^21
-----------------------
ring_ext_rnd2_max_p_sub called:
prime: t + 1, prime_bound: 42, algo_flag: 40
-----------------------
no algorithm selected
no algebra-splitting selected
nothing about dedekind-test selected
nothing about pauli selected
---------------------------
ring_ext_rnd2_max_p_sub_sub called:
prime: t + 1, prime_bound: 42, algo_flag: 169
---------------------------
round2 selected
no algebra-splitting selected
no dedekind-test selected
nothing about pauli selected
No split performed ...
(due to user advice or impossible) ... 
standard algorithm.
----------------------------
ring_ext_rnd2_max_p_rnd2 called:
prime: t + 1, prime_bound: 42, algo_flag: 169
----------------------------
no dedekind-test selected
transformation for t + 1...
index of order: t^21 + 21*t^20 + 210*t^19 + 1330*t^18 + 5985*t^17 + 20349*t^16 +
    54264*t^15 + 116280*t^14 + 203490*t^13 + 293930*t^12 + 352716*t^11 + 
    352716*t^10 + 293930*t^9 + 203490*t^8 + 116280*t^7 + 54264*t^6 + 20349*t^5 +
    5985*t^4 + 1330*t^3 + 210*t^2 + 21*t + 1
-----------------------
ring_ext_rnd2_max_p_sub called:
prime: t^2 - 5*t + 1, prime_bound: 42, algo_flag: 40
-----------------------
no algorithm selected
no algebra-splitting selected
nothing about dedekind-test selected
nothing about pauli selected
---------------------------
ring_ext_rnd2_max_p_sub_sub called:
prime: t^2 - 5*t + 1, prime_bound: 42, algo_flag: 169
---------------------------
round2 selected
no algebra-splitting selected
no dedekind-test selected
nothing about pauli selected
No split performed ...
(due to user advice or impossible) ... 
standard algorithm.
----------------------------
ring_ext_rnd2_max_p_rnd2 called:
prime: t^2 - 5*t + 1, prime_bound: 42, algo_flag: 169
----------------------------
no dedekind-test selected
transformation for t^2 - 5*t + 1...
index of order: t^42 - 105*t^41 + 5271*t^40 - 168350*t^39 + 3840585*t^38 - 
    66603075*t^37 + 912364705*t^36 - 10127380950*t^35 + 92720224485*t^34 - 
    709030324975*t^33 + 4569430713099*t^32 - 24974244540420*t^31 + 
    116244500820014*t^30 - 461938778281050*t^29 + 1568920439703030*t^28 - 
    4553895997317100*t^27 + 11284165764449865*t^26 - 23827019766988725*t^25 + 
    42773816956415055*t^24 - 65120144658997050*t^23 + 83888652677196591*t^22 - 
    91295551930615005*t^21 + 83888652677196591*t^20 - 65120144658997050*t^19 + 
    42773816956415055*t^18 - 23827019766988725*t^17 + 11284165764449865*t^16 - 
    4553895997317100*t^15 + 1568920439703030*t^14 - 461938778281050*t^13 + 
    116244500820014*t^12 - 24974244540420*t^11 + 4569430713099*t^10 - 
    709030324975*t^9 + 92720224485*t^8 - 10127380950*t^7 + 912364705*t^6 - 
    66603075*t^5 + 3840585*t^4 - 168350*t^3 + 5271*t^2 - 105*t + 1
-----------------------
ring_ext_rnd2_max_p_sub called:
prime: t^2 - 5*t + 8, prime_bound: 42, algo_flag: 40
-----------------------
no algorithm selected
no algebra-splitting selected
nothing about dedekind-test selected
nothing about pauli selected
---------------------------
ring_ext_rnd2_max_p_sub_sub called:
prime: t^2 - 5*t + 8, prime_bound: 42, algo_flag: 169
---------------------------
round2 selected
no algebra-splitting selected
no dedekind-test selected
nothing about pauli selected
No split performed ...
(due to user advice or impossible) ... 
standard algorithm.
----------------------------
ring_ext_rnd2_max_p_rnd2 called:
prime: t^2 - 5*t + 8, prime_bound: 42, algo_flag: 169
----------------------------
no dedekind-test selected
transformation for t^2 - 5*t + 8...
index of order: t^42 - 105*t^41 + 5418*t^40 - 183050*t^39 + 4552065*t^38 - 
    88807425*t^37 + 1414736960*t^36 - 18913181400*t^35 + 216420867810*t^34 - 
    2151449688850*t^33 + 18795345737532*t^32 - 145611521220060*t^31 + 
    1007682047484266*t^30 - 6265949953797450*t^29 + 35177263539151560*t^28 - 
    178993640876754200*t^27 + 828094766192035965*t^26 - 3492058563775282725*t^25
    + 13449160146858285290*t^24 - 47376269208312148650*t^23 + 
    152800072013995613109*t^22 - 451487328304733972245*t^21 + 
    1222400576111964904872*t^20 - 3032081229331977513600*t^19 + 
    6885969995191442068480*t^18 - 14303471877223558041600*t^17 + 
    27135009298580634501120*t^16 - 46922108993995853004800*t^15 + 
    73772068585658772357120*t^14 - 105125195820049838899200*t^13 + 
    135248794959726298267648*t^12 - 156349180390241929789440*t^11 + 
    161450790519425879506944*t^10 - 147846496841602013593600*t^9 + 
    118978630325233810145280*t^8 - 83181051470147066265600*t^7 + 
    49776631608463033630720*t^6 - 24997067883608329420800*t^5 + 
    10250339118883138437120*t^4 - 3297535647160677171200*t^3 + 
    780816088994987114496*t^2 - 121056757983718932480*t + 9223372036854775808
-----------------------
ring_ext_rnd2_max_p_sub called:
prime: t^3 - 4*t^2 + 3*t + 1, prime_bound: 6, algo_flag: 40
-----------------------
no algorithm selected
no algebra-splitting selected
nothing about dedekind-test selected
nothing about pauli selected
---------------------------
ring_ext_rnd2_max_p_sub_sub called:
prime: t^3 - 4*t^2 + 3*t + 1, prime_bound: 6, algo_flag: 169
---------------------------
round2 selected
no algebra-splitting selected
no dedekind-test selected
nothing about pauli selected
No split performed ...
(due to user advice or impossible) ... 
standard algorithm.
----------------------------
ring_ext_rnd2_max_p_rnd2 called:
prime: t^3 - 4*t^2 + 3*t + 1, prime_bound: 6, algo_flag: 169
----------------------------
no dedekind-test selected
Order is already t^3 - 4*t^2 + 3*t + 1-maximal.
-----------------------
ring_ext_rnd2_max_p_sub called:
prime: t^4 - 10*t^3 + 27*t^2 - 10*t - 27, prime_bound: 21, algo_flag: 40
-----------------------
no algorithm selected
no algebra-splitting selected
nothing about dedekind-test selected
nothing about pauli selected
---------------------------
ring_ext_rnd2_max_p_sub_sub called:
prime: t^4 - 10*t^3 + 27*t^2 - 10*t - 27, prime_bound: 21, algo_flag: 169
---------------------------
round2 selected
no algebra-splitting selected
no dedekind-test selected
nothing about pauli selected
No split performed ...
(due to user advice or impossible) ... 
standard algorithm.
----------------------------
ring_ext_rnd2_max_p_rnd2 called:
prime: t^4 - 10*t^3 + 27*t^2 - 10*t - 27, prime_bound: 21, algo_flag: 169
----------------------------
no dedekind-test selected
transformation for t^4 - 10*t^3 + 27*t^2 - 10*t - 27...
index of order: t^36 - 90*t^35 + 3843*t^34 - 103530*t^33 + 1973601*t^32 - 
    28297080*t^31 + 316537284*t^30 - 2827153800*t^29 + 20452665294*t^28 - 
    120775500580*t^27 + 583125518934*t^26 - 2289957857460*t^25 + 
    7202777506890*t^24 - 17523439088400*t^23 + 30210823963008*t^22 - 
    25987876735440*t^21 - 31913873013141*t^20 + 153862319542050*t^19 - 
    235613766951087*t^18 + 62878723288290*t^17 + 406756590086007*t^16 - 
    699077691371280*t^15 + 164718820271232*t^14 + 900193232216880*t^13 - 
    1064031896408670*t^12 - 249613872750900*t^11 + 1313980931802294*t^10 - 
    499743972576100*t^9 - 858399444341658*t^8 + 666806958623160*t^7 + 
    345146337008676*t^6 - 409907904731640*t^5 - 101772908797203*t^4 + 
    145387286907030*t^3 + 30973105834083*t^2 - 25418658283290*t - 7625597484987
-----------------------
ring_ext_rnd2_max_p_sub called:
prime: t^4 - 5*t^3 + 8*t^2 - 7*t + 7, prime_bound: 42, algo_flag: 40
-----------------------
no algorithm selected
no algebra-splitting selected
nothing about dedekind-test selected
nothing about pauli selected
---------------------------
ring_ext_rnd2_max_p_sub_sub called:
prime: t^4 - 5*t^3 + 8*t^2 - 7*t + 7, prime_bound: 42, algo_flag: 169
---------------------------
round2 selected
no algebra-splitting selected
no dedekind-test selected
nothing about pauli selected
No split performed ...
(due to user advice or impossible) ... 
standard algorithm.
----------------------------
ring_ext_rnd2_max_p_rnd2 called:
prime: t^4 - 5*t^3 + 8*t^2 - 7*t + 7, prime_bound: 42, algo_flag: 169
----------------------------
no dedekind-test selected
transformation for t^4 - 5*t^3 + 8*t^2 - 7*t + 7...
index of order: t^84 - 105*t^83 + 5418*t^82 - 183197*t^81 + 4566912*t^80 - 
    89543895*t^79 + 1438650920*t^78 - 19484831325*t^77 + 227147743725*t^76 - 
    2315988400460*t^75 + 20916704760252*t^74 - 169072173177600*t^73 + 
    1233714274378341*t^72 - 8186387128566549*t^71 + 49708859649708624*t^70 - 
    277725585200937503*t^69 + 1434598725427989555*t^68 - 
    6880733400108816024*t^67 + 30760241152615020816*t^66 - 
    128614459769939468136*t^65 + 504528802357012023297*t^64 - 
    1862106882722794691705*t^63 + 6482797919840164177416*t^62 - 
    21339248495783120188419*t^61 + 66555979549709920512529*t^60 - 
    197079128655530601556482*t^59 + 555038552233750824170400*t^58 - 
    1489201452447355252881366*t^57 + 3812337526633884090594879*t^56 - 
    9324862966371458244065649*t^55 + 21820390085059101557442904*t^54 - 
    48905879620218336625590555*t^53 + 105100536362238954494869002*t^52 - 
    216780916919931363926326043*t^51 + 429535658260720068142813518*t^50 - 
    818265884599860279625521879*t^49 + 1499784944326011962444842205*t^48 - 
    2646636342715755384604205442*t^47 + 4499377991663494265410605528*t^46 - 
    7372894290066706144561434078*t^45 + 11650879132375894071551067030*t^44 - 
    17762206114158195820823478240*t^43 + 26134271636882059733595360800*t^42 - 
    37122148109864666874317406240*t^41 + 50918505051523276687946127450*t^40 - 
    67456815670648568195512024026*t^39 + 86327448593960398122019391880*t^38 - 
    106730277213683825329387616598*t^37 + 127485954086304313177800416987*t^36 - 
    147119636134079820443194474197*t^35 + 164016350380245448855338497922*t^34 - 
    176629344093372619904656151545*t^33 + 183706475625902069457666864486*t^32 - 
    184490230956872499157449860049*t^31 + 178848172058702805143636156824*t^30 - 
    167303425361323486757461200219*t^29 + 150956426395047793874667727785*t^28 - 
    131313756151378991059173339042*t^27 + 110060553259795397137369544928*t^26 - 
    88823850008108174815409759478*t^25 + 68972583549882019590149980567*t^24 - 
    51487243989733813360929863145*t^23 + 36912704264193833559115493736*t^22 - 
    25387818180431388787457810899*t^21 + 16730327376169494740212430199*t^20 - 
    10548636492424401547460487672*t^19 + 6353315305252287172501379280*t^18 - 
    3648536158244375970586136136*t^17 + 1993603923016794582503195109*t^16 - 
    1033983746729354408467214749*t^15 + 507614297548676076656655072*t^14 - 
    235122159613052663413232295*t^13 + 102363603626131959171333651*t^12 - 
    41700450298701611401664064*t^11 + 15810517209529962103492644*t^10 - 
    5542810156507191436958404*t^9 + 1782368891965260339508635*t^8 - 
    520409366985348873211767*t^7 + 136169104487753457619688*t^6 - 
    31375356407682907749213*t^5 + 6212306684866879949856*t^4 - 
    1019346201951993312775*t^3 + 130699732195488457638*t^2 - 
    11729463145748964147*t + 558545864083284007
-----------------------
ring_ext_rnd2_max_p_sub called:
prime: t^25 - 243613511/3169927*t^24 + 7570311212/3169927*t^23 - 
    134667839853/3169927*t^22 + 1579360275344/3169927*t^21 - 
    13151856342597/3169927*t^20 + 81219108578979/3169927*t^19 - 
    381810527648493/3169927*t^18 + 1386210465639073/3169927*t^17 - 
    3905083478396948/3169927*t^16 + 8483472385051843/3169927*t^15 - 
    13887034314344442/3169927*t^14 + 16093512722343035/3169927*t^13 - 
    10615871648571378/3169927*t^12 - 1985015268877297/3169927*t^11 + 
    13791766140443183/3169927*t^10 - 16031641586543472/3169927*t^9 + 
    8404795648396774/3169927*t^8 + 889952577401532/3169927*t^7 - 
    4682472100563488/3169927*t^6 + 3213735886943407/3169927*t^5 - 
    776355622584502/3169927*t^4 - 207433708711986/3169927*t^3 + 
    159366301151227/3169927*t^2 - 10912648812990/3169927*t - 
    8769197335950/3169927, prime_bound: 2, algo_flag: 40
-----------------------
no algorithm selected
no algebra-splitting selected
nothing about dedekind-test selected
nothing about pauli selected
---------------------------
ring_ext_rnd2_max_p_sub_sub called:
prime: t^25 - 243613511/3169927*t^24 + 7570311212/3169927*t^23 - 
    134667839853/3169927*t^22 + 1579360275344/3169927*t^21 - 
    13151856342597/3169927*t^20 + 81219108578979/3169927*t^19 - 
    381810527648493/3169927*t^18 + 1386210465639073/3169927*t^17 - 
    3905083478396948/3169927*t^16 + 8483472385051843/3169927*t^15 - 
    13887034314344442/3169927*t^14 + 16093512722343035/3169927*t^13 - 
    10615871648571378/3169927*t^12 - 1985015268877297/3169927*t^11 + 
    13791766140443183/3169927*t^10 - 16031641586543472/3169927*t^9 + 
    8404795648396774/3169927*t^8 + 889952577401532/3169927*t^7 - 
    4682472100563488/3169927*t^6 + 3213735886943407/3169927*t^5 - 
    776355622584502/3169927*t^4 - 207433708711986/3169927*t^3 + 
    159366301151227/3169927*t^2 - 10912648812990/3169927*t - 
    8769197335950/3169927, prime_bound: 2, algo_flag: 169
---------------------------
round2 selected
no algebra-splitting selected
no dedekind-test selected
nothing about pauli selected
No split performed ...
(due to user advice or impossible) ... 
standard algorithm.
----------------------------
ring_ext_rnd2_max_p_rnd2 called:
prime: t^25 - 243613511/3169927*t^24 + 7570311212/3169927*t^23 - 
    134667839853/3169927*t^22 + 1579360275344/3169927*t^21 - 
    13151856342597/3169927*t^20 + 81219108578979/3169927*t^19 - 
    381810527648493/3169927*t^18 + 1386210465639073/3169927*t^17 - 
    3905083478396948/3169927*t^16 + 8483472385051843/3169927*t^15 - 
    13887034314344442/3169927*t^14 + 16093512722343035/3169927*t^13 - 
    10615871648571378/3169927*t^12 - 1985015268877297/3169927*t^11 + 
    13791766140443183/3169927*t^10 - 16031641586543472/3169927*t^9 + 
    8404795648396774/3169927*t^8 + 889952577401532/3169927*t^7 - 
    4682472100563488/3169927*t^6 + 3213735886943407/3169927*t^5 - 
    776355622584502/3169927*t^4 - 207433708711986/3169927*t^3 + 
    159366301151227/3169927*t^2 - 10912648812990/3169927*t - 
    8769197335950/3169927, prime_bound: 2, algo_flag: 169
----------------------------
no dedekind-test selected
transformation for t^25 - 243613511/3169927*t^24 + 7570311212/3169927*t^23 - 
    134667839853/3169927*t^22 + 1579360275344/3169927*t^21 - 
    13151856342597/3169927*t^20 + 81219108578979/3169927*t^19 - 
    381810527648493/3169927*t^18 + 1386210465639073/3169927*t^17 - 
    3905083478396948/3169927*t^16 + 8483472385051843/3169927*t^15 - 
    13887034314344442/3169927*t^14 + 16093512722343035/3169927*t^13 - 
    10615871648571378/3169927*t^12 - 1985015268877297/3169927*t^11 + 
    13791766140443183/3169927*t^10 - 16031641586543472/3169927*t^9 + 
    8404795648396774/3169927*t^8 + 889952577401532/3169927*t^7 - 
    4682472100563488/3169927*t^6 + 3213735886943407/3169927*t^5 - 
    776355622584502/3169927*t^4 - 207433708711986/3169927*t^3 + 
    159366301151227/3169927*t^2 - 10912648812990/3169927*t - 
    8769197335950/3169927...
index of order: t^25 - 243613511/3169927*t^24 + 7570311212/3169927*t^23 - 
    134667839853/3169927*t^22 + 1579360275344/3169927*t^21 - 
    13151856342597/3169927*t^20 + 81219108578979/3169927*t^19 - 
    381810527648493/3169927*t^18 + 1386210465639073/3169927*t^17 - 
    3905083478396948/3169927*t^16 + 8483472385051843/3169927*t^15 - 
    13887034314344442/3169927*t^14 + 16093512722343035/3169927*t^13 - 
    10615871648571378/3169927*t^12 - 1985015268877297/3169927*t^11 + 
    13791766140443183/3169927*t^10 - 16031641586543472/3169927*t^9 + 
    8404795648396774/3169927*t^8 + 889952577401532/3169927*t^7 - 
    4682472100563488/3169927*t^6 + 3213735886943407/3169927*t^5 - 
    776355622584502/3169927*t^4 - 207433708711986/3169927*t^3 + 
    159366301151227/3169927*t^2 - 10912648812990/3169927*t - 
    8769197335950/3169927
-----------------------
ring_ext_rnd2_max_p_sub called:
prime: t^25 - 2000679/72257*t^24 + 263473279/1372883*t^23 + 
    3721615195/1372883*t^22 - 96672018085/1372883*t^21 + 
    1020821149775/1372883*t^20 - 6626051087341/1372883*t^19 + 
    28298608724970/1372883*t^18 - 73643036623536/1372883*t^17 + 
    47447529291978/1372883*t^16 + 544636231225014/1372883*t^15 - 
    2990893419596590/1372883*t^14 + 9172773453022627/1372883*t^13 - 
    19846274294335083/1372883*t^12 + 32079157578534993/1372883*t^11 - 
    39173504580588072/1372883*t^10 + 35518866952518863/1372883*t^9 - 
    22541746059544217/1372883*t^8 + 8263796267816862/1372883*t^7 + 
    101417883778050/1372883*t^6 - 1851111140046343/1372883*t^5 + 
    800132620790028/1372883*t^4 - 2466590365270/1372883*t^3 - 
    86072698351865/1372883*t^2 + 10797494142978/1372883*t + 
    4108335240150/1372883, prime_bound: 2, algo_flag: 40
-----------------------
no algorithm selected
no algebra-splitting selected
nothing about dedekind-test selected
nothing about pauli selected
---------------------------
ring_ext_rnd2_max_p_sub_sub called:
prime: t^25 - 2000679/72257*t^24 + 263473279/1372883*t^23 + 
    3721615195/1372883*t^22 - 96672018085/1372883*t^21 + 
    1020821149775/1372883*t^20 - 6626051087341/1372883*t^19 + 
    28298608724970/1372883*t^18 - 73643036623536/1372883*t^17 + 
    47447529291978/1372883*t^16 + 544636231225014/1372883*t^15 - 
    2990893419596590/1372883*t^14 + 9172773453022627/1372883*t^13 - 
    19846274294335083/1372883*t^12 + 32079157578534993/1372883*t^11 - 
    39173504580588072/1372883*t^10 + 35518866952518863/1372883*t^9 - 
    22541746059544217/1372883*t^8 + 8263796267816862/1372883*t^7 + 
    101417883778050/1372883*t^6 - 1851111140046343/1372883*t^5 + 
    800132620790028/1372883*t^4 - 2466590365270/1372883*t^3 - 
    86072698351865/1372883*t^2 + 10797494142978/1372883*t + 
    4108335240150/1372883, prime_bound: 2, algo_flag: 169
---------------------------
round2 selected
no algebra-splitting selected
no dedekind-test selected
nothing about pauli selected
No split performed ...
(due to user advice or impossible) ... 
standard algorithm.
----------------------------
ring_ext_rnd2_max_p_rnd2 called:
prime: t^25 - 2000679/72257*t^24 + 263473279/1372883*t^23 + 
    3721615195/1372883*t^22 - 96672018085/1372883*t^21 + 
    1020821149775/1372883*t^20 - 6626051087341/1372883*t^19 + 
    28298608724970/1372883*t^18 - 73643036623536/1372883*t^17 + 
    47447529291978/1372883*t^16 + 544636231225014/1372883*t^15 - 
    2990893419596590/1372883*t^14 + 9172773453022627/1372883*t^13 - 
    19846274294335083/1372883*t^12 + 32079157578534993/1372883*t^11 - 
    39173504580588072/1372883*t^10 + 35518866952518863/1372883*t^9 - 
    22541746059544217/1372883*t^8 + 8263796267816862/1372883*t^7 + 
    101417883778050/1372883*t^6 - 1851111140046343/1372883*t^5 + 
    800132620790028/1372883*t^4 - 2466590365270/1372883*t^3 - 
    86072698351865/1372883*t^2 + 10797494142978/1372883*t + 
    4108335240150/1372883, prime_bound: 2, algo_flag: 169
----------------------------
no dedekind-test selected
transformation for t^25 - 2000679/72257*t^24 + 263473279/1372883*t^23 + 
    3721615195/1372883*t^22 - 96672018085/1372883*t^21 + 
    1020821149775/1372883*t^20 - 6626051087341/1372883*t^19 + 
    28298608724970/1372883*t^18 - 73643036623536/1372883*t^17 + 
    47447529291978/1372883*t^16 + 544636231225014/1372883*t^15 - 
    2990893419596590/1372883*t^14 + 9172773453022627/1372883*t^13 - 
    19846274294335083/1372883*t^12 + 32079157578534993/1372883*t^11 - 
    39173504580588072/1372883*t^10 + 35518866952518863/1372883*t^9 - 
    22541746059544217/1372883*t^8 + 8263796267816862/1372883*t^7 + 
    101417883778050/1372883*t^6 - 1851111140046343/1372883*t^5 + 
    800132620790028/1372883*t^4 - 2466590365270/1372883*t^3 - 
    86072698351865/1372883*t^2 + 10797494142978/1372883*t + 
    4108335240150/1372883...
index of order: t^25 - 2000679/72257*t^24 + 263473279/1372883*t^23 + 
    3721615195/1372883*t^22 - 96672018085/1372883*t^21 + 
    1020821149775/1372883*t^20 - 6626051087341/1372883*t^19 + 
    28298608724970/1372883*t^18 - 73643036623536/1372883*t^17 + 
    47447529291978/1372883*t^16 + 544636231225014/1372883*t^15 - 
    2990893419596590/1372883*t^14 + 9172773453022627/1372883*t^13 - 
    19846274294335083/1372883*t^12 + 32079157578534993/1372883*t^11 - 
    39173504580588072/1372883*t^10 + 35518866952518863/1372883*t^9 - 
    22541746059544217/1372883*t^8 + 8263796267816862/1372883*t^7 + 
    101417883778050/1372883*t^6 - 1851111140046343/1372883*t^5 + 
    800132620790028/1372883*t^4 - 2466590365270/1372883*t^3 - 
    86072698351865/1372883*t^2 + 10797494142978/1372883*t + 
    4108335240150/1372883
-----------------------
ring_ext_rnd2_max_p_sub called:
prime: t^25 + 49646613/4587251*t^24 - 7082353793/4587251*t^23 + 
    179305842550/4587251*t^22 - 2486411170183/4587251*t^21 + 
    22885218254654/4587251*t^20 - 151632451984524/4587251*t^19 + 
    755183587212080/4587251*t^18 - 2897430880792680/4587251*t^17 + 
    8675046162168276/4587251*t^16 - 20339342031204092/4587251*t^15 + 
    37089765883902149/4587251*t^14 - 51421198197490926/4587251*t^13 + 
    51092182899632140/4587251*t^12 - 29858675756210849/4587251*t^11 - 
    2480885777684441/4587251*t^10 + 25656836828885754/4587251*t^9 - 
    27780755813275172/4587251*t^8 + 15423741973054525/4587251*t^7 - 
    3226308816410491/4587251*t^6 - 1516908876754348/4587251*t^5 + 
    1185771048105879/4587251*t^4 - 156750481393805/4587251*t^3 - 
    97228701877829/4587251*t^2 + 22675986965578/4587251*t + 
    5423698588340/4587251, prime_bound: 2, algo_flag: 40
-----------------------
no algorithm selected
no algebra-splitting selected
nothing about dedekind-test selected
nothing about pauli selected
---------------------------
ring_ext_rnd2_max_p_sub_sub called:
prime: t^25 + 49646613/4587251*t^24 - 7082353793/4587251*t^23 + 
    179305842550/4587251*t^22 - 2486411170183/4587251*t^21 + 
    22885218254654/4587251*t^20 - 151632451984524/4587251*t^19 + 
    755183587212080/4587251*t^18 - 2897430880792680/4587251*t^17 + 
    8675046162168276/4587251*t^16 - 20339342031204092/4587251*t^15 + 
    37089765883902149/4587251*t^14 - 51421198197490926/4587251*t^13 + 
    51092182899632140/4587251*t^12 - 29858675756210849/4587251*t^11 - 
    2480885777684441/4587251*t^10 + 25656836828885754/4587251*t^9 - 
    27780755813275172/4587251*t^8 + 15423741973054525/4587251*t^7 - 
    3226308816410491/4587251*t^6 - 1516908876754348/4587251*t^5 + 
    1185771048105879/4587251*t^4 - 156750481393805/4587251*t^3 - 
    97228701877829/4587251*t^2 + 22675986965578/4587251*t + 
    5423698588340/4587251, prime_bound: 2, algo_flag: 169
---------------------------
round2 selected
no algebra-splitting selected
no dedekind-test selected
nothing about pauli selected
No split performed ...
(due to user advice or impossible) ... 
standard algorithm.
----------------------------
ring_ext_rnd2_max_p_rnd2 called:
prime: t^25 + 49646613/4587251*t^24 - 7082353793/4587251*t^23 + 
    179305842550/4587251*t^22 - 2486411170183/4587251*t^21 + 
    22885218254654/4587251*t^20 - 151632451984524/4587251*t^19 + 
    755183587212080/4587251*t^18 - 2897430880792680/4587251*t^17 + 
    8675046162168276/4587251*t^16 - 20339342031204092/4587251*t^15 + 
    37089765883902149/4587251*t^14 - 51421198197490926/4587251*t^13 + 
    51092182899632140/4587251*t^12 - 29858675756210849/4587251*t^11 - 
    2480885777684441/4587251*t^10 + 25656836828885754/4587251*t^9 - 
    27780755813275172/4587251*t^8 + 15423741973054525/4587251*t^7 - 
    3226308816410491/4587251*t^6 - 1516908876754348/4587251*t^5 + 
    1185771048105879/4587251*t^4 - 156750481393805/4587251*t^3 - 
    97228701877829/4587251*t^2 + 22675986965578/4587251*t + 
    5423698588340/4587251, prime_bound: 2, algo_flag: 169
----------------------------
no dedekind-test selected
transformation for t^25 + 49646613/4587251*t^24 - 7082353793/4587251*t^23 + 
    179305842550/4587251*t^22 - 2486411170183/4587251*t^21 + 
    22885218254654/4587251*t^20 - 151632451984524/4587251*t^19 + 
    755183587212080/4587251*t^18 - 2897430880792680/4587251*t^17 + 
    8675046162168276/4587251*t^16 - 20339342031204092/4587251*t^15 + 
    37089765883902149/4587251*t^14 - 51421198197490926/4587251*t^13 + 
    51092182899632140/4587251*t^12 - 29858675756210849/4587251*t^11 - 
    2480885777684441/4587251*t^10 + 25656836828885754/4587251*t^9 - 
    27780755813275172/4587251*t^8 + 15423741973054525/4587251*t^7 - 
    3226308816410491/4587251*t^6 - 1516908876754348/4587251*t^5 + 
    1185771048105879/4587251*t^4 - 156750481393805/4587251*t^3 - 
    97228701877829/4587251*t^2 + 22675986965578/4587251*t + 
    5423698588340/4587251...
index of order: t^25 + 49646613/4587251*t^24 - 7082353793/4587251*t^23 + 
    179305842550/4587251*t^22 - 2486411170183/4587251*t^21 + 
    22885218254654/4587251*t^20 - 151632451984524/4587251*t^19 + 
    755183587212080/4587251*t^18 - 2897430880792680/4587251*t^17 + 
    8675046162168276/4587251*t^16 - 20339342031204092/4587251*t^15 + 
    37089765883902149/4587251*t^14 - 51421198197490926/4587251*t^13 + 
    51092182899632140/4587251*t^12 - 29858675756210849/4587251*t^11 - 
    2480885777684441/4587251*t^10 + 25656836828885754/4587251*t^9 - 
    27780755813275172/4587251*t^8 + 15423741973054525/4587251*t^7 - 
    3226308816410491/4587251*t^6 - 1516908876754348/4587251*t^5 + 
    1185771048105879/4587251*t^4 - 156750481393805/4587251*t^3 - 
    97228701877829/4587251*t^2 + 22675986965578/4587251*t + 
    5423698588340/4587251
Time taken was 39.930.
Iteration 1.
mlist = [ 141, 147, 149, 155, 157, 163, 162 ].
Updating...
Done.
Iteration 2.
mlist = [ 141, 147, 149, 155, 157, 162, 162 ].
Updating...
Done.
Iteration 3.
mlist = [ 141, 147, 149, 155, 157, 162, 161 ].
Updating...
Done.
Iteration 4.
mlist = [ 141, 147, 149, 155, 157, 161, 161 ].
Updating...
Done.
Iteration 5.
mlist = [ 141, 147, 149, 155, 157, 161, 160 ].
Updating...
Done.
Iteration 6.
mlist = [ 141, 147, 149, 155, 157, 160, 160 ].
Updating...
Done.
Iteration 7.
mlist = [ 141, 147, 149, 155, 157, 160, 159 ].
Updating...
Done.
Iteration 8.
mlist = [ 141, 147, 149, 155, 157, 159, 159 ].
Updating...
Done.
Iteration 9.
mlist = [ 141, 147, 149, 155, 157, 159, 158 ].
Updating...
Done.
Iteration 10.
mlist = [ 141, 147, 149, 155, 157, 158, 158 ].
Updating...
Done.
Iteration 11.
mlist = [ 141, 147, 149, 155, 157, 158, 157 ].
Updating...
Done.
Iteration 12.
mlist = [ 141, 147, 149, 155, 157, 157, 157 ].
Updating...
Done.
Iteration 13.
mlist = [ 141, 147, 149, 155, 157, 157, 156 ].
Updating...
Done.
Iteration 14.
mlist = [ 141, 147, 149, 155, 157, 156, 156 ].
Updating...
Done.
Iteration 15.
mlist = [ 141, 147, 149, 155, 156, 156, 156 ].
Updating...
Done.
Iteration 16.
mlist = [ 141, 147, 149, 155, 156, 156, 155 ].
Updating...
Done.
Iteration 17.
mlist = [ 141, 147, 149, 155, 156, 155, 155 ].
Updating...
Done.
Iteration 18.
mlist = [ 141, 147, 149, 155, 155, 155, 155 ].
Updating...
Done.
Iteration 19.
mlist = [ 141, 147, 149, 155, 155, 155, 154 ].
Updating...
Done.
Iteration 20.
mlist = [ 141, 147, 149, 155, 155, 154, 154 ].
Updating...
Done.
Iteration 21.
mlist = [ 141, 147, 149, 155, 154, 154, 154 ].
Updating...
Done.
Iteration 22.
mlist = [ 141, 147, 149, 154, 154, 154, 154 ].
Updating...
Done.
Iteration 23.
mlist = [ 141, 147, 149, 154, 154, 154, 153 ].
Updating...
Done.
Iteration 24.
mlist = [ 141, 147, 149, 154, 154, 153, 153 ].
Updating...
Done.
Iteration 25.
mlist = [ 141, 147, 149, 154, 153, 153, 153 ].
Updating...
Done.
Iteration 26.
mlist = [ 141, 147, 149, 153, 153, 153, 153 ].
Updating...
Done.
Iteration 27.
mlist = [ 141, 147, 149, 153, 153, 153, 152 ].
Updating...
Done.
Iteration 28.
mlist = [ 141, 147, 149, 153, 153, 152, 152 ].
Updating...
Done.
Iteration 29.
mlist = [ 141, 147, 149, 153, 152, 152, 152 ].
Updating...
Done.
Iteration 30.
mlist = [ 141, 147, 149, 152, 152, 152, 152 ].
Updating...
Done.
Iteration 31.
mlist = [ 141, 147, 149, 152, 152, 152, 151 ].
Updating...
Done.
Iteration 32.
mlist = [ 141, 147, 149, 152, 152, 151, 151 ].
Updating...
Done.
Iteration 33.
mlist = [ 141, 147, 149, 152, 151, 151, 151 ].
Updating...
Done.
Iteration 34.
mlist = [ 141, 147, 149, 151, 151, 151, 151 ].
Updating...
Done.
Iteration 35.
mlist = [ 141, 147, 149, 151, 151, 151, 150 ].
Updating...
Done.
Iteration 36.
mlist = [ 141, 147, 149, 151, 151, 150, 150 ].
Updating...
Done.
Iteration 37.
mlist = [ 141, 147, 149, 151, 150, 150, 150 ].
Updating...
Done.
Iteration 38.
mlist = [ 141, 147, 149, 150, 150, 150, 150 ].
Updating...
Done.
Iteration 39.
mlist = [ 141, 147, 149, 150, 150, 150, 149 ].
Updating...
Done.
Iteration 40.
mlist = [ 141, 147, 149, 150, 150, 149, 149 ].
Updating...
Done.
Iteration 41.
mlist = [ 141, 147, 149, 150, 149, 149, 149 ].
Updating...
Done.
Iteration 42.
mlist = [ 141, 147, 149, 149, 149, 149, 149 ].
Updating...
Done.
Iteration 43.
mlist = [ 141, 147, 149, 149, 149, 149, 148 ].
Updating...
Done.
Iteration 44.
mlist = [ 141, 147, 149, 149, 149, 148, 148 ].
Updating...
Done.
Iteration 45.
mlist = [ 141, 147, 149, 149, 148, 148, 148 ].
Updating...
Done.
Iteration 46.
mlist = [ 141, 147, 149, 148, 148, 148, 148 ].
Updating...
Done.
Iteration 47.
mlist = [ 141, 147, 148, 148, 148, 148, 148 ].
Updating...
Done.
Iteration 48.
mlist = [ 141, 147, 148, 148, 148, 148, 147 ].
Updating...
Done.
Iteration 49.
mlist = [ 141, 147, 148, 148, 148, 147, 147 ].
Updating...
Done.
Iteration 50.
mlist = [ 141, 147, 148, 148, 147, 147, 147 ].
Updating...
Done.
Iteration 51.
mlist = [ 141, 147, 148, 147, 147, 147, 147 ].
Updating...
Done.
Iteration 52.
mlist = [ 141, 147, 147, 147, 147, 147, 147 ].
Updating...
Done.
Iteration 53.
mlist = [ 141, 147, 147, 147, 147, 147, 146 ].
Updating...
Done.
Iteration 54.
mlist = [ 141, 147, 147, 147, 147, 146, 146 ].
Updating...
Done.
Iteration 55.
mlist = [ 141, 147, 147, 147, 146, 146, 146 ].
Updating...
Done.
Iteration 56.
mlist = [ 141, 147, 147, 146, 146, 146, 146 ].
Updating...
Done.
Iteration 57.
mlist = [ 141, 147, 146, 146, 146, 146, 146 ].
Updating...
Done.
Iteration 58.
mlist = [ 141, 146, 146, 146, 146, 146, 146 ].
Updating...
Done.
Iteration 59.
mlist = [ 141, 146, 146, 146, 146, 146, 145 ].
Updating...
Done.
Iteration 60.
mlist = [ 141, 146, 146, 146, 146, 145, 145 ].
Updating...
Done.
Iteration 61.
mlist = [ 141, 146, 146, 146, 145, 145, 145 ].
Updating...
Done.
Iteration 62.
mlist = [ 141, 146, 146, 145, 145, 145, 145 ].
Updating...
Done.
Iteration 63.
mlist = [ 141, 146, 145, 145, 145, 145, 145 ].
Updating...
Done.
Iteration 64.
mlist = [ 141, 145, 145, 145, 145, 145, 145 ].
Updating...
Done.
Iteration 65.
mlist = [ 141, 145, 145, 145, 145, 145, 144 ].
Updating...
Done.
Iteration 66.
mlist = [ 141, 145, 145, 145, 145, 144, 144 ].
Updating...
Done.
Iteration 67.
mlist = [ 141, 145, 145, 145, 144, 144, 144 ].
Updating...
Done.
Iteration 68.
mlist = [ 141, 145, 145, 144, 144, 144, 144 ].
Updating...
Done.
Iteration 69.
mlist = [ 141, 145, 144, 144, 144, 144, 144 ].
Updating...
Done.
Iteration 70.
mlist = [ 141, 144, 144, 144, 144, 144, 144 ].
Updating...
Done.
Iteration 71.
mlist = [ 141, 144, 144, 144, 144, 144, 143 ].
Updating...
Done.
Iteration 72.
mlist = [ 141, 144, 144, 144, 144, 143, 143 ].
Updating...
Done.
Iteration 73.
mlist = [ 141, 144, 144, 144, 143, 143, 143 ].
Working with basis of size 13.
Simplest element defining the field has index 5.
Using tvals = [ -2, 1, 2, 3, 4, 5, 6 ].
Computing specialization 1 of 7.
Computing LLLed maximal order.
Computing specialization 2 of 7.
Computing LLLed maximal order.
Computing specialization 3 of 7.
Computing LLLed maximal order.
Computing specialization 4 of 7.
Computing LLLed maximal order.
Computing specialization 5 of 7.
Computing LLLed maximal order.
Computing specialization 6 of 7.
Computing LLLed maximal order.
Computing specialization 7 of 7.
Computing LLLed maximal order.
Clearing denominators.
Saturating.
LLLing. (Just for fun. It's not real yet.)
Changing coordinates.
Changing coordinates.
Minimal size model has 668 characters. Index is 5.
Simplified equation is y^7 + (-21*x^4 + 112*x^3 - 175*x^2 + 63*x + 28)*y^5 + 
(21*x^6 - 217*x^5 + 756*x^4 - 952*x^3 + 70*x^2 + 371*x + 70)*y^4 + (91*x^8 - 
791*x^7 + 2205*x^6 - 1323*x^5 - 2401*x^4 - 784*x^3 + 8673*x^2 - 4613*x - 
1673)*y^3 + (-112*x^10 + 1428*x^9 - 6510*x^8 + 10570*x^7 + 7007*x^6 - 36113*x^5 
+ 6664*x^4 + 63392*x^3 - 54628*x^2 + 1869*x + 4690)*y^2 + (-84*x^12 + 1099*x^11 
- 4858*x^10 + 6314*x^9 + 7175*x^8 + 7805*x^7 - 141757*x^6 + 233940*x^5 + 
14378*x^4 - 279846*x^3 + 132440*x^2 + 34370*x - 3612)*y + 97*x^14 - 1778*x^13 + 
12257*x^12 - 35497*x^11 + 6594*x^10 + 208992*x^9 - 427539*x^8 + 19010*x^7 + 
763553*x^6 - 544971*x^5 - 351008*x^4 + 365666*x^3 - 728*x^2 - 2660*x + 5536.
In this equation, Q(x) is the function field of the modular curve with label 
7.28.0.1.
And Q(x,y) is the function field of the modular curve with label 49.196.9.1.

Total time: 2726.590 seconds, Total memory usage: 2004.94MB
