The degree of that covering map is 2.
Setting subsub to be subgroup 1 of index 1.
The space of Eisenstein series has dimension 23.
Computing action of generators of subsub intersect SL_2 on Eisenstein series for
Gamma(7).
Finding vectors invariant under subsub intersect SL_2.
The dimension of the space of Eisenstein series for subsub intersect SL_2 is 5.
Computing the action of the generators of subsub on the Q-vector space of 
dimension 30.
Finding vectors invariant under subsub.
The dimension is 5.
The index of subsub in covergp is 2.
Form try attempt 1. Number of images is 1.
Form try attempt 2. Number of images is 1.
Form try attempt 3. Number of images is 2.
The element [ 0, 0, 1, 0, 0 ] works. It was number 3.
Computing Weierstrass p-function Fourier expansions.
Computing Fourier expansion 1.
Computing Fourier expansion 2.
Symmetrizing.
Done!
Call to ratfunc with m = 0.
Call to ratfuncrep with deg = 22.
Building last 23 rows of the matrix.
Using coefficients 0 to 45/7.
Time taken was 0.200.
Building the first 23 rows of the matrix.
Time taken was 0.150.
Solving the linear system of size 46x46.
Time taken was 0.020.
Null space has dimension 3.
Result has degree 20.
Call to ratfunc with m = 1.
Call to ratfuncrep with deg = 11.
Result has degree 0.
Curve equation is y^2 + (-4050/7*x^20 + 12960/7*x^19 + 45117/7*x^18 - 
84726/7*x^17 - 1617489/56*x^16 + 212139/14*x^15 - 181602/7*x^14 - 1036962/7*x^13
+ 1831167/28*x^12 + 3257901/14*x^11 - 2684259/14*x^10 - 535977/7*x^9 + 
28470447/56*x^8 - 1036314/7*x^7 - 4487400/7*x^6 + 1902690/7*x^5 + 2676888/7*x^4 
- 1555200/7*x^3 - 519048/7*x^2 + 513216/7*x - 93312/7)/(x^20 + 1/2*x^19 - 
103/8*x^18 - 101/4*x^17 + 1171/32*x^16 + 1367/8*x^15 + 17915/128*x^14 - 
13231/64*x^13 - 52333/128*x^12 + 45/2*x^11 + 3891/8*x^10 + 2295/16*x^9 - 
1625/4*x^8 - 317/2*x^7 + 599/2*x^6 + 64*x^5 - 178*x^4 + 53/2*x^3 + 107/2*x^2 - 
31*x + 11/2).
Finding maximal order finite in function field extension. This may take a while.
ring_ext_maximal_order_flags: called with algo_flag: 0
no algorithm selected
nothing about algebra-splitting selected
nothing about reduced-discriminant selected
nothing about dedekind-test selected
ring_ext_maximal_order: checking control-devices
ring_ext_maximal_order_flags: calling ring_ext_maximal_order_flags_sub
ring_ext_maximal_order_flags_sub: called with algo_flag: 40
no algorithm selected
no algebra-splitting selected
no reduced-discriminant selected
nothing about dedekind-test selected
Factorization of discriminant: 
t - 1/2^2
t^2 - t + 2^2
t^2 + 2/5*t - 4/5^2
t^2 + 5/2*t + 2^2
t^3 - 3*t^2 - 3*t + 3^2
t^4 + 3/2*t^3 - 9/8*t^2 - 9/4*t + 11/8^1
factors with (possibly) not maximal overorder:
t - 1/2^2
t^2 - t + 2^2
t^2 + 2/5*t - 4/5^2
t^2 + 5/2*t + 2^2
t^3 - 3*t^2 - 3*t + 3^2
Time taken was 0.050.
Iteration 1.
mlist = [ 10, 12 ].
Working with basis of size 4.
Simplest element defining the field has index 4.
Using tvals = [ -2, -1, 0, 1, 2, 3, 4 ].
Computing specialization 1 of 7.
Computing LLLed maximal order.
Computing specialization 2 of 7.
Computing LLLed maximal order.
Computing specialization 3 of 7.
Computing LLLed maximal order.
Computing specialization 4 of 7.
Computing LLLed maximal order.
Computing specialization 5 of 7.
Computing LLLed maximal order.
Computing specialization 6 of 7.
Computing LLLed maximal order.
Computing specialization 7 of 7.
Computing LLLed maximal order.
Clearing denominators.
Saturating.
LLLing. (Just for fun. It's not real yet.)
Changing coordinates.
Changing coordinates.
Minimal size model has 48 characters. Index is 4.
Simplified equation is y^2 - 14*x^4 - 21*x^3 + 63/4*x^2 + 63/2*x - 77/4.
In this equation, Q(x) is the function field of the modular curve with label 
7.21.0.1.
And Q(x,y) is the function field of the modular curve with label 7.42.1.1.

Total time: 1.889 seconds, Total memory usage: 32.09MB
