The degree of that covering map is 5.
Setting subsub to be subgroup 1 of index 3.
The space of Eisenstein series has dimension 11.
Computing action of generators of subsub intersect SL_2 on Eisenstein series for
Gamma(5).
Finding vectors invariant under subsub intersect SL_2.
The dimension of the space of Eisenstein series for subsub intersect SL_2 is 2.
Computing the action of the generators of subsub on the Q-vector space of 
dimension 8.
Finding vectors invariant under subsub.
The dimension is 2.
The index of subsub in covergp is 15.
Form try attempt 1. Number of images is 15.
The element [ 1, 0 ] works. It was number 1.
Computing Weierstrass p-function Fourier expansions.
Computing Fourier expansion 1.
Computing Fourier expansion 2.
Computing Fourier expansion 3.
Computing Fourier expansion 4.
Computing Fourier expansion 5.
Computing Fourier expansion 6.
Computing Fourier expansion 7.
Computing Fourier expansion 8.
Computing Fourier expansion 9.
Computing Fourier expansion 10.
Computing Fourier expansion 11.
Computing Fourier expansion 12.
Computing Fourier expansion 13.
Computing Fourier expansion 14.
Computing Fourier expansion 15.
Symmetrizing.
Doing term 1 of 15.
Doing term 2 of 15.
Doing term 3 of 15.
Doing term 4 of 15.
Doing term 5 of 15.
Doing term 6 of 15.
Doing term 7 of 15.
Doing term 8 of 15.
Doing term 9 of 15.
Doing term 10 of 15.
Doing term 11 of 15.
Doing term 12 of 15.
Doing term 13 of 15.
Doing term 14 of 15.
Doing term 15 of 15.
Done!
Call to ratfunc with m = 0.
Call to ratfuncrep with deg = 5.
Building last 6 rows of the matrix.
Using coefficients -5 to 6.
Time taken was 0.000.
Building the first 6 rows of the matrix.
Time taken was 0.000.
Solving the linear system of size 12x12.
Time taken was 0.000.
Null space has dimension 5.
Result has degree 1.
Call to ratfunc with m = 1.
Call to ratfuncrep with deg = 4.
Building last 5 rows of the matrix.
Using coefficients -4 to 5.
Time taken was 0.000.
Building the first 5 rows of the matrix.
Time taken was 0.000.
Solving the linear system of size 10x10.
Time taken was 0.000.
Null space has dimension 4.
Result has degree 1.
Call to ratfunc with m = 2.
Call to ratfuncrep with deg = 3.
Building last 4 rows of the matrix.
Using coefficients -3 to 4.
Time taken was 0.000.
Building the first 4 rows of the matrix.
Time taken was 0.000.
Solving the linear system of size 8x8.
Time taken was 0.000.
Null space has dimension 3.
Result has degree 1.
Call to ratfunc with m = 3.
Call to ratfuncrep with deg = 2.
Building last 3 rows of the matrix.
Using coefficients -2 to 3.
Time taken was 0.000.
Building the first 3 rows of the matrix.
Time taken was 0.000.
Solving the linear system of size 6x6.
Time taken was 0.000.
Null space has dimension 3.
Result has degree 0.
Call to ratfunc with m = 4.
Call to ratfuncrep with deg = 1.
Building last 2 rows of the matrix.
Using coefficients -1 to 2.
Time taken was 0.000.
Building the first 2 rows of the matrix.
Time taken was 0.000.
Solving the linear system of size 4x4.
Time taken was 0.000.
Null space has dimension 2.
Result has degree 0.
Curve equation is y^5 + 8640*y^4 + 29859840*y^3 + (51597803520*x - 
5572562780160)/x*y^2 + (44580502241280*x - 22869797649776640)/x*y + 
(15407021574586368*x - 26623333280885243904)/x.
Finding maximal order finite in function field extension. This may take a while.
ring_ext_maximal_order_flags: called with algo_flag: 0
no algorithm selected
nothing about algebra-splitting selected
nothing about reduced-discriminant selected
nothing about dedekind-test selected
ring_ext_maximal_order: checking control-devices
ring_ext_maximal_order_flags: calling ring_ext_maximal_order_flags_sub
ring_ext_maximal_order_flags_sub: called with algo_flag: 40
no algorithm selected
no algebra-splitting selected
no reduced-discriminant selected
nothing about dedekind-test selected
Factorization of discriminant: 
t - 1728^2
t^14
factors with (possibly) not maximal overorder:
t - 1728^2
t^14
-----------------------
ring_ext_rnd2_max_p_sub called:
prime: t - 1728, prime_bound: 2, algo_flag: 40
-----------------------
no algorithm selected
no algebra-splitting selected
nothing about dedekind-test selected
nothing about pauli selected
---------------------------
ring_ext_rnd2_max_p_sub_sub called:
prime: t - 1728, prime_bound: 2, algo_flag: 169
---------------------------
round2 selected
no algebra-splitting selected
no dedekind-test selected
nothing about pauli selected
No split performed ...
(due to user advice or impossible) ... 
standard algorithm.
----------------------------
ring_ext_rnd2_max_p_rnd2 called:
prime: t - 1728, prime_bound: 2, algo_flag: 169
----------------------------
no dedekind-test selected
Order is already t - 1728-maximal.
-----------------------
ring_ext_rnd2_max_p_sub called:
prime: t, prime_bound: 14, algo_flag: 40
-----------------------
no algorithm selected
no algebra-splitting selected
nothing about dedekind-test selected
nothing about pauli selected
---------------------------
ring_ext_rnd2_max_p_sub_sub called:
prime: t, prime_bound: 14, algo_flag: 169
---------------------------
round2 selected
no algebra-splitting selected
no dedekind-test selected
nothing about pauli selected
No split performed ...
(due to user advice or impossible) ... 
standard algorithm.
----------------------------
ring_ext_rnd2_max_p_rnd2 called:
prime: t, prime_bound: 14, algo_flag: 169
----------------------------
no dedekind-test selected
transformation for t...
index of order: t^6
Time taken was 0.060.
Iteration 1.
mlist = [ 0, 1, 1, 1, 1 ].
Working with basis of size 6.
Simplest element defining the field has index 3.
Using tvals = [ -2, -1, 1, 2, 3, 4, 5 ].
Computing specialization 1 of 7.
Computing LLLed maximal order.
Computing specialization 2 of 7.
Computing LLLed maximal order.
Computing specialization 3 of 7.
Computing LLLed maximal order.
Computing specialization 4 of 7.
Computing LLLed maximal order.
Computing specialization 5 of 7.
Computing LLLed maximal order.
Computing specialization 6 of 7.
Computing LLLed maximal order.
Computing specialization 7 of 7.
Computing LLLed maximal order.
Clearing denominators.
Saturating.
LLLing. (Just for fun. It's not real yet.)
Changing coordinates.
Changing coordinates.
Minimal size model has 32 characters. Index is 4.
Simplified equation is y^5 - 40*x^2*y^2 - 5*x^3*y - x^4.
In this equation, Q(x) is the function field of the modular curve with label 
1.1.0.1.
And Q(x,y) is the function field of the modular curve with label 5.5.0.1.
Searching for a non-singular rational point with bound 10.
Parametrizing the curve.
Found it!
We have X = x^5 + 5*x^4 + 40*x^3.
We have Y = x^4 + 5*x^3 + 40*x^2.
Computing uniformizer coefficients.
Computing uniformizer...
Initial covering map is x^5 + 5*x^4 + 40*x^3.
Call to supersimplify.
Entering simplification iteration. Current size = 20.
Size after scaling = 20.
Translation check done. New size = 20.
Doing up to 5 rounds of substitutions.
Doing two more random checks.
Final size is 20.
The final model is y = x^5 + 5*x^4 + 40*x^3.
Here Q(y) is the function field of 5.5.0.1, and Q(x) is the
function field of 1.1.0.1.
Fourier expansion of hauptmodul written to modfunc5.5.0.1.txt. Done with model 
computation.

Total time: 4.190 seconds, Total memory usage: 32.09MB
