The degree of that covering map is 3.
Setting subsub to be subgroup 4 of index 6.
The space of Eisenstein series has dimension 35.
Computing action of generators of subsub intersect SL_2 on Eisenstein series for
Gamma(9).
Finding vectors invariant under subsub intersect SL_2.
The dimension of the space of Eisenstein series for subsub intersect SL_2 is 5.
Computing the action of the generators of subsub on the Q-vector space of 
dimension 30.
Finding vectors invariant under subsub.
The dimension is 5.
The index of subsub in covergp is 18.
Form try attempt 1. Number of images is 2.
Form try attempt 2. Number of images is 6.
Form try attempt 3. Number of images is 18.
The element [ 0, 0, 1, 0, 0 ] works. It was number 3.
Computing Weierstrass p-function Fourier expansions.
Computing Fourier expansion 1.
Computing Fourier expansion 2.
Computing Fourier expansion 3.
Computing Fourier expansion 4.
Computing Fourier expansion 5.
Computing Fourier expansion 6.
Computing Fourier expansion 7.
Computing Fourier expansion 8.
Computing Fourier expansion 9.
Computing Fourier expansion 10.
Computing Fourier expansion 11.
Computing Fourier expansion 12.
Computing Fourier expansion 13.
Computing Fourier expansion 14.
Computing Fourier expansion 15.
Computing Fourier expansion 16.
Computing Fourier expansion 17.
Computing Fourier expansion 18.
Symmetrizing.
Doing term 1 of 45.
Doing term 2 of 45.
Doing term 3 of 45.
Doing term 4 of 45.
Doing term 5 of 45.
Doing term 6 of 45.
Doing term 7 of 45.
Doing term 8 of 45.
Doing term 9 of 45.
Doing term 10 of 45.
Doing term 11 of 45.
Doing term 12 of 45.
Doing term 13 of 45.
Doing term 14 of 45.
Doing term 15 of 45.
Doing term 16 of 45.
Doing term 17 of 45.
Doing term 18 of 45.
Doing term 19 of 45.
Doing term 20 of 45.
Doing term 21 of 45.
Doing term 22 of 45.
Doing term 23 of 45.
Doing term 24 of 45.
Doing term 25 of 45.
Doing term 26 of 45.
Doing term 27 of 45.
Doing term 28 of 45.
Doing term 29 of 45.
Doing term 30 of 45.
Doing term 31 of 45.
Doing term 32 of 45.
Doing term 33 of 45.
Doing term 34 of 45.
Doing term 35 of 45.
Doing term 36 of 45.
Doing term 37 of 45.
Doing term 38 of 45.
Doing term 39 of 45.
Doing term 40 of 45.
Doing term 41 of 45.
Doing term 42 of 45.
Doing term 43 of 45.
Doing term 44 of 45.
Doing term 45 of 45.
Done!
Call to ratfunc with m = 0.
Call to ratfuncrep with deg = 3.
Building last 4 rows of the matrix.
Using coefficients -1 to 4/3.
Time taken was 0.000.
Building the first 4 rows of the matrix.
Time taken was 0.000.
Solving the linear system of size 8x8.
Time taken was 0.000.
Null space has dimension 1.
Result has degree 3.
Call to ratfunc with m = 1.
Call to ratfuncrep with deg = 2.
Building last 3 rows of the matrix.
Using coefficients -2/3 to 1.
Time taken was 0.000.
Building the first 3 rows of the matrix.
Time taken was 0.000.
Solving the linear system of size 6x6.
Time taken was 0.000.
Null space has dimension 1.
Result has degree 2.
Call to ratfunc with m = 2.
Call to ratfuncrep with deg = 1.
Building last 2 rows of the matrix.
Using coefficients -1/3 to 2/3.
Time taken was 0.000.
Building the first 2 rows of the matrix.
Time taken was 0.000.
Solving the linear system of size 4x4.
Time taken was 0.000.
Null space has dimension 1.
Result has degree 1.
Curve equation is y^3 + (-20412*x - 34992)/x*y^2 + (138883248*x^2 - 22674816*x +
13468840704)/x^2*y + (-314987206464*x^3 + 1715440529664*x^2 - 158937218067456*x 
- 977690902302720)/x^3.
Finding maximal order finite in function field extension. This may take a while.
ring_ext_maximal_order_flags: called with algo_flag: 0
no algorithm selected
nothing about algebra-splitting selected
nothing about reduced-discriminant selected
nothing about dedekind-test selected
ring_ext_maximal_order: checking control-devices
ring_ext_maximal_order_flags: calling ring_ext_maximal_order_flags_sub
ring_ext_maximal_order_flags_sub: called with algo_flag: 40
no algorithm selected
no algebra-splitting selected
no reduced-discriminant selected
nothing about dedekind-test selected
Factorization of discriminant: 
t - 1424^2
t^2 + 12*t + 144^1
factors with (possibly) not maximal overorder:
t - 1424^2
-----------------------
ring_ext_rnd2_max_p_sub called:
prime: t - 1424, prime_bound: 2, algo_flag: 40
-----------------------
no algorithm selected
no algebra-splitting selected
nothing about dedekind-test selected
nothing about pauli selected
---------------------------
ring_ext_rnd2_max_p_sub_sub called:
prime: t - 1424, prime_bound: 2, algo_flag: 169
---------------------------
round2 selected
no algebra-splitting selected
no dedekind-test selected
nothing about pauli selected
No split performed ...
(due to user advice or impossible) ... 
standard algorithm.
----------------------------
ring_ext_rnd2_max_p_rnd2 called:
prime: t - 1424, prime_bound: 2, algo_flag: 169
----------------------------
no dedekind-test selected
transformation for t - 1424...
index of order: t - 1424
Time taken was 0.050.
Iteration 1.
mlist = [ 1, 2, 2 ].
Working with basis of size 4.
Simplest element defining the field has index 3.
Using tvals = [ -2, -1, 1, 2, 3, 5, 6 ].
Computing specialization 1 of 7.
Computing LLLed maximal order.
Computing specialization 2 of 7.
Computing LLLed maximal order.
Computing specialization 3 of 7.
Computing LLLed maximal order.
Computing specialization 4 of 7.
Computing LLLed maximal order.
Computing specialization 5 of 7.
Computing LLLed maximal order.
Computing specialization 6 of 7.
Computing LLLed maximal order.
Computing specialization 7 of 7.
Computing LLLed maximal order.
Clearing denominators.
Saturating.
LLLing. (Just for fun. It's not real yet.)
Changing coordinates.
Changing coordinates.
Minimal size model has 17 characters. Index is 2.
Simplified equation is y^3 + 9*y - x - 6.
In this equation, Q(x) is the function field of the modular curve with label 
3.3.0.1.
And Q(x,y) is the function field of the modular curve with label 9.9.0.1.
Initial covering map is x^3 + 9*x - 6.
Call to supersimplify.
Entering simplification iteration. Current size = 13.
Size after scaling = 13.
Translation check done. New size = 13.
Doing up to 5 rounds of substitutions.
Doing two more random checks.
Final size is 13.
The final model is y = x^3 + 9*x - 6.
Here Q(y) is the function field of 9.9.0.1, and Q(x) is the
function field of 3.3.0.1.
Fourier expansion of hauptmodul written to modfunc9.9.0.1.txt. Done with model 
computation.

Total time: 9.150 seconds, Total memory usage: 32.09MB
