The degree of that covering map is 5.
Setting subsub to be subgroup 1 of index 1.
The space of Eisenstein series has dimension 299.
Computing action of generators of subsub intersect SL_2 on Eisenstein series for
Gamma(25).
Finding vectors invariant under subsub intersect SL_2.
The dimension of the space of Eisenstein series for subsub intersect SL_2 is 13.
Computing the action of the generators of subsub on the Q-vector space of 
dimension 260.
Finding vectors invariant under subsub.
The dimension is 13.
The index of subsub in covergp is 5.
Form try attempt 1. Number of images is 5.
The element [ 1, 0, 0, 0, 0, 0, 0, 0, 0, 0, 0, 0, 0 ] works. It was number 1.
Computing Weierstrass p-function Fourier expansions.
Computing Fourier expansion 1.
Computing Fourier expansion 2.
Computing Fourier expansion 3.
Computing Fourier expansion 4.
Computing Fourier expansion 5.
Symmetrizing.
Done!
Call to ratfunc with m = 0.
Call to ratfuncrep with deg = 75.
Building last 76 rows of the matrix.
Using coefficients -3 to 76/25.
Time taken was 0.790.
Building the first 76 rows of the matrix.
Time taken was 0.580.
Solving the linear system of size 152x152.
Time taken was 0.800.
Null space has dimension 6.
Result has degree 70.
Call to ratfunc with m = 1.
Call to ratfuncrep with deg = 60.
Building last 61 rows of the matrix.
Using coefficients -12/5 to 61/25.
Time taken was 0.360.
Building the first 61 rows of the matrix.
Time taken was 0.280.
Solving the linear system of size 122x122.
Time taken was 0.350.
Null space has dimension 5.
Result has degree 56.
Call to ratfunc with m = 2.
Call to ratfuncrep with deg = 45.
Building last 46 rows of the matrix.
Using coefficients -9/5 to 46/25.
Time taken was 0.150.
Building the first 46 rows of the matrix.
Time taken was 0.120.
Solving the linear system of size 92x92.
Time taken was 0.110.
Null space has dimension 4.
Result has degree 42.
Call to ratfunc with m = 3.
Call to ratfuncrep with deg = 30.
Building last 31 rows of the matrix.
Using coefficients -6/5 to 31/25.
Time taken was 0.040.
Building the first 31 rows of the matrix.
Time taken was 0.040.
Solving the linear system of size 62x62.
Time taken was 0.040.
Null space has dimension 3.
Result has degree 28.
Call to ratfunc with m = 4.
Call to ratfuncrep with deg = 15.
Result has degree 0.
Curve equation is y^5 + (-1296000*x^28 + 550800*x^27 - 34026480*x^26 + 
15629760*x^25 - 397113840*x^24 + 243272160*x^23 - 2735907840*x^22 + 
2438112960*x^21 - 12546595440*x^20 + 16014976560*x^19 - 41952511440*x^18 + 
70062226560*x^17 - 113877854640*x^16 + 208714980960*x^15 - 273786791040*x^14 + 
438687912960*x^13 - 565300121040*x^12 + 697153372560*x^11 - 891050304240*x^10 + 
910224293760*x^9 - 986622204240*x^8 + 951585485760*x^7 - 775656116640*x^6 + 
666876058560*x^5 - 448407271440*x^4 + 256289650560*x^3 - 147841770240*x^2 + 
47254026240*x - 5383065600)/(x^28 + 26*x^26 + 301*x^24 - 36*x^23 + 2046*x^22 - 
756*x^21 + 9066*x^20 - 6876*x^19 + 27966*x^18 - 35496*x^17 + 65861*x^16 - 
114516*x^15 + 136906*x^14 - 242316*x^13 + 267626*x^12 - 356436*x^11 + 
427746*x^10 - 408456*x^9 + 469821*x^8 - 395676*x^7 + 331266*x^6 - 275796*x^5 + 
159361*x^4 - 100260*x^3 + 46556*x^2 - 13680*x + 5776)*y^3 + (204120000*x^42 + 
40824000*x^41 + 7820712000*x^40 + 254275200*x^39 + 137150677440*x^38 - 
28454561280*x^37 + 1458039657600*x^36 - 778959244800*x^35 + 10555602739200*x^34 
- 10121838641280*x^33 + 56188593423360*x^32 - 82158048057600*x^31 + 
238024407816000*x^30 - 459729207014400*x^29 + 879567454247040*x^28 - 
1879681130772480*x^27 + 3013840909584000*x^26 - 5931470828779200*x^25 + 
9371913162840000*x^24 - 15458577416726400*x^23 + 24800834388340800*x^22 - 
35552134626624000*x^21 + 54014686181712000*x^20 - 73354303795392000*x^19 + 
98712461079518400*x^18 - 130345707922876800*x^17 + 157659426785808000*x^16 - 
192332230496640000*x^15 + 219841339431772800*x^14 - 237798139188234240*x^13 + 
254123128499546880*x^12 - 249980556705177600*x^11 + 235012376333404800*x^10 - 
212513328731419200*x^9 + 173771549196569280*x^8 - 134071469377695360*x^7 + 
96386028868857600*x^6 - 59604718216320000*x^5 + 33076043664998400*x^4 - 
16067645177610240*x^3 + 5388029924474880*x^2 - 987787395072000*x + 
72944005939200)/(x^42 + 39*x^40 + 705*x^38 - 54*x^37 + 7840*x^36 - 1836*x^35 + 
60030*x^34 - 28620*x^33 + 336834*x^32 - 271080*x^31 + 1452846*x^30 - 
1743120*x^29 + 5077800*x^28 - 8067276*x^27 + 15329655*x^26 - 27929664*x^25 + 
42092625*x^24 - 74927700*x^23 + 104997375*x^22 - 162503550*x^21 + 226575000*x^20
- 298811700*x^19 + 403254750*x^18 - 478851264*x^17 + 582977250*x^16 - 
656206596*x^15 + 695004750*x^14 - 732325320*x^13 + 692209776*x^12 - 
641959560*x^11 + 557625609*x^10 - 438481620*x^9 + 337043655*x^8 - 228486636*x^7 
+ 142151545*x^6 - 82361934*x^5 + 38999280*x^4 - 17350200*x^3 + 6230784*x^2 - 
1559520*x + 438976)*y^2 + (224648640000*x^56 - 299391552000*x^55 + 
11935519257600*x^54 - 16121298689280*x^53 + 300595633438464*x^52 - 
425967929402112*x^51 + 4793800124708352*x^50 - 7321705197894144*x^49 + 
54627725178144000*x^48 - 91325895735223296*x^47 + 476869718028642048*x^46 - 
873866564854023168*x^45 + 3346713464850521856*x^44 - 6630319702572526080*x^43 + 
19602629041261906944*x^42 - 40814085111289224192*x^41 + 
98646507828160883712*x^40 - 207652266644572306944*x^39 + 
434812450878543536640*x^38 - 888390393057353085696*x^37 + 
1692859568670596337408*x^36 - 3251064928136242952448*x^35 + 
5819094363058200193536*x^34 - 10341952651727322186240*x^33 + 
17588355019143841592064*x^32 - 28959760432852512417792*x^31 + 
46619365913681525390592*x^30 - 71825656650645238953984*x^29 + 
108477685761223857143040*x^28 - 157667481696102885425664*x^27 + 
222367676352889639053312*x^26 - 304912901135760199114752*x^25 + 
402394544590227184134144*x^24 - 517245179453776378713600*x^23 + 
640915197712552150442496*x^22 - 767799142816606345122048*x^21 + 
891447086466124714867968*x^20 - 994084572433524206144256*x^19 + 
1072716297953010055764480*x^18 - 1112937678915329464210944*x^17 + 
1107223828489751428161792*x^16 - 1061093954404370398528512*x^15 + 
969102412077012272895744*x^14 - 845795024497360725834240*x^13 + 
703946984263849246346496*x^12 - 552136871521842973406208*x^11 + 
410219073616991635842048*x^10 - 285507436507681558081536*x^9 + 
183666329925267204080640*x^8 - 109683493399304068644864*x^7 + 
59176268084439831969792*x^6 - 28134170779795473825792*x^5 + 
11757243147978699177984*x^4 - 3977516520998027919360*x^3 + 
929242379965169664000*x^2 - 125377929315090432000*x + 7206245555503104000)/(x^56
+ 52*x^54 + 1278*x^52 - 72*x^51 + 19744*x^50 - 3384*x^49 + 215125*x^48 - 
74736*x^47 + 1760352*x^46 - 1030968*x^45 + 11284234*x^44 - 9960480*x^43 + 
58698796*x^42 - 71665992*x^41 + 256884138*x^40 - 399203784*x^39 + 982966660*x^38
- 1771466256*x^37 + 3399537382*x^36 - 6421920408*x^35 + 10770674184*x^34 - 
19518119640*x^33 + 30928795341*x^32 - 51104736000*x^31 + 78752783328*x^30 - 
118022770440*x^29 + 174930305670*x^28 - 243144063360*x^27 + 337802705268*x^26 - 
444770331480*x^25 + 570568254666*x^24 - 712725204600*x^23 + 847609423164*x^22 - 
989603196048*x^21 + 1102249918282*x^20 - 1186052706216*x^19 + 1235825494120*x^18
- 1223629333704*x^17 + 1174495977333*x^16 - 1073249754912*x^15 + 
934067109016*x^14 - 780563008440*x^13 + 612306754894*x^12 - 456895662768*x^11 + 
320848798092*x^10 - 208742681016*x^9 + 127796449585*x^8 - 71269271784*x^7 + 
36263052424*x^6 - 16881521472*x^5 + 6751513008*x^4 - 2431975680*x^3 + 
724957312*x^2 - 158031360*x + 33362176)*y + (26718491520000*x^70 - 
55591090560000*x^69 + 1758205232640000*x^68 - 3513542856883200*x^67 + 
55273707532477440*x^66 - 541010341157317632/5*x^65 + 1109048864778510336*x^64 - 
2165153923039426560*x^63 + 16008255941337004032*x^62 - 31624673804240385024*x^61
+ 888346195217276811264/5*x^60 - 358610910244869897216*x^59 + 
1583062258248478126080*x^58 - 3275793252669393994752*x^57 + 
11678334695395073547264*x^56 - 123421758493485826363392/5*x^55 + 
73005931237850306749440*x^54 - 155936595181651947141120*x^53 + 
393624396572720202869760*x^52 - 835405765431867720069120*x^51 + 
1853220701385360509349888*x^50 - 3828074532532042680023040*x^49 + 
7670932622766807565593600*x^48 - 15098129408807554915860480*x^47 + 
27939176290261620612495360*x^46 - 51446747946222777625924608*x^45 + 
89064392612572994611322880*x^44 - 151393535751946463685504000*x^43 + 
245439697543764496672757760*x^42 - 381378050477041775265100800*x^41 + 
2855610139086502690491730944/5*x^40 - 799956411318615805429727232*x^39 + 
1066452909902016083541457920*x^38 - 1287338445048020820826281984*x^37 + 
1363698185018670606944498688*x^36 - 5481089940834060621478576128/5*x^35 + 
120921856925506511316406272*x^34 + 1942605262676519467789731840*x^33 - 
5833287770371521835946351616*x^32 + 12246150292462442058244595712*x^31 - 
110429534322803670445618384896/5*x^30 + 36409762887387959876633164800*x^29 - 
55782075612447857857234268160*x^28 + 81041744936239805371104138240*x^27 - 
112035649183578672768383201280*x^26 + 148072284639400293804823575552*x^25 - 
188052359297243332146669480960*x^24 + 229127834339093312626589798400*x^23 - 
268739402119890088226247659520*x^22 + 303294910444869210478314992640*x^21 - 
328970584512747293374262449152*x^20 + 343465449889593271242918251520*x^19 - 
344226711323714745893662080000*x^18 + 330968385626221523772424074240*x^17 - 
305068652447162695082726538240*x^16 + 1342586607218697030580509861888/5*x^15 - 
225507431762758410076204130304*x^14 + 180088248957749273628034928640*x^13 - 
136043136132607388186241896448*x^12 + 96996712894559253895030235136*x^11 - 
323954268161768912406318759936/5*x^10 + 40208305967607375507710214144*x^9 - 
23041633665865373817321553920*x^8 + 11995837241382622160662560768*x^7 - 
5565913980549393636472651776*x^6 + 11297942991963156348024127488/5*x^5 - 
764056729055104663698800640*x^4 + 196601396984546875177697280*x^3 - 
34462184841177639734476800*x^2 + 3569866593114840367104000*x - 
162873623024791820697600)/(x^70 + 65*x^68 + 2020*x^66 - 90*x^65 + 39955*x^64 - 
5400*x^63 + 564935*x^62 - 154350*x^61 + 6083368*x^60 - 2797200*x^59 + 
51975185*x^58 - 36086400*x^57 + 363348805*x^56 - 352845000*x^55 + 
2135282570*x^54 - 2719903050*x^53 + 10833708965*x^52 - 16993080000*x^51 + 
48738417871*x^50 - 87936480450*x^49 + 198931446350*x^48 - 384200528400*x^47 + 
746379393175*x^46 - 1443803208228*x^45 + 2574661333325*x^44 - 4754061565920*x^43
+ 8093970404650*x^42 - 13951663670610*x^41 + 22957830544885*x^40 - 
36950470948440*x^39 + 58429018188650*x^38 - 88794150735330*x^37 + 
133455551688025*x^36 - 193354318944864*x^35 + 274509907739875*x^34 - 
379845635181930*x^33 + 509897721518750*x^32 - 670744112837040*x^31 + 
854526917375635*x^30 - 1063024502363460*x^29 + 1286341440975625*x^28 - 
1510443346583520*x^27 + 1729549200429050*x^26 - 1917681674439978*x^25 + 
2066856522404425*x^24 - 2160824716733400*x^23 + 2184338023560725*x^22 - 
2141932391685450*x^21 + 2026131786462496*x^20 - 1850535507556800*x^19 + 
1630354628499515*x^18 - 1378660790865600*x^17 + 1121244362924495*x^16 - 
872459538651000*x^15 + 647873518721980*x^14 - 459052873105950*x^13 + 
307857141405485*x^12 - 195393732462000*x^11 + 116723564841493*x^10 - 
65038991026050*x^9 + 33835507854260*x^8 - 16182560703600*x^7 + 7071431283280*x^6
- 2811281487840*x^5 + 979004086720*x^4 - 302068627200*x^3 + 77760208640*x^2 - 
15012979200*x + 2535525376).
Finding maximal order finite in function field extension. This may take a while.
ring_ext_maximal_order_flags: called with algo_flag: 0
no algorithm selected
nothing about algebra-splitting selected
nothing about reduced-discriminant selected
nothing about dedekind-test selected
ring_ext_maximal_order: checking control-devices
ring_ext_maximal_order_flags: calling ring_ext_maximal_order_flags_sub
ring_ext_maximal_order_flags_sub: called with algo_flag: 40
no algorithm selected
no algebra-splitting selected
no reduced-discriminant selected
nothing about dedekind-test selected
Factorization of discriminant: 
t^4 + t^3 + 6*t^2 + 6*t + 11^4
t^10 + 10*t^8 + 35*t^6 - 12*t^5 + 50*t^4 - 60*t^3 + 25*t^2 - 60*t + 16^20
t^16 - 92*t^15 - 7023/5*t^14 - 76587/25*t^13 + 741946/125*t^12 - 
    98168951/3125*t^11 + 279944061/3125*t^10 - 16673168/125*t^9 + 
    179032802/625*t^8 - 62517656/125*t^7 + 1760782996/3125*t^6 - 
    2051621316/3125*t^5 + 92222864/125*t^4 - 63408828/125*t^3 + 855652/5*t^2 - 
    511824/25*t - 14296/25^2
t^16 - 25329/8807*t^15 + 607924/44035*t^14 - 7424354/220175*t^13 + 
    89269322/1100875*t^12 - 4764993732/27521875*t^11 + 8277635902/27521875*t^10 
    - 581024492/1100875*t^9 + 4303937939/5504375*t^8 - 1133432552/1100875*t^7 + 
    35692688172/27521875*t^6 - 36776647312/27521875*t^5 + 1379681604/1100875*t^4
    - 1182321496/1100875*t^3 + 116110152/220175*t^2 - 10447648/220175*t - 
    6877372/220175^2
factors with (possibly) not maximal overorder:
t^4 + t^3 + 6*t^2 + 6*t + 11^4
t^10 + 10*t^8 + 35*t^6 - 12*t^5 + 50*t^4 - 60*t^3 + 25*t^2 - 60*t + 16^20
t^16 - 92*t^15 - 7023/5*t^14 - 76587/25*t^13 + 741946/125*t^12 - 
    98168951/3125*t^11 + 279944061/3125*t^10 - 16673168/125*t^9 + 
    179032802/625*t^8 - 62517656/125*t^7 + 1760782996/3125*t^6 - 
    2051621316/3125*t^5 + 92222864/125*t^4 - 63408828/125*t^3 + 855652/5*t^2 - 
    511824/25*t - 14296/25^2
t^16 - 25329/8807*t^15 + 607924/44035*t^14 - 7424354/220175*t^13 + 
    89269322/1100875*t^12 - 4764993732/27521875*t^11 + 8277635902/27521875*t^10 
    - 581024492/1100875*t^9 + 4303937939/5504375*t^8 - 1133432552/1100875*t^7 + 
    35692688172/27521875*t^6 - 36776647312/27521875*t^5 + 1379681604/1100875*t^4
    - 1182321496/1100875*t^3 + 116110152/220175*t^2 - 10447648/220175*t - 
    6877372/220175^2
-----------------------
ring_ext_rnd2_max_p_sub called:
prime: t^4 + t^3 + 6*t^2 + 6*t + 11, prime_bound: 4, algo_flag: 40
-----------------------
no algorithm selected
no algebra-splitting selected
nothing about dedekind-test selected
nothing about pauli selected
---------------------------
ring_ext_rnd2_max_p_sub_sub called:
prime: t^4 + t^3 + 6*t^2 + 6*t + 11, prime_bound: 4, algo_flag: 169
---------------------------
round2 selected
no algebra-splitting selected
no dedekind-test selected
nothing about pauli selected
No split performed ...
(due to user advice or impossible) ... 
standard algorithm.
----------------------------
ring_ext_rnd2_max_p_rnd2 called:
prime: t^4 + t^3 + 6*t^2 + 6*t + 11, prime_bound: 4, algo_flag: 169
----------------------------
no dedekind-test selected
Order is already t^4 + t^3 + 6*t^2 + 6*t + 11-maximal.
-----------------------
ring_ext_rnd2_max_p_sub called:
prime: t^10 + 10*t^8 + 35*t^6 - 12*t^5 + 50*t^4 - 60*t^3 + 25*t^2 - 60*t + 16, 
prime_bound: 20, algo_flag: 40
-----------------------
no algorithm selected
no algebra-splitting selected
nothing about dedekind-test selected
nothing about pauli selected
---------------------------
ring_ext_rnd2_max_p_sub_sub called:
prime: t^10 + 10*t^8 + 35*t^6 - 12*t^5 + 50*t^4 - 60*t^3 + 25*t^2 - 60*t + 16, 
prime_bound: 20, algo_flag: 169
---------------------------
round2 selected
no algebra-splitting selected
no dedekind-test selected
nothing about pauli selected
No split performed ...
(due to user advice or impossible) ... 
standard algorithm.
----------------------------
ring_ext_rnd2_max_p_rnd2 called:
prime: t^10 + 10*t^8 + 35*t^6 - 12*t^5 + 50*t^4 - 60*t^3 + 25*t^2 - 60*t + 16, 
prime_bound: 20, algo_flag: 169
----------------------------
no dedekind-test selected
transformation for t^10 + 10*t^8 + 35*t^6 - 12*t^5 + 50*t^4 - 60*t^3 + 25*t^2 - 
    60*t + 16...
index of order: t^100 + 100*t^98 + 4850*t^96 - 120*t^95 + 152000*t^94 - 
    11400*t^93 + 3460375*t^92 - 524400*t^91 + 60996640*t^90 - 15561000*t^89 + 
    866783850*t^88 - 334818000*t^87 + 10212608100*t^86 - 5567129640*t^85 + 
    101900760375*t^84 - 74452829400*t^83 + 875995363000*t^82 - 823173170400*t^81
    + 6586197173020*t^80 - 7677223902000*t^79 + 43916865671600*t^78 - 
    61345932726000*t^77 + 263196551482850*t^76 - 425355652235904*t^75 + 
    1435522781020000*t^74 - 2587289065342800*t^73 + 7202970950072500*t^72 - 
    13942831772440800*t^71 + 33513933329359560*t^70 - 67189996023786000*t^69 + 
    145209040840397325*t^68 - 292126747124718000*t^67 + 586330426014230700*t^66 
    - 1155588112433445120*t^65 + 2202925858772321750*t^64 - 
    4190568629715397800*t^63 + 7684035784957664000*t^62 - 
    14016702004147891800*t^61 + 24841975296767536345*t^60 - 
    43430265266943858000*t^59 + 74400074285319173200*t^58 - 
    124956265674470979000*t^57 + 206540402673140274950*t^56 - 
    334135003420264521360*t^55 + 532083689736302463500*t^54 - 
    830382134050125739800*t^53 + 1273401790841352916125*t^52 - 
    1917342724584563569800*t^51 + 2832656863938674706456*t^50 - 
    4112278724969321040000*t^49 + 5855992013443123185300*t^48 - 
    8190961019134695270000*t^47 + 11243056144710545460800*t^46 - 
    15145262209263323471760*t^45 + 20026871997377329897250*t^44 - 
    25973999856829339279200*t^43 + 33058182165542383258000*t^42 - 
    41259807486374419813200*t^41 + 50497932098778004221820*t^40 - 
    60597489047040885648000*t^39 + 71254655143565905137800*t^38 - 
    82106941594558462374000*t^37 + 92656787926511581231175*t^36 - 
    102376121991029271281520*t^35 + 110711682307741216450500*t^34 - 
    117105853378284556783200*t^33 + 121128328702258592900250*t^32 - 
    122427736439652363526200*t^31 + 120850422122457979994160*t^30 - 
    116440166746810610721000*t^29 + 109410493159046773449175*t^28 - 
    100196477816747037498000*t^27 + 89342975507916844034800*t^26 - 
    77492743465844458897704*t^25 + 65319782114051103301250*t^24 - 
    53435185744526282967600*t^23 + 42373142617747785822500*t^22 - 
    32522633072896886118600*t^21 + 24118390720569751612945*t^20 - 
    17251738360288148607000*t^19 + 11875507418967283596400*t^18 - 
    7847806384535348016000*t^17 + 4965248278083332294400*t^16 - 
    2997178688627405475840*t^15 + 1719584762755961856000*t^14 - 
    933420111783262617600*t^13 + 476578760928534528000*t^12 - 
    227346011404016025600*t^11 + 100459842888600125440*t^10 - 
    40650331370029056000*t^9 + 14850445629875814400*t^8 - 
    4804275892912128000*t^7 + 1337157443020390400*t^6 - 307820499377848320*t^5 +
    55904904937472000*t^4 - 7578899290521600*t^3 + 712964571136000*t^2 - 
    41231686041600*t + 1099511627776
-----------------------
ring_ext_rnd2_max_p_sub called:
prime: t^16 - 92*t^15 - 7023/5*t^14 - 76587/25*t^13 + 741946/125*t^12 - 
    98168951/3125*t^11 + 279944061/3125*t^10 - 16673168/125*t^9 + 
    179032802/625*t^8 - 62517656/125*t^7 + 1760782996/3125*t^6 - 
    2051621316/3125*t^5 + 92222864/125*t^4 - 63408828/125*t^3 + 855652/5*t^2 - 
    511824/25*t - 14296/25, prime_bound: 2, algo_flag: 40
-----------------------
no algorithm selected
no algebra-splitting selected
nothing about dedekind-test selected
nothing about pauli selected
---------------------------
ring_ext_rnd2_max_p_sub_sub called:
prime: t^16 - 92*t^15 - 7023/5*t^14 - 76587/25*t^13 + 741946/125*t^12 - 
    98168951/3125*t^11 + 279944061/3125*t^10 - 16673168/125*t^9 + 
    179032802/625*t^8 - 62517656/125*t^7 + 1760782996/3125*t^6 - 
    2051621316/3125*t^5 + 92222864/125*t^4 - 63408828/125*t^3 + 855652/5*t^2 - 
    511824/25*t - 14296/25, prime_bound: 2, algo_flag: 169
---------------------------
round2 selected
no algebra-splitting selected
no dedekind-test selected
nothing about pauli selected
No split performed ...
(due to user advice or impossible) ... 
standard algorithm.
----------------------------
ring_ext_rnd2_max_p_rnd2 called:
prime: t^16 - 92*t^15 - 7023/5*t^14 - 76587/25*t^13 + 741946/125*t^12 - 
    98168951/3125*t^11 + 279944061/3125*t^10 - 16673168/125*t^9 + 
    179032802/625*t^8 - 62517656/125*t^7 + 1760782996/3125*t^6 - 
    2051621316/3125*t^5 + 92222864/125*t^4 - 63408828/125*t^3 + 855652/5*t^2 - 
    511824/25*t - 14296/25, prime_bound: 2, algo_flag: 169
----------------------------
no dedekind-test selected
transformation for t^16 - 92*t^15 - 7023/5*t^14 - 76587/25*t^13 + 
    741946/125*t^12 - 98168951/3125*t^11 + 279944061/3125*t^10 - 
    16673168/125*t^9 + 179032802/625*t^8 - 62517656/125*t^7 + 
    1760782996/3125*t^6 - 2051621316/3125*t^5 + 92222864/125*t^4 - 
    63408828/125*t^3 + 855652/5*t^2 - 511824/25*t - 14296/25...
index of order: t^16 - 92*t^15 - 7023/5*t^14 - 76587/25*t^13 + 741946/125*t^12 -
    98168951/3125*t^11 + 279944061/3125*t^10 - 16673168/125*t^9 + 
    179032802/625*t^8 - 62517656/125*t^7 + 1760782996/3125*t^6 - 
    2051621316/3125*t^5 + 92222864/125*t^4 - 63408828/125*t^3 + 855652/5*t^2 - 
    511824/25*t - 14296/25
-----------------------
ring_ext_rnd2_max_p_sub called:
prime: t^16 - 25329/8807*t^15 + 607924/44035*t^14 - 7424354/220175*t^13 + 
    89269322/1100875*t^12 - 4764993732/27521875*t^11 + 8277635902/27521875*t^10 
    - 581024492/1100875*t^9 + 4303937939/5504375*t^8 - 1133432552/1100875*t^7 + 
    35692688172/27521875*t^6 - 36776647312/27521875*t^5 + 1379681604/1100875*t^4
    - 1182321496/1100875*t^3 + 116110152/220175*t^2 - 10447648/220175*t - 
    6877372/220175, prime_bound: 2, algo_flag: 40
-----------------------
no algorithm selected
no algebra-splitting selected
nothing about dedekind-test selected
nothing about pauli selected
---------------------------
ring_ext_rnd2_max_p_sub_sub called:
prime: t^16 - 25329/8807*t^15 + 607924/44035*t^14 - 7424354/220175*t^13 + 
    89269322/1100875*t^12 - 4764993732/27521875*t^11 + 8277635902/27521875*t^10 
    - 581024492/1100875*t^9 + 4303937939/5504375*t^8 - 1133432552/1100875*t^7 + 
    35692688172/27521875*t^6 - 36776647312/27521875*t^5 + 1379681604/1100875*t^4
    - 1182321496/1100875*t^3 + 116110152/220175*t^2 - 10447648/220175*t - 
    6877372/220175, prime_bound: 2, algo_flag: 169
---------------------------
round2 selected
no algebra-splitting selected
no dedekind-test selected
nothing about pauli selected
No split performed ...
(due to user advice or impossible) ... 
standard algorithm.
----------------------------
ring_ext_rnd2_max_p_rnd2 called:
prime: t^16 - 25329/8807*t^15 + 607924/44035*t^14 - 7424354/220175*t^13 + 
    89269322/1100875*t^12 - 4764993732/27521875*t^11 + 8277635902/27521875*t^10 
    - 581024492/1100875*t^9 + 4303937939/5504375*t^8 - 1133432552/1100875*t^7 + 
    35692688172/27521875*t^6 - 36776647312/27521875*t^5 + 1379681604/1100875*t^4
    - 1182321496/1100875*t^3 + 116110152/220175*t^2 - 10447648/220175*t - 
    6877372/220175, prime_bound: 2, algo_flag: 169
----------------------------
no dedekind-test selected
transformation for t^16 - 25329/8807*t^15 + 607924/44035*t^14 - 
    7424354/220175*t^13 + 89269322/1100875*t^12 - 4764993732/27521875*t^11 + 
    8277635902/27521875*t^10 - 581024492/1100875*t^9 + 4303937939/5504375*t^8 - 
    1133432552/1100875*t^7 + 35692688172/27521875*t^6 - 36776647312/27521875*t^5
    + 1379681604/1100875*t^4 - 1182321496/1100875*t^3 + 116110152/220175*t^2 - 
    10447648/220175*t - 6877372/220175...
index of order: t^16 - 25329/8807*t^15 + 607924/44035*t^14 - 7424354/220175*t^13
    + 89269322/1100875*t^12 - 4764993732/27521875*t^11 + 
    8277635902/27521875*t^10 - 581024492/1100875*t^9 + 4303937939/5504375*t^8 - 
    1133432552/1100875*t^7 + 35692688172/27521875*t^6 - 36776647312/27521875*t^5
    + 1379681604/1100875*t^4 - 1182321496/1100875*t^3 + 116110152/220175*t^2 - 
    10447648/220175*t - 6877372/220175
Time taken was 1.160.
Iteration 1.
mlist = [ 72, 76, 80, 84, 83 ].
Updating...
Done.
Iteration 2.
mlist = [ 72, 76, 80, 83, 83 ].
Updating...
Done.
Iteration 3.
mlist = [ 72, 76, 80, 83, 82 ].
Updating...
Done.
Iteration 4.
mlist = [ 72, 76, 80, 82, 82 ].
Updating...
Done.
Iteration 5.
mlist = [ 72, 76, 80, 82, 81 ].
Updating...
Done.
Iteration 6.
mlist = [ 72, 76, 80, 81, 81 ].
Updating...
Done.
Iteration 7.
mlist = [ 72, 76, 80, 81, 80 ].
Updating...
Done.
Iteration 8.
mlist = [ 72, 76, 80, 80, 80 ].
Updating...
Done.
Iteration 9.
mlist = [ 72, 76, 80, 80, 79 ].
Updating...
Done.
Iteration 10.
mlist = [ 72, 76, 80, 79, 79 ].
Updating...
Done.
Iteration 11.
mlist = [ 72, 76, 79, 79, 79 ].
Updating...
Done.
Iteration 12.
mlist = [ 72, 76, 79, 79, 78 ].
Updating...
Done.
Iteration 13.
mlist = [ 72, 76, 79, 78, 78 ].
Updating...
Done.
Iteration 14.
mlist = [ 72, 76, 78, 78, 78 ].
Updating...
Done.
Iteration 15.
mlist = [ 72, 76, 78, 78, 77 ].
Updating...
Done.
Iteration 16.
mlist = [ 72, 76, 78, 77, 77 ].
Updating...
Done.
Iteration 17.
mlist = [ 72, 76, 77, 77, 77 ].
Updating...
Done.
Iteration 18.
mlist = [ 72, 76, 77, 77, 76 ].
Updating...
Done.
Iteration 19.
mlist = [ 72, 76, 77, 76, 76 ].
Updating...
Done.
Iteration 20.
mlist = [ 72, 76, 76, 76, 76 ].
Updating...
Done.
Iteration 21.
mlist = [ 72, 76, 76, 76, 75 ].
Updating...
Done.
Iteration 22.
mlist = [ 72, 76, 76, 75, 75 ].
Updating...
Done.
Iteration 23.
mlist = [ 72, 76, 75, 75, 75 ].
Updating...
Done.
Iteration 24.
mlist = [ 72, 75, 75, 75, 75 ].
Updating...
Done.
Iteration 25.
mlist = [ 72, 75, 75, 75, 74 ].
Updating...
Done.
Iteration 26.
mlist = [ 72, 75, 75, 74, 74 ].
Updating...
Done.
Iteration 27.
mlist = [ 72, 75, 74, 74, 74 ].
Updating...
Done.
Iteration 28.
mlist = [ 72, 74, 74, 74, 74 ].
Working with basis of size 7.
Simplest element defining the field has index 4.
Using tvals = [ -2, -1, 0, 1, 2, 3, 4 ].
Computing specialization 1 of 7.
Computing LLLed maximal order.
Computing specialization 2 of 7.
Computing LLLed maximal order.
Computing specialization 3 of 7.
Computing LLLed maximal order.
Computing specialization 4 of 7.
Computing LLLed maximal order.
Computing specialization 5 of 7.
Computing LLLed maximal order.
Computing specialization 6 of 7.
Computing LLLed maximal order.
Computing specialization 7 of 7.
Computing LLLed maximal order.
Clearing denominators.
Saturating.
LLLing. (Just for fun. It's not real yet.)
Changing coordinates.
Changing coordinates.
Minimal size model has 290 characters. Index is 4.
Simplified equation is y^5 + (-10*x^4 - 10*x^3 - 60*x^2 - 60*x - 110)*y^3 + 
(5*x^6 - 5*x^5 - 50*x^3 - 125*x^2 - 230*x - 220)*y^2 + (10*x^8 - 5*x^7 + 55*x^6 
+ 90*x^5 + 325*x^4 + 690*x^3 + 1580*x^2 + 2020*x + 1485)*y + x^10 + 15*x^9 - 
5*x^8 + 5*x^7 - 240*x^6 - 527*x^5 - 1315*x^4 - 1570*x^3 - 955*x^2 + 190*x + 
1276.
In this equation, Q(x) is the function field of the modular curve with label 
25.30.0.1.
And Q(x,y) is the function field of the modular curve with label 25.150.4.7.

Total time: 323.199 seconds, Total memory usage: 342.31MB
