The degree of that covering map is 5.
Setting subsub to be subgroup 1 of index 1.
The space of Eisenstein series has dimension 299.
Computing action of generators of subsub intersect SL_2 on Eisenstein series for
Gamma(25).
Finding vectors invariant under subsub intersect SL_2.
The dimension of the space of Eisenstein series for subsub intersect SL_2 is 6.
Computing the action of the generators of subsub on the Q-vector space of 
dimension 120.
Finding vectors invariant under subsub.
The dimension is 6.
The index of subsub in covergp is 5.
Form try attempt 1. Number of images is 1.
Form try attempt 2. Number of images is 1.
Form try attempt 3. Number of images is 5.
The element [ 0, 0, 1, 0, 0, 0 ] works. It was number 3.
Computing Weierstrass p-function Fourier expansions.
Computing Fourier expansion 1.
Computing Fourier expansion 2.
Computing Fourier expansion 3.
Computing Fourier expansion 4.
Computing Fourier expansion 5.
Symmetrizing.
Done!
Call to ratfunc with m = 0.
Call to ratfuncrep with deg = 40.
Building last 41 rows of the matrix.
Using coefficients 0 to 81/5.
Time taken was 0.900.
Building the first 41 rows of the matrix.
Time taken was 0.750.
Solving the linear system of size 82x82.
Time taken was 0.320.
Null space has dimension 7.
Result has degree 34.
Call to ratfunc with m = 1.
Call to ratfuncrep with deg = 32.
Building last 33 rows of the matrix.
Using coefficients 0 to 13.
Time taken was 0.720.
Building the first 33 rows of the matrix.
Time taken was 0.350.
Solving the linear system of size 66x66.
Time taken was 0.120.
Null space has dimension 5.
Result has degree 28.
Call to ratfunc with m = 2.
Call to ratfuncrep with deg = 24.
Building last 25 rows of the matrix.
Using coefficients 0 to 49/5.
Time taken was 0.320.
Building the first 25 rows of the matrix.
Time taken was 0.120.
Solving the linear system of size 50x50.
Time taken was 0.050.
Null space has dimension 5.
Result has degree 20.
Call to ratfunc with m = 3.
Call to ratfuncrep with deg = 16.
Building last 17 rows of the matrix.
Using coefficients 0 to 33/5.
Time taken was 0.090.
Building the first 17 rows of the matrix.
Time taken was 0.030.
Solving the linear system of size 34x34.
Time taken was 0.010.
Null space has dimension 3.
Result has degree 14.
Call to ratfunc with m = 4.
Call to ratfuncrep with deg = 8.
Result has degree 0.
Curve equation is y^5 + (-3726000*x^14 + 13608000*x^13 + 120366000*x^12 - 
115668000*x^11 - 1448766000*x^10 - 3519936000*x^9 - 733212000*x^8 + 
29475576000*x^7 + 91962702000*x^6 + 156500424000*x^5 + 159120126000*x^4 + 
28117692000*x^3 - 70436466000*x^2 - 31644432000*x - 3569184000)/(x^14 - 30*x^12 
- 60*x^11 + 135*x^10 - 564*x^9 - 5140*x^8 - 7320*x^7 - 705*x^6 - 47720*x^5 - 
189726*x^4 - 261420*x^3 - 232615*x^2 - 108900*x - 32400)*y^3 + (1807920000*x^20 
- 1458000000*x^19 - 60652800000*x^18 - 54237600000*x^17 + 533919600000*x^16 + 
1968999840000*x^15 + 2837268000000*x^14 - 9104335200000*x^13 - 
42821168400000*x^12 - 68256561600000*x^11 - 47321781120000*x^10 + 
89839044000000*x^9 + 24088784400000*x^8 - 705415975200000*x^7 - 
1801889128800000*x^6 - 2709006107040000*x^5 - 1537551396000000*x^4 + 
738683744400000*x^3 + 753969124800000*x^2 + 186563347200000*x + 
14814213120000)/(x^20 + 2*x^19 - 31*x^18 - 112*x^17 + 136*x^16 - 404*x^15 - 
9568*x^14 - 23516*x^13 - 7982*x^12 - 127504*x^11 - 844166*x^10 - 1650092*x^9 - 
1755344*x^8 - 6551788*x^7 - 22746136*x^6 - 41034260*x^5 - 48843835*x^4 - 
38216050*x^3 - 21039075*x^2 - 7168500*x - 1458000)*y^2 + (2582409600000*x^28 - 
28091577600000*x^27 - 121567456800000*x^26 + 1361507227200000*x^25 + 
4896736740000000*x^24 - 20613979656000000*x^23 - 133558891524000000*x^22 - 
125962486992000000*x^21 + 1351034611488000000*x^20 + 6507990269280000000*x^19 + 
8282181404664000000*x^18 - 32884154948304000000*x^17 - 
188682366964392000000*x^16 - 427654763026992000000*x^15 - 
214735257946440000000*x^14 + 1853598319180992000000*x^13 + 
7553813281708608000000*x^12 + 17063363002984704000000*x^11 + 
26430383340417564000000*x^10 + 28707976021383720000000*x^9 + 
20040905163298788000000*x^8 + 5002819153395192000000*x^7 - 
5280293425158324000000*x^6 - 5723247705012144000000*x^5 - 
2415734180123760000000*x^4 - 513392911676467200000*x^3 - 
50245233613516800000*x^2 - 859974141542400000*x + 127559444889600000)/(x^28 - 
60*x^26 - 120*x^25 + 1170*x^24 + 2472*x^23 - 14780*x^22 + 3000*x^21 + 
392895*x^20 + 808280*x^19 - 528456*x^18 + 6246480*x^17 + 51130940*x^16 + 
101394960*x^15 + 108694440*x^14 + 678758128*x^13 + 2896588815*x^12 + 
5769146160*x^11 + 8877274260*x^10 + 23037574440*x^9 + 63201235026*x^8 + 
122025002440*x^7 + 167045743380*x^6 + 166035005400*x^5 + 123341259025*x^4 + 
67603563000*x^3 + 26932662000*x^2 + 7056720000*x + 1049760000)*y + 
(-1664142537600000*x^34 + 16274093356800000*x^33 + 95833598169600000*x^32 - 
884916061228800000*x^31 - 3938448690345600000*x^30 + 15760658806099200000*x^29 +
112601366297654400000*x^28 + 70451083377676800000*x^27 - 
1464048147258950400000*x^26 - 6249677329840204800000*x^25 - 
3386379776280336000000*x^24 + 59710377069826848000000*x^23 + 
249232883601754656000000*x^22 + 346564273085514432000000*x^21 - 
893821158509070816000000*x^20 - 5945913983357691264000000*x^19 - 
14905495379828760048000000*x^18 - 14736573609232215456000000*x^17 + 
34957434628932411168000000*x^16 + 197734663245987074016000000*x^15 + 
511415384152958786736000000*x^14 + 908884519513048577952000000*x^13 + 
1184357583261905616144000000*x^12 + 1113234705886032917568000000*x^11 + 
672934556477903394816000000*x^10 + 119807649593524278259200000*x^9 - 
200589011564266677225600000*x^8 - 201378317177343470803200000*x^7 - 
90426487175720954150400000*x^6 - 22787084942296758604800000*x^5 - 
3223147810155760742400000*x^4 - 222717580050906316800000*x^3 - 
4404661589842329600000*x^2 - 143970642277171200000*x - 
34981762852454400000)/(x^34 + 2*x^33 - 61*x^32 - 232*x^31 + 1081*x^30 + 
4522*x^29 - 17381*x^28 - 34792*x^27 + 528821*x^26 + 1774282*x^25 - 400081*x^24 +
6874088*x^23 + 105916941*x^22 + 294373842*x^21 + 336495639*x^20 + 
1771609928*x^19 + 10022958931*x^18 + 24840319942*x^17 + 42238776329*x^16 + 
132134060968*x^15 + 462546179851*x^14 + 1054705725502*x^13 + 1874213794289*x^12 
+ 3861151419368*x^11 + 9027985485831*x^10 + 18049669546350*x^9 + 
27954046966725*x^8 + 33273561191000*x^7 + 30892622443375*x^6 + 
22467891703750*x^5 + 12788882308125*x^4 + 5578006275000*x^3 + 1801468350000*x^2 
+ 391035600000*x + 47239200000).
Finding maximal order finite in function field extension. This may take a while.
ring_ext_maximal_order_flags: called with algo_flag: 0
no algorithm selected
nothing about algebra-splitting selected
nothing about reduced-discriminant selected
nothing about dedekind-test selected
ring_ext_maximal_order: checking control-devices
ring_ext_maximal_order_flags: calling ring_ext_maximal_order_flags_sub
ring_ext_maximal_order_flags_sub: called with algo_flag: 40
no algorithm selected
no algebra-splitting selected
no reduced-discriminant selected
nothing about dedekind-test selected
Factorization of discriminant: 
t + 3^20
t^2 - 4*t - 16^10
t^2 - 4*t - 1^20
t^2 + t - 1^4
t^2 + t + 4^20
t^8 - 61*t^7 + 1117*t^6 - 5678*t^5 - 6405*t^4 + 42633*t^3 + 161407*t^2 + 
    195066*t + 30916^2
t^8 + 2423/7*t^7 - 48331/7*t^6 + 240654/7*t^5 + 241540/7*t^4 - 2317444/7*t^3 - 
    3534726/7*t^2 - 896488/7*t - 8984^2
factors with (possibly) not maximal overorder:
t + 3^20
t^2 - 4*t - 16^10
t^2 - 4*t - 1^20
t^2 + t - 1^4
t^2 + t + 4^20
t^8 - 61*t^7 + 1117*t^6 - 5678*t^5 - 6405*t^4 + 42633*t^3 + 161407*t^2 + 
    195066*t + 30916^2
t^8 + 2423/7*t^7 - 48331/7*t^6 + 240654/7*t^5 + 241540/7*t^4 - 2317444/7*t^3 - 
    3534726/7*t^2 - 896488/7*t - 8984^2
-----------------------
ring_ext_rnd2_max_p_sub called:
prime: t + 3, prime_bound: 20, algo_flag: 40
-----------------------
no algorithm selected
no algebra-splitting selected
nothing about dedekind-test selected
nothing about pauli selected
---------------------------
ring_ext_rnd2_max_p_sub_sub called:
prime: t + 3, prime_bound: 20, algo_flag: 169
---------------------------
round2 selected
no algebra-splitting selected
no dedekind-test selected
nothing about pauli selected
No split performed ...
(due to user advice or impossible) ... 
standard algorithm.
----------------------------
ring_ext_rnd2_max_p_rnd2 called:
prime: t + 3, prime_bound: 20, algo_flag: 169
----------------------------
no dedekind-test selected
transformation for t + 3...
index of order: t^10 + 30*t^9 + 405*t^8 + 3240*t^7 + 17010*t^6 + 61236*t^5 + 
    153090*t^4 + 262440*t^3 + 295245*t^2 + 196830*t + 59049
-----------------------
ring_ext_rnd2_max_p_sub called:
prime: t^2 - 4*t - 16, prime_bound: 10, algo_flag: 40
-----------------------
no algorithm selected
no algebra-splitting selected
nothing about dedekind-test selected
nothing about pauli selected
---------------------------
ring_ext_rnd2_max_p_sub_sub called:
prime: t^2 - 4*t - 16, prime_bound: 10, algo_flag: 169
---------------------------
round2 selected
no algebra-splitting selected
no dedekind-test selected
nothing about pauli selected
No split performed ...
(due to user advice or impossible) ... 
standard algorithm.
----------------------------
ring_ext_rnd2_max_p_rnd2 called:
prime: t^2 - 4*t - 16, prime_bound: 10, algo_flag: 169
----------------------------
no dedekind-test selected
transformation for t^2 - 4*t - 16...
index of order: t^8 - 16*t^7 + 32*t^6 + 512*t^5 - 1280*t^4 - 8192*t^3 + 8192*t^2
    + 65536*t + 65536
-----------------------
ring_ext_rnd2_max_p_sub called:
prime: t^2 - 4*t - 1, prime_bound: 20, algo_flag: 40
-----------------------
no algorithm selected
no algebra-splitting selected
nothing about dedekind-test selected
nothing about pauli selected
---------------------------
ring_ext_rnd2_max_p_sub_sub called:
prime: t^2 - 4*t - 1, prime_bound: 20, algo_flag: 169
---------------------------
round2 selected
no algebra-splitting selected
no dedekind-test selected
nothing about pauli selected
No split performed ...
(due to user advice or impossible) ... 
standard algorithm.
----------------------------
ring_ext_rnd2_max_p_rnd2 called:
prime: t^2 - 4*t - 1, prime_bound: 20, algo_flag: 169
----------------------------
no dedekind-test selected
transformation for t^2 - 4*t - 1...
index of order: t^20 - 40*t^19 + 710*t^18 - 7320*t^17 + 48045*t^16 - 205728*t^15
    + 557640*t^14 - 833760*t^13 + 274770*t^12 + 960080*t^11 - 713756*t^10 - 
    960080*t^9 + 274770*t^8 + 833760*t^7 + 557640*t^6 + 205728*t^5 + 48045*t^4 +
    7320*t^3 + 710*t^2 + 40*t + 1
-----------------------
ring_ext_rnd2_max_p_sub called:
prime: t^2 + t - 1, prime_bound: 4, algo_flag: 40
-----------------------
no algorithm selected
no algebra-splitting selected
nothing about dedekind-test selected
nothing about pauli selected
---------------------------
ring_ext_rnd2_max_p_sub_sub called:
prime: t^2 + t - 1, prime_bound: 4, algo_flag: 169
---------------------------
round2 selected
no algebra-splitting selected
no dedekind-test selected
nothing about pauli selected
No split performed ...
(due to user advice or impossible) ... 
standard algorithm.
----------------------------
ring_ext_rnd2_max_p_rnd2 called:
prime: t^2 + t - 1, prime_bound: 4, algo_flag: 169
----------------------------
no dedekind-test selected
Order is already t^2 + t - 1-maximal.
-----------------------
ring_ext_rnd2_max_p_sub called:
prime: t^2 + t + 4, prime_bound: 20, algo_flag: 40
-----------------------
no algorithm selected
no algebra-splitting selected
nothing about dedekind-test selected
nothing about pauli selected
---------------------------
ring_ext_rnd2_max_p_sub_sub called:
prime: t^2 + t + 4, prime_bound: 20, algo_flag: 169
---------------------------
round2 selected
no algebra-splitting selected
no dedekind-test selected
nothing about pauli selected
No split performed ...
(due to user advice or impossible) ... 
standard algorithm.
----------------------------
ring_ext_rnd2_max_p_rnd2 called:
prime: t^2 + t + 4, prime_bound: 20, algo_flag: 169
----------------------------
no dedekind-test selected
transformation for t^2 + t + 4...
index of order: t^20 + 10*t^19 + 85*t^18 + 480*t^17 + 2370*t^16 + 9372*t^15 + 
    33090*t^14 + 99240*t^13 + 268845*t^12 + 633130*t^11 + 1353769*t^10 + 
    2532520*t^9 + 4301520*t^8 + 6351360*t^7 + 8471040*t^6 + 9596928*t^5 + 
    9707520*t^4 + 7864320*t^3 + 5570560*t^2 + 2621440*t + 1048576
-----------------------
ring_ext_rnd2_max_p_sub called:
prime: t^8 - 61*t^7 + 1117*t^6 - 5678*t^5 - 6405*t^4 + 42633*t^3 + 161407*t^2 + 
    195066*t + 30916, prime_bound: 2, algo_flag: 40
-----------------------
no algorithm selected
no algebra-splitting selected
nothing about dedekind-test selected
nothing about pauli selected
---------------------------
ring_ext_rnd2_max_p_sub_sub called:
prime: t^8 - 61*t^7 + 1117*t^6 - 5678*t^5 - 6405*t^4 + 42633*t^3 + 161407*t^2 + 
    195066*t + 30916, prime_bound: 2, algo_flag: 169
---------------------------
round2 selected
no algebra-splitting selected
no dedekind-test selected
nothing about pauli selected
No split performed ...
(due to user advice or impossible) ... 
standard algorithm.
----------------------------
ring_ext_rnd2_max_p_rnd2 called:
prime: t^8 - 61*t^7 + 1117*t^6 - 5678*t^5 - 6405*t^4 + 42633*t^3 + 161407*t^2 + 
    195066*t + 30916, prime_bound: 2, algo_flag: 169
----------------------------
no dedekind-test selected
transformation for t^8 - 61*t^7 + 1117*t^6 - 5678*t^5 - 6405*t^4 + 42633*t^3 + 
    161407*t^2 + 195066*t + 30916...
index of order: t^8 - 61*t^7 + 1117*t^6 - 5678*t^5 - 6405*t^4 + 42633*t^3 + 
    161407*t^2 + 195066*t + 30916
-----------------------
ring_ext_rnd2_max_p_sub called:
prime: t^8 + 2423/7*t^7 - 48331/7*t^6 + 240654/7*t^5 + 241540/7*t^4 - 
    2317444/7*t^3 - 3534726/7*t^2 - 896488/7*t - 8984, prime_bound: 2, 
algo_flag: 40
-----------------------
no algorithm selected
no algebra-splitting selected
nothing about dedekind-test selected
nothing about pauli selected
---------------------------
ring_ext_rnd2_max_p_sub_sub called:
prime: t^8 + 2423/7*t^7 - 48331/7*t^6 + 240654/7*t^5 + 241540/7*t^4 - 
    2317444/7*t^3 - 3534726/7*t^2 - 896488/7*t - 8984, prime_bound: 2, 
algo_flag: 169
---------------------------
round2 selected
no algebra-splitting selected
no dedekind-test selected
nothing about pauli selected
No split performed ...
(due to user advice or impossible) ... 
standard algorithm.
----------------------------
ring_ext_rnd2_max_p_rnd2 called:
prime: t^8 + 2423/7*t^7 - 48331/7*t^6 + 240654/7*t^5 + 241540/7*t^4 - 
    2317444/7*t^3 - 3534726/7*t^2 - 896488/7*t - 8984, prime_bound: 2, 
algo_flag: 169
----------------------------
no dedekind-test selected
transformation for t^8 + 2423/7*t^7 - 48331/7*t^6 + 240654/7*t^5 + 241540/7*t^4 
    - 2317444/7*t^3 - 3534726/7*t^2 - 896488/7*t - 8984...
index of order: t^8 + 2423/7*t^7 - 48331/7*t^6 + 240654/7*t^5 + 241540/7*t^4 - 
    2317444/7*t^3 - 3534726/7*t^2 - 896488/7*t - 8984
Time taken was 0.270.
Iteration 1.
mlist = [ 40, 43, 44, 47, 46 ].
Updating...
Done.
Iteration 2.
mlist = [ 40, 43, 44, 46, 46 ].
Updating...
Done.
Iteration 3.
mlist = [ 40, 43, 44, 46, 45 ].
Updating...
Done.
Iteration 4.
mlist = [ 40, 43, 44, 45, 45 ].
Updating...
Done.
Iteration 5.
mlist = [ 40, 43, 44, 45, 44 ].
Updating...
Done.
Iteration 6.
mlist = [ 40, 43, 44, 44, 44 ].
Updating...
Done.
Iteration 7.
mlist = [ 40, 43, 44, 44, 43 ].
Updating...
Done.
Iteration 8.
mlist = [ 40, 43, 44, 43, 43 ].
Updating...
Done.
Iteration 9.
mlist = [ 40, 43, 43, 43, 43 ].
Updating...
Done.
Iteration 10.
mlist = [ 40, 43, 43, 43, 42 ].
Updating...
Done.
Iteration 11.
mlist = [ 40, 43, 43, 42, 42 ].
Updating...
Done.
Iteration 12.
mlist = [ 40, 43, 42, 42, 42 ].
Updating...
Done.
Iteration 13.
mlist = [ 40, 42, 42, 42, 42 ].
Updating...
Done.
Iteration 14.
mlist = [ 40, 42, 42, 42, 41 ].
Updating...
Done.
Iteration 15.
mlist = [ 40, 42, 42, 41, 41 ].
Working with basis of size 9.
Simplest element defining the field has index 4.
Using tvals = [ -2, -1, 0, 1, 2, 3, 4 ].
Computing specialization 1 of 7.
Computing LLLed maximal order.
Computing specialization 2 of 7.
Computing LLLed maximal order.
Computing specialization 3 of 7.
Computing LLLed maximal order.
Computing specialization 4 of 7.
Computing LLLed maximal order.
Computing specialization 5 of 7.
Computing LLLed maximal order.
Computing specialization 6 of 7.
Computing LLLed maximal order.
Computing specialization 7 of 7.
Computing LLLed maximal order.
Clearing denominators.
Saturating.
LLLing. (Just for fun. It's not real yet.)
Changing coordinates.
Changing coordinates.
Minimal size model has 156 characters. Index is 5.
Simplified equation is y^5 + (-25*x^2 - 25*x + 25)*y^3 + (-50*x^3 - 200*x^2 - 
100*x + 150)*y^2 + (-375*x^3 - 875*x^2 - 125*x + 500)*y + 25*x^5 - 1500*x^3 - 
3625*x^2 - 750*x + 2200.
In this equation, Q(x) is the function field of the modular curve with label 
5.15.0.1.
And Q(x,y) is the function field of the modular curve with label 25.75.2.1.

Total time: 146.939 seconds, Total memory usage: 241.03MB
