The degree of that covering map is 5.
Setting subsub to be subgroup 1 of index 1.
The space of Eisenstein series has dimension 299.
Computing action of generators of subsub intersect SL_2 on Eisenstein series for
Gamma(25).
Finding vectors invariant under subsub intersect SL_2.
The dimension of the space of Eisenstein series for subsub intersect SL_2 is 5.
Computing the action of the generators of subsub on the Q-vector space of 
dimension 100.
Finding vectors invariant under subsub.
The dimension is 5.
The index of subsub in covergp is 5.
Form try attempt 1. Number of images is 5.
The element [ 1, 0, 0, 0, 0 ] works. It was number 1.
Computing Weierstrass p-function Fourier expansions.
Computing Fourier expansion 1.
Computing Fourier expansion 2.
Computing Fourier expansion 3.
Computing Fourier expansion 4.
Computing Fourier expansion 5.
Symmetrizing.
Done!
Call to ratfunc with m = 0.
Call to ratfuncrep with deg = 15.
Building last 16 rows of the matrix.
Using coefficients -3 to 16/5.
Time taken was 0.020.
Building the first 16 rows of the matrix.
Time taken was 0.010.
Solving the linear system of size 32x32.
Time taken was 0.020.
Null space has dimension 2.
Result has degree 14.
Call to ratfunc with m = 1.
Call to ratfuncrep with deg = 12.
Building last 13 rows of the matrix.
Using coefficients -12/5 to 13/5.
Time taken was 0.010.
Building the first 13 rows of the matrix.
Time taken was 0.000.
Solving the linear system of size 26x26.
Time taken was 0.010.
Null space has dimension 1.
Result has degree 12.
Call to ratfunc with m = 2.
Call to ratfuncrep with deg = 9.
Building last 10 rows of the matrix.
Using coefficients -9/5 to 2.
Time taken was 0.010.
Building the first 10 rows of the matrix.
Time taken was 0.000.
Solving the linear system of size 20x20.
Time taken was 0.000.
Null space has dimension 2.
Result has degree 8.
Call to ratfunc with m = 3.
Call to ratfuncrep with deg = 6.
Building last 7 rows of the matrix.
Using coefficients -6/5 to 7/5.
Time taken was 0.000.
Building the first 7 rows of the matrix.
Time taken was 0.010.
Solving the linear system of size 14x14.
Time taken was 0.000.
Null space has dimension 1.
Result has degree 6.
Call to ratfunc with m = 4.
Call to ratfuncrep with deg = 3.
Building last 4 rows of the matrix.
Using coefficients -3/5 to 4/5.
Time taken was 0.000.
Building the first 4 rows of the matrix.
Time taken was 0.000.
Solving the linear system of size 8x8.
Time taken was 0.000.
Null space has dimension 2.
Result has degree 2.
Curve equation is y^5 + (150*x^2 - 3000)/(x^2 - 6*x + 4)*y^4 + (9000*x^6 - 
15120*x^5 - 1004400*x^4 + 604800*x^3 + 29376000*x^2 - 6048000*x - 
257760000)/(x^6 - 60*x^4 + 1200*x^2 - 1728*x + 640)*y^3 + (270000*x^8 - 
4808160*x^7 + 5680800*x^6 + 288489600*x^5 - 988848000*x^4 - 5769792000*x^3 + 
24096960000*x^2 + 38465280000*x - 175046400000)/(x^8 - 6*x^7 - 56*x^6 + 360*x^5 
+ 960*x^4 - 8928*x^3 + 15808*x^2 - 10752*x + 2560)*y^2 + (4050000*x^12 - 
78459840*x^11 - 3965760*x^10 + 8303212800*x^9 - 29068243200*x^8 - 
350417664000*x^7 + 1693322496000*x^6 + 7374136320000*x^5 - 41238305280000*x^4 - 
77399193600000*x^3 + 473141606400000*x^2 + 324228096000000*x - 
2109680640000000)/(x^12 - 120*x^10 + 6000*x^8 - 3456*x^7 - 142720*x^6 + 
207360*x^5 + 1363200*x^4 - 4147200*x^3 + 4521984*x^2 - 2211840*x + 409600)*y + 
(24300000*x^14 - 707025024*x^13 + 5675671296*x^12 + 27388938240*x^11 - 
622726963200*x^10 + 1503256320000*x^9 + 21414668544000*x^8 - 116692254720000*x^7
- 266453038080000*x^6 + 2899465113600000*x^5 - 844436275200000*x^4 - 
32388371251200000*x^3 + 46573984972800000*x^2 + 138603405312000000*x - 
290048532480000000)/(x^14 - 6*x^13 - 116*x^12 + 720*x^11 + 5520*x^10 - 39456*x^9
- 97984*x^8 + 1049856*x^7 - 451840*x^6 - 11496960*x^5 + 34857984*x^4 - 
45932544*x^3 + 31768576*x^2 - 11304960*x + 1638400).
Finding maximal order finite in function field extension. This may take a while.
ring_ext_maximal_order_flags: called with algo_flag: 0
no algorithm selected
nothing about algebra-splitting selected
nothing about reduced-discriminant selected
nothing about dedekind-test selected
ring_ext_maximal_order: checking control-devices
ring_ext_maximal_order_flags: calling ring_ext_maximal_order_flags_sub
ring_ext_maximal_order_flags_sub: called with algo_flag: 40
no algorithm selected
no algebra-splitting selected
no reduced-discriminant selected
nothing about dedekind-test selected
Factorization of discriminant: 
t - 5^12
t^2 - 510*t - 13100^2
t^2 - 20^20
t^2 + 12*t + 40^10
factors with (possibly) not maximal overorder:
t - 5^12
t^2 - 510*t - 13100^2
t^2 - 20^20
t^2 + 12*t + 40^10
-----------------------
ring_ext_rnd2_max_p_sub called:
prime: t - 5, prime_bound: 12, algo_flag: 40
-----------------------
no algorithm selected
no algebra-splitting selected
nothing about dedekind-test selected
nothing about pauli selected
---------------------------
ring_ext_rnd2_max_p_sub_sub called:
prime: t - 5, prime_bound: 12, algo_flag: 169
---------------------------
round2 selected
no algebra-splitting selected
no dedekind-test selected
nothing about pauli selected
No split performed ...
(due to user advice or impossible) ... 
standard algorithm.
----------------------------
ring_ext_rnd2_max_p_rnd2 called:
prime: t - 5, prime_bound: 12, algo_flag: 169
----------------------------
no dedekind-test selected
transformation for t - 5...
index of order: t^6 - 30*t^5 + 375*t^4 - 2500*t^3 + 9375*t^2 - 18750*t + 15625
-----------------------
ring_ext_rnd2_max_p_sub called:
prime: t^2 - 510*t - 13100, prime_bound: 2, algo_flag: 40
-----------------------
no algorithm selected
no algebra-splitting selected
nothing about dedekind-test selected
nothing about pauli selected
---------------------------
ring_ext_rnd2_max_p_sub_sub called:
prime: t^2 - 510*t - 13100, prime_bound: 2, algo_flag: 169
---------------------------
round2 selected
no algebra-splitting selected
no dedekind-test selected
nothing about pauli selected
No split performed ...
(due to user advice or impossible) ... 
standard algorithm.
----------------------------
ring_ext_rnd2_max_p_rnd2 called:
prime: t^2 - 510*t - 13100, prime_bound: 2, algo_flag: 169
----------------------------
no dedekind-test selected
transformation for t^2 - 510*t - 13100...
index of order: t^2 - 510*t - 13100
-----------------------
ring_ext_rnd2_max_p_sub called:
prime: t^2 - 20, prime_bound: 20, algo_flag: 40
-----------------------
no algorithm selected
no algebra-splitting selected
nothing about dedekind-test selected
nothing about pauli selected
---------------------------
ring_ext_rnd2_max_p_sub_sub called:
prime: t^2 - 20, prime_bound: 20, algo_flag: 169
---------------------------
round2 selected
no algebra-splitting selected
no dedekind-test selected
nothing about pauli selected
No split performed ...
(due to user advice or impossible) ... 
standard algorithm.
----------------------------
ring_ext_rnd2_max_p_rnd2 called:
prime: t^2 - 20, prime_bound: 20, algo_flag: 169
----------------------------
no dedekind-test selected
transformation for t^2 - 20...
index of order: t^20 - 200*t^18 + 18000*t^16 - 960000*t^14 + 33600000*t^12 - 
    806400000*t^10 + 13440000000*t^8 - 153600000000*t^6 + 1152000000000*t^4 - 
    5120000000000*t^2 + 10240000000000
-----------------------
ring_ext_rnd2_max_p_sub called:
prime: t^2 + 12*t + 40, prime_bound: 10, algo_flag: 40
-----------------------
no algorithm selected
no algebra-splitting selected
nothing about dedekind-test selected
nothing about pauli selected
---------------------------
ring_ext_rnd2_max_p_sub_sub called:
prime: t^2 + 12*t + 40, prime_bound: 10, algo_flag: 169
---------------------------
round2 selected
no algebra-splitting selected
no dedekind-test selected
nothing about pauli selected
No split performed ...
(due to user advice or impossible) ... 
standard algorithm.
----------------------------
ring_ext_rnd2_max_p_rnd2 called:
prime: t^2 + 12*t + 40, prime_bound: 10, algo_flag: 169
----------------------------
no dedekind-test selected
transformation for t^2 + 12*t + 40...
index of order: t^8 + 48*t^7 + 1024*t^6 + 12672*t^5 + 99456*t^4 + 506880*t^3 + 
    1638400*t^2 + 3072000*t + 2560000
Time taken was 0.140.
Iteration 1.
mlist = [ 17, 19, 18, 19, 18 ].
Updating...
Done.
Iteration 2.
mlist = [ 17, 19, 18, 18, 18 ].
Updating...
Done.
Iteration 3.
mlist = [ 17, 18, 18, 18, 18 ].
Working with basis of size 6.
Simplest element defining the field has index 3.
Using tvals = [ -2, -1, 0, 1, 2, 3, 4 ].
Computing specialization 1 of 7.
Computing LLLed maximal order.
Computing specialization 2 of 7.
Computing LLLed maximal order.
Computing specialization 3 of 7.
Computing LLLed maximal order.
Computing specialization 4 of 7.
Computing LLLed maximal order.
Computing specialization 5 of 7.
Computing LLLed maximal order.
Computing specialization 6 of 7.
Computing LLLed maximal order.
Computing specialization 7 of 7.
Computing LLLed maximal order.
Clearing denominators.
Saturating.
LLLing. (Just for fun. It's not real yet.)
Changing coordinates.
Changing coordinates.
Minimal size model has 25 characters. Index is 2.
Simplified equation is y^5 + 5*y^3 + 5*y + x + 6.
In this equation, Q(x) is the function field of the modular curve with label 
5.6.0.1.
And Q(x,y) is the function field of the modular curve with label 25.30.0.1.
Initial covering map is -x^5 - 5*x^3 - 5*x - 6.
Call to supersimplify.
Entering simplification iteration. Current size = 22.
Size after scaling = 22.
Translation check done. New size = 22.
Doing up to 5 rounds of substitutions.
After round 1 size = 21.
Doing two more random checks.
Final size is 21.
Entering simplification iteration. Current size = 21.
Size after scaling = 21.
Translation check done. New size = 21.
Doing up to 5 rounds of substitutions.
Doing two more random checks.
Final size is 21.
The final model is y = x^5 + 5*x^3 + 5*x - 6.
Here Q(y) is the function field of 25.30.0.1, and Q(x) is the
function field of 5.6.0.1.
Fourier expansion of hauptmodul written to modfunc25.30.0.1.txt. Done with model
computation.

Total time: 78.239 seconds, Total memory usage: 182.66MB
