The degree of that covering map is 3.
Setting subsub to be subgroup 1 of index 1.
The space of Eisenstein series has dimension 323.
Computing action of generators of subsub intersect SL_2 on Eisenstein series for
Gamma(27).
Finding vectors invariant under subsub intersect SL_2.
The dimension of the space of Eisenstein series for subsub intersect SL_2 is 7.
Computing the action of the generators of subsub on the Q-vector space of 
dimension 126.
Finding vectors invariant under subsub.
The dimension is 7.
The index of subsub in covergp is 3.
Form try attempt 1. Number of images is 1.
Form try attempt 2. Number of images is 1.
Form try attempt 3. Number of images is 3.
The element [ 0, 0, 1, 0, 0, 0, 0 ] works. It was number 3.
Computing Weierstrass p-function Fourier expansions.
Computing Fourier expansion 1.
Computing Fourier expansion 2.
Computing Fourier expansion 3.
Symmetrizing.
Done!
Call to ratfunc with m = 0.
Call to ratfuncrep with deg = 18.
Building last 19 rows of the matrix.
Using coefficients -2 to 19/9.
Time taken was 0.020.
Building the first 19 rows of the matrix.
Time taken was 0.000.
Solving the linear system of size 38x38.
Time taken was 0.010.
Null space has dimension 1.
Result has degree 18.
Call to ratfunc with m = 1.
Call to ratfuncrep with deg = 12.
Result has degree 0.
Call to ratfunc with m = 2.
Call to ratfuncrep with deg = 6.
Result has degree 0.
Curve equation is y^3 + (-34012224*x^16 - 204073344*x^15 + 4285540224*x^13 + 
17448270912*x^12 - 191012649984*x^10 - 550998028800*x^9 + 3643933630464*x^7 + 
7581732876288*x^6 - 25389989167104*x^4 - 38084983750656*x^3)/(x^18 - 108*x^15 + 
4536*x^12 - 93312*x^9 + 979776*x^6 - 5038848*x^3 + 10077696).
Finding maximal order finite in function field extension. This may take a while.
ring_ext_maximal_order_flags: called with algo_flag: 0
no algorithm selected
nothing about algebra-splitting selected
nothing about reduced-discriminant selected
nothing about dedekind-test selected
ring_ext_maximal_order: checking control-devices
ring_ext_maximal_order_flags: calling ring_ext_maximal_order_flags_sub
ring_ext_maximal_order_flags_sub: called with algo_flag: 40
no algorithm selected
no algebra-splitting selected
no reduced-discriminant selected
nothing about dedekind-test selected
Factorization of discriminant: 
t - 3^2
t^6
t + 3^6
t^3 - 24^6
factors with (possibly) not maximal overorder:
t - 3^2
t^6
t + 3^6
t^3 - 24^6
Time taken was 0.060.
Iteration 1.
mlist = [ 8, 9, 9 ].
Working with basis of size 4.
Simplest element defining the field has index 3.
Using tvals = [ -2, -1, 1, 5, 6, 7, 8 ].
Computing specialization 1 of 7.
Computing LLLed maximal order.
Computing specialization 2 of 7.
Computing LLLed maximal order.
Computing specialization 3 of 7.
Computing LLLed maximal order.
Computing specialization 4 of 7.
Computing LLLed maximal order.
Computing specialization 5 of 7.
Computing LLLed maximal order.
Computing specialization 6 of 7.
Computing LLLed maximal order.
Computing specialization 7 of 7.
Computing LLLed maximal order.
Clearing denominators.
Saturating.
LLLing. (Just for fun. It's not real yet.)
Changing coordinates.
Changing coordinates.
Minimal size model has 11 characters. Index is 2.
Simplified equation is y^3 - x + 3.
In this equation, Q(x) is the function field of the modular curve with label 
9.12.0.1.
And Q(x,y) is the function field of the modular curve with label 27.36.0.1.
Initial covering map is x^3 + 3.
Call to supersimplify.
Entering simplification iteration. Current size = 7.
Size after scaling = 7.
Translation check done. New size = 7.
Doing up to 5 rounds of substitutions.
Doing two more random checks.
Final size is 7.
The final model is y = x^3 + 3.
Here Q(y) is the function field of 27.36.0.1, and Q(x) is the
function field of 9.12.0.1.
Fourier expansion of hauptmodul written to modfunc27.36.0.1.txt. Done with model
computation.

Total time: 57.070 seconds, Total memory usage: 221.75MB
